        -:    0:Source:/Users/delficomerso/template-alumnos 2/test/corregirRegionTEST.cpp
        -:    0:Graph:/Users/delficomerso/template-alumnos 2/cmake-build-debug/CMakeFiles/tpi.dir/test/corregirRegionTEST.gcno
        -:    0:Data:/Users/delficomerso/template-alumnos 2/cmake-build-debug/CMakeFiles/tpi.dir/test/corregirRegionTEST.gcda
        -:    0:Runs:1
        -:    0:Programs:1
        -:    1:#include "../definiciones.h"
        -:    2:#include "../Funciones_TPI.h"
        -:    3:#include "../ejercicios.h"
        -:    4:#include "gtest/gtest.h"
        -:    5:#include <iostream>
        -:    6:#include <string>
        -:    7:#include "../auxiliares.h"
        -:    8:
        -:    9:using namespace std;
        -:   10:
function __cxx_global_var_init called 1 returned 100% blocks executed 53%
function _ZN37corregirRegionTEST_cuatroHogares_Test8TestBodyEv called 0 returned 0% blocks executed 0%
function _ZN37corregirRegionTEST_cuatroHogares_TestD1Ev called 0 returned 0% blocks executed 0%
function _ZN37corregirRegionTEST_cuatroHogares_TestD0Ev called 0 returned 0% blocks executed 0%
function _ZN37corregirRegionTEST_cuatroHogares_TestC1Ev called 0 returned 0% blocks executed 0%
function _ZN37corregirRegionTEST_cuatroHogares_TestC2Ev called 0 returned 0% blocks executed 0%
function _ZN37corregirRegionTEST_cuatroHogares_TestD2Ev called 0 returned 0% blocks executed 0%
        1:   11:TEST(corregirRegionTEST, cuatroHogares) {
        1:   11-block  0
        1:   11-block  1
branch  0 taken 1
branch  1 taken 0
        1:   11-block  2
branch  2 taken 1
branch  3 taken 0
        1:   11-block  3
branch  4 taken 1
branch  5 taken 0
        1:   11-block  4
branch  6 taken 1
branch  7 taken 0
        1:   11-block  5
branch  8 taken 1
branch  9 taken 0
        1:   11-block  6
    $$$$$:   11-block  7
    $$$$$:   11-block  8
    $$$$$:   11-block  9
    $$$$$:   11-block 10
    $$$$$:   11-block 11
    $$$$$:   11-block 12
    $$$$$:   11-block 13
    $$$$$:   11-block 14
    $$$$$:   11-block 15
    $$$$$:   11-block 16
    $$$$$:   11-block 17
    $$$$$:   11-block 18
    $$$$$:   11-block 19
    $$$$$:   11-block 20
        -:   12:
        -:   13://                                                    Región
        -:   14://                                                      v
    #####:   15:    eph_h th = {{22114, 2020,   3,  319611, 629088, 3,  1, 0,  1,  3,  1,  2},
    $$$$$:   15-block  0
branch  0 never executed
branch  1 never executed
    $$$$$:   15-block  1
branch  2 never executed
branch  3 never executed
    $$$$$:   15-block  2
    $$$$$:   15-block  3
branch  4 never executed
branch  5 never executed
    $$$$$:   15-block  4
branch  6 never executed
branch  7 never executed
    $$$$$:   15-block  5
branch  8 never executed
branch  9 never executed
    $$$$$:   15-block  6
    $$$$$:   15-block  7
    $$$$$:   15-block  8
branch 10 never executed
branch 11 never executed
    $$$$$:   15-block  9
    $$$$$:   15-block 10
    #####:   16:                {31117, 2020,   3,  332870, 642475, 3,  1, 0,  1,  6,  6,  2},
    $$$$$:   16-block  0
branch  0 never executed
branch  1 never executed
    #####:   17:                {22866, 2020,   3,  317157, 627217, 2,  42, 1,  1,  2,  2,  2},
    $$$$$:   17-block  0
branch  0 never executed
branch  1 never executed
    #####:   18:                {20957, 2020,   3,  313965, 623297, 1,  43, 0,  1,  3,  1,  2}};
    $$$$$:   18-block  0
branch  0 never executed
branch  1 never executed
        -:   19:
    #####:   20:    eph_i ti = {{20957, 2020,   1,  1,  3,  1,  88, 0,  0,  90000,  10},
    $$$$$:   20-block  0
branch  0 never executed
branch  1 never executed
    $$$$$:   20-block  1
branch  2 never executed
branch  3 never executed
    $$$$$:   20-block  2
    $$$$$:   20-block  3
branch  4 never executed
branch  5 never executed
    $$$$$:   20-block  4
branch  6 never executed
branch  7 never executed
    $$$$$:   20-block  5
branch  8 never executed
branch  9 never executed
    $$$$$:   20-block  6
    $$$$$:   20-block  7
    $$$$$:   20-block  8
branch 10 never executed
branch 11 never executed
    $$$$$:   20-block  9
    #####:   21:                {20957, 2020,   2,  1,  3,  2,  82, 0,  0,  25000,  10},
    $$$$$:   21-block  0
branch  0 never executed
branch  1 never executed
    #####:   22:                {31117, 2020,   1,  0,  3,  1,  58, 1,  3,  22000,  1},
    $$$$$:   22-block  0
branch  0 never executed
branch  1 never executed
    #####:   23:                {31117, 2020,   2,  0,  3,  2,  54, 1,  1,  -1,     1},
    $$$$$:   23-block  0
branch  0 never executed
branch  1 never executed
    #####:   24:                {31117, 2020,   3,  0,  3,  2,  46, 1,  3,  17000,  1},
    $$$$$:   24-block  0
branch  0 never executed
branch  1 never executed
    #####:   25:                {31117, 2020,   4,  0,  3,  1,  20, 1,  3,  5000,   1},
    $$$$$:   25-block  0
branch  0 never executed
branch  1 never executed
    #####:   26:                {31117, 2020,   5,  0,  3,  2,  15, 0,  0,  5000,   10},
    $$$$$:   26-block  0
branch  0 never executed
branch  1 never executed
    #####:   27:                {31117, 2020,   6,  0,  3,  1,  7,  0,  0,  0,      10},
    $$$$$:   27-block  0
branch  0 never executed
branch  1 never executed
    #####:   28:                {31117, 2020,   8,  0,  3,  2,  11, 0,  0,  0,      10},
    $$$$$:   28-block  0
branch  0 never executed
branch  1 never executed
    #####:   29:                {31117, 2020,   9,  0,  3,  1,  50, 0,  2,  0,      10},
    $$$$$:   29-block  0
branch  0 never executed
branch  1 never executed
    #####:   30:                {31117, 2020,   10, 0,  3,  1,  28, 1,  3,  5000,   1},
    $$$$$:   30-block  0
branch  0 never executed
branch  1 never executed
    #####:   31:                {22866, 2020,   1,  0,  3,  1,  31, 1,  3,  59000,  10},
    $$$$$:   31-block  0
branch  0 never executed
branch  1 never executed
    #####:   32:                {22866, 2020,   2,  1,  3,  2,  28, 1,  3,  0,      6},
    $$$$$:   32-block  0
branch  0 never executed
branch  1 never executed
    #####:   33:                {22114, 2020,   1,  0,  3,  1,  18, 0,  0,  20000,  10}};
    $$$$$:   33-block  0
branch  0 never executed
branch  1 never executed
        -:   34:
        -:   35://                                                            Región
        -:   36://                                                             v
    #####:   37:    eph_h esperado = {{22114, 2020,   3,  319611, 629088, 3,  43, 0,  1,  3,  1,  2},
    $$$$$:   37-block  0
branch  0 never executed
branch  1 never executed
    $$$$$:   37-block  1
branch  2 never executed
branch  3 never executed
    $$$$$:   37-block  2
    $$$$$:   37-block  3
branch  4 never executed
branch  5 never executed
    $$$$$:   37-block  4
branch  6 never executed
branch  7 never executed
    $$$$$:   37-block  5
branch  8 never executed
branch  9 never executed
    $$$$$:   37-block  6
    $$$$$:   37-block  7
    $$$$$:   37-block  8
branch 10 never executed
branch 11 never executed
    $$$$$:   37-block  9
    #####:   38:                      {22866, 2020,   3,  317157, 627217, 2,  42, 1,  1,  2,  2,  2},
    $$$$$:   38-block  0
branch  0 never executed
branch  1 never executed
    #####:   39:                      {31117, 2020,   3,  332870, 642475, 3,  43, 0,  1,  6,  6,  2},
    $$$$$:   39-block  0
branch  0 never executed
branch  1 never executed
    #####:   40:                      {20957, 2020,   3,  313965, 623297, 1,  43, 0,  1,  3,  1,  2}};
    $$$$$:   40-block  0
branch  0 never executed
branch  1 never executed
        -:   41:
    #####:   42:    ASSERT_TRUE(esEncuestaValida(th,ti));
    $$$$$:   42-block  0
branch  0 never executed
branch  1 never executed
    $$$$$:   42-block  1
branch  2 never executed
branch  3 never executed
    $$$$$:   42-block  2
branch  4 never executed
branch  5 never executed
    $$$$$:   42-block  3
branch  6 never executed
branch  7 never executed
    $$$$$:   42-block  4
branch  8 never executed
branch  9 never executed
    $$$$$:   42-block  5
branch 10 never executed
branch 11 never executed
    $$$$$:   42-block  6
    $$$$$:   42-block  7
    $$$$$:   42-block  8
    $$$$$:   42-block  9
branch 12 never executed
branch 13 never executed
    $$$$$:   42-block 10
branch 14 never executed
branch 15 never executed
    $$$$$:   42-block 11
branch 16 never executed
branch 17 never executed
    $$$$$:   42-block 12
branch 18 never executed
branch 19 never executed
    $$$$$:   42-block 13
    $$$$$:   42-block 14
    $$$$$:   42-block 15
    $$$$$:   42-block 16
    $$$$$:   42-block 17
    $$$$$:   42-block 18
branch 20 never executed
branch 21 never executed
    $$$$$:   42-block 19
    #####:   43:    ASSERT_TRUE(esEncuestaValida(esperado,ti));
    $$$$$:   43-block  0
branch  0 never executed
branch  1 never executed
    $$$$$:   43-block  1
branch  2 never executed
branch  3 never executed
    $$$$$:   43-block  2
branch  4 never executed
branch  5 never executed
    $$$$$:   43-block  3
branch  6 never executed
branch  7 never executed
    $$$$$:   43-block  4
branch  8 never executed
branch  9 never executed
    $$$$$:   43-block  5
branch 10 never executed
branch 11 never executed
    $$$$$:   43-block  6
    $$$$$:   43-block  7
    $$$$$:   43-block  8
    $$$$$:   43-block  9
branch 12 never executed
branch 13 never executed
    $$$$$:   43-block 10
branch 14 never executed
branch 15 never executed
    $$$$$:   43-block 11
branch 16 never executed
branch 17 never executed
    $$$$$:   43-block 12
branch 18 never executed
branch 19 never executed
    $$$$$:   43-block 13
    $$$$$:   43-block 14
    $$$$$:   43-block 15
    $$$$$:   43-block 16
    $$$$$:   43-block 17
    $$$$$:   43-block 18
branch 20 never executed
branch 21 never executed
    $$$$$:   43-block 19
        -:   44:
    #####:   45:    corregirRegion(th, ti);
    $$$$$:   45-block  0
branch  0 never executed
branch  1 never executed
    $$$$$:   45-block  1
branch  2 never executed
branch  3 never executed
    $$$$$:   45-block  2
        -:   46:
        -:   47:    // uso del sort para independizar las salidas del orden
    #####:   48:    sort(th.begin(), th.end());
    $$$$$:   48-block  0
branch  0 never executed
branch  1 never executed
    #####:   49:    sort(esperado.begin(), esperado.end());
    $$$$$:   49-block  0
branch  0 never executed
branch  1 never executed
        -:   50:
    #####:   51:    EXPECT_EQ( th, esperado );
    $$$$$:   51-block  0
branch  0 never executed
branch  1 never executed
    $$$$$:   51-block  1
branch  2 never executed
branch  3 never executed
    $$$$$:   51-block  2
branch  4 never executed
branch  5 never executed
    $$$$$:   51-block  3
    $$$$$:   51-block  4
branch  6 never executed
branch  7 never executed
    $$$$$:   51-block  5
branch  8 never executed
branch  9 never executed
    $$$$$:   51-block  6
branch 10 never executed
branch 11 never executed
    $$$$$:   51-block  7
branch 12 never executed
branch 13 never executed
    $$$$$:   51-block  8
    $$$$$:   51-block  9
    $$$$$:   51-block 10
    $$$$$:   51-block 11
    #####:   52:}
    $$$$$:   52-block  0
    $$$$$:   52-block  1
    $$$$$:   52-block  2
    $$$$$:   52-block  3
    $$$$$:   52-block  4
    $$$$$:   52-block  5
    $$$$$:   52-block  6
    $$$$$:   52-block  7
    $$$$$:   52-block  8
    $$$$$:   52-block  9
    $$$$$:   52-block 10
    $$$$$:   52-block 11
    $$$$$:   52-block 12
branch  0 never executed
branch  1 never executed
branch  2 never executed
    $$$$$:   52-block 13
    $$$$$:   52-block 14
    $$$$$:   52-block 15
    $$$$$:   52-block 16
