        -:    0:Source:/Users/delficomerso/template-alumnos 2/test/costoSubsidioMejoraTEST.cpp
        -:    0:Graph:/Users/delficomerso/template-alumnos 2/cmake-build-debug/CMakeFiles/tpi.dir/test/costoSubsidioMejoraTEST.gcno
        -:    0:Data:/Users/delficomerso/template-alumnos 2/cmake-build-debug/CMakeFiles/tpi.dir/test/costoSubsidioMejoraTEST.gcda
        -:    0:Runs:1
        -:    0:Programs:1
        -:    1:#include "../definiciones.h"
        -:    2:#include "../Funciones_TPI.h"
        -:    3:#include "../ejercicios.h"
        -:    4:#include "../auxiliares.h"
        -:    5:#include "gtest/gtest.h"
        -:    6:#include <iostream>
        -:    7:#include <string>
        -:    8:
        -:    9:using namespace std;
        -:   10:
        -:   11:
function __cxx_global_var_init called 1 returned 100% blocks executed 53%
function _ZN39costoSubsidioMejoraTEST_noHayCasas_Test8TestBodyEv called 0 returned 0% blocks executed 0%
function _ZN39costoSubsidioMejoraTEST_noHayCasas_TestD1Ev called 0 returned 0% blocks executed 0%
function _ZN39costoSubsidioMejoraTEST_noHayCasas_TestD0Ev called 0 returned 0% blocks executed 0%
function _ZN39costoSubsidioMejoraTEST_noHayCasas_TestC1Ev called 0 returned 0% blocks executed 0%
function _ZN39costoSubsidioMejoraTEST_noHayCasas_TestC2Ev called 0 returned 0% blocks executed 0%
function _ZN39costoSubsidioMejoraTEST_noHayCasas_TestD2Ev called 0 returned 0% blocks executed 0%
        1:   12:TEST(costoSubsidioMejoraTEST, noHayCasas) {
        1:   12-block  0
        1:   12-block  1
branch  0 taken 1
branch  1 taken 0
        1:   12-block  2
branch  2 taken 1
branch  3 taken 0
        1:   12-block  3
branch  4 taken 1
branch  5 taken 0
        1:   12-block  4
branch  6 taken 1
branch  7 taken 0
        1:   12-block  5
branch  8 taken 1
branch  9 taken 0
        1:   12-block  6
    $$$$$:   12-block  7
    $$$$$:   12-block  8
    $$$$$:   12-block  9
    $$$$$:   12-block 10
    $$$$$:   12-block 11
    $$$$$:   12-block 12
    $$$$$:   12-block 13
    $$$$$:   12-block 14
    $$$$$:   12-block 15
    $$$$$:   12-block 16
    $$$$$:   12-block 17
    $$$$$:   12-block 18
    $$$$$:   12-block 19
    $$$$$:   12-block 20
    #####:   13:    eph_h th = {
    $$$$$:   13-block  0
branch  0 never executed
branch  1 never executed
    $$$$$:   13-block  1
    $$$$$:   13-block  2
branch  2 never executed
branch  3 never executed
    $$$$$:   13-block  3
branch  4 never executed
branch  5 never executed
    $$$$$:   13-block  4
branch  6 never executed
branch  7 never executed
    $$$$$:   13-block  5
    $$$$$:   13-block  6
    $$$$$:   13-block  7
branch  8 never executed
branch  9 never executed
    $$$$$:   13-block  8
    $$$$$:   13-block  9
    #####:   14:        {15726,2018,3,336630,646391,2,40,1,1,3,3,2},     // no es propia
    $$$$$:   14-block  0
branch  0 never executed
branch  1 never executed
    #####:   15:        {188,2018,3,325187,635309,3,40,0,1,3,2,2},       // no es propia
    $$$$$:   15-block  0
branch  0 never executed
branch  1 never executed
    #####:   16:        {8596,2018,3,336582,646678,2,40,1,1,1,1,2},      // alcanzan las habs
    $$$$$:   16-block  0
branch  0 never executed
branch  1 never executed
    #####:   17:        {11867,2018,3,320329,630940,1,43,1,1,3,2,2}      // alcanzan las habs
    $$$$$:   17-block  0
branch  0 never executed
branch  1 never executed
        -:   18:    };
        -:   19:
    #####:   20:    eph_i ti = {
    $$$$$:   20-block  0
branch  0 never executed
branch  1 never executed
    $$$$$:   20-block  1
    $$$$$:   20-block  2
branch  2 never executed
branch  3 never executed
    $$$$$:   20-block  3
branch  4 never executed
branch  5 never executed
    $$$$$:   20-block  4
branch  6 never executed
branch  7 never executed
    $$$$$:   20-block  5
    $$$$$:   20-block  6
    $$$$$:   20-block  7
branch  8 never executed
branch  9 never executed
    $$$$$:   20-block  8
    #####:   21:        {15726,2018,1,0,3,2,50,1,3,10000,0},
    $$$$$:   21-block  0
branch  0 never executed
branch  1 never executed
    #####:   22:        {15726,2018,2,0,3,1,47,1,3,10000,5},
    $$$$$:   22-block  0
branch  0 never executed
branch  1 never executed
    #####:   23:        {15726,2018,3,0,3,1,27,1,1,18000,8},
    $$$$$:   23-block  0
branch  0 never executed
branch  1 never executed
    #####:   24:        {15726,2018,4,0,3,1,26,1,3,16000,5},
    $$$$$:   24-block  0
branch  0 never executed
branch  1 never executed
    #####:   25:        {15726,2018,5,0,3,2,19,0,0,0,10},
    $$$$$:   25-block  0
branch  0 never executed
branch  1 never executed
    #####:   26:        {15726,2018,6,0,3,2,3,0,0,0,10},
    $$$$$:   26-block  0
branch  0 never executed
branch  1 never executed
    #####:   27:        {188,2018,1,0,3,2,60,0,0,6000,10},
    $$$$$:   27-block  0
branch  0 never executed
branch  1 never executed
    #####:   28:        {188,2018,2,0,3,1,71,0,0,7000,10},
    $$$$$:   28-block  0
branch  0 never executed
branch  1 never executed
    #####:   29:        {188,2018,3,0,3,1,39,1,2,2000,9},
    $$$$$:   29-block  0
branch  0 never executed
branch  1 never executed
    #####:   30:        {188,2018,4,0,3,1,36,0,0,0,10},
    $$$$$:   30-block  0
branch  0 never executed
branch  1 never executed
    #####:   31:        {188,2018,5,0,3,1,29,1,2,1000,8},
    $$$$$:   31-block  0
branch  0 never executed
branch  1 never executed
    #####:   32:        {188,2018,6,0,3,1,10,0,0,0,10},
    $$$$$:   32-block  0
branch  0 never executed
branch  1 never executed
    #####:   33:        {8596,2018,1,0,3,2,56,1,3,18000,1},
    $$$$$:   33-block  0
branch  0 never executed
branch  1 never executed
    #####:   34:        {11867,2018,2,1,3,1,26,1,3,21000,1},
    $$$$$:   34-block  0
branch  0 never executed
branch  1 never executed
    #####:   35:        {11867,2018,3,0,3,2,22,0,2,20000,10}
    $$$$$:   35-block  0
branch  0 never executed
branch  1 never executed
        -:   36:    };
        -:   37:
    #####:   38:    ASSERT_TRUE(esEncuestaValida(th,ti));
    $$$$$:   38-block  0
branch  0 never executed
branch  1 never executed
    $$$$$:   38-block  1
branch  2 never executed
branch  3 never executed
    $$$$$:   38-block  2
branch  4 never executed
branch  5 never executed
    $$$$$:   38-block  3
branch  6 never executed
branch  7 never executed
    $$$$$:   38-block  4
branch  8 never executed
branch  9 never executed
    $$$$$:   38-block  5
branch 10 never executed
branch 11 never executed
    $$$$$:   38-block  6
    $$$$$:   38-block  7
    $$$$$:   38-block  8
    $$$$$:   38-block  9
branch 12 never executed
branch 13 never executed
    $$$$$:   38-block 10
branch 14 never executed
branch 15 never executed
    $$$$$:   38-block 11
branch 16 never executed
branch 17 never executed
    $$$$$:   38-block 12
branch 18 never executed
branch 19 never executed
    $$$$$:   38-block 13
    $$$$$:   38-block 14
    $$$$$:   38-block 15
    $$$$$:   38-block 16
    $$$$$:   38-block 17
    $$$$$:   38-block 18
branch 20 never executed
branch 21 never executed
    $$$$$:   38-block 19
        -:   39:
        -:   40:
    #####:   41:    int monto = 10;
        -:   42:
    #####:   43:    int res = costoSubsidioMejora(th, ti, monto);
    $$$$$:   43-block  0
branch  0 never executed
branch  1 never executed
    $$$$$:   43-block  1
branch  2 never executed
branch  3 never executed
    $$$$$:   43-block  2
branch  4 never executed
branch  5 never executed
    $$$$$:   43-block  3
    $$$$$:   43-block  4
        -:   44:
    #####:   45:    EXPECT_EQ(0, res);
    $$$$$:   45-block  0
branch  0 never executed
branch  1 never executed
    $$$$$:   45-block  1
branch  2 never executed
branch  3 never executed
    $$$$$:   45-block  2
branch  4 never executed
branch  5 never executed
    $$$$$:   45-block  3
    $$$$$:   45-block  4
branch  6 never executed
branch  7 never executed
    $$$$$:   45-block  5
branch  8 never executed
branch  9 never executed
    $$$$$:   45-block  6
branch 10 never executed
branch 11 never executed
    $$$$$:   45-block  7
branch 12 never executed
branch 13 never executed
    $$$$$:   45-block  8
    $$$$$:   45-block  9
    $$$$$:   45-block 10
    $$$$$:   45-block 11
    #####:   46:}
    $$$$$:   46-block  0
    $$$$$:   46-block  1
    $$$$$:   46-block  2
    $$$$$:   46-block  3
    $$$$$:   46-block  4
    $$$$$:   46-block  5
    $$$$$:   46-block  6
    $$$$$:   46-block  7
    $$$$$:   46-block  8
    $$$$$:   46-block  9
branch  0 never executed
branch  1 never executed
branch  2 never executed
    $$$$$:   46-block 10
    $$$$$:   46-block 11
    $$$$$:   46-block 12
        -:   47:
function __cxx_global_var_init.26 called 1 returned 100% blocks executed 53%
function _ZN38costoSubsidioMejoraTEST_casoFacil_Test8TestBodyEv called 0 returned 0% blocks executed 0%
function _ZN38costoSubsidioMejoraTEST_casoFacil_TestD1Ev called 0 returned 0% blocks executed 0%
function _ZN38costoSubsidioMejoraTEST_casoFacil_TestD0Ev called 0 returned 0% blocks executed 0%
function _ZN38costoSubsidioMejoraTEST_casoFacil_TestC1Ev called 0 returned 0% blocks executed 0%
function _ZN38costoSubsidioMejoraTEST_casoFacil_TestC2Ev called 0 returned 0% blocks executed 0%
function _ZN38costoSubsidioMejoraTEST_casoFacil_TestD2Ev called 0 returned 0% blocks executed 0%
        1:   48:TEST(costoSubsidioMejoraTEST, casoFacil) {
        1:   48-block  0
        1:   48-block  1
branch  0 taken 1
branch  1 taken 0
        1:   48-block  2
branch  2 taken 1
branch  3 taken 0
        1:   48-block  3
branch  4 taken 1
branch  5 taken 0
        1:   48-block  4
branch  6 taken 1
branch  7 taken 0
        1:   48-block  5
branch  8 taken 1
branch  9 taken 0
        1:   48-block  6
    $$$$$:   48-block  7
    $$$$$:   48-block  8
    $$$$$:   48-block  9
    $$$$$:   48-block 10
    $$$$$:   48-block 11
    $$$$$:   48-block 12
    $$$$$:   48-block 13
    $$$$$:   48-block 14
    $$$$$:   48-block 15
    $$$$$:   48-block 16
    $$$$$:   48-block 17
    $$$$$:   48-block 18
    $$$$$:   48-block 19
    $$$$$:   48-block 20
    #####:   49:    eph_h th = {
    $$$$$:   49-block  0
branch  0 never executed
branch  1 never executed
    $$$$$:   49-block  1
    $$$$$:   49-block  2
branch  2 never executed
branch  3 never executed
    $$$$$:   49-block  3
branch  4 never executed
branch  5 never executed
    $$$$$:   49-block  4
branch  6 never executed
branch  7 never executed
    $$$$$:   49-block  5
    $$$$$:   49-block  6
    $$$$$:   49-block  7
branch  8 never executed
branch  9 never executed
    $$$$$:   49-block  8
    $$$$$:   49-block  9
    #####:   50:        {15726,2018,3,336630,646391,1,40,1,1,3,3,2},     // propia, no alcanzan
    $$$$$:   50-block  0
branch  0 never executed
branch  1 never executed
    #####:   51:        {188,2018,3,325187,635309,1,40,0,1,3,2,2},       // propia, no alcanzan
    $$$$$:   51-block  0
branch  0 never executed
branch  1 never executed
    #####:   52:        {11867,2018,3,320329,630940,1,43,1,1,3,2,2},     // propia, alcanzan
    $$$$$:   52-block  0
branch  0 never executed
branch  1 never executed
    #####:   53:        {14914,2018,3,321889,631412,2,43,0,2,3,1,2},     // no propia, no alcanzan
    $$$$$:   53-block  0
branch  0 never executed
branch  1 never executed
        -:   54:    };
        -:   55:
    #####:   56:    eph_i ti = {
    $$$$$:   56-block  0
branch  0 never executed
branch  1 never executed
    $$$$$:   56-block  1
    $$$$$:   56-block  2
branch  2 never executed
branch  3 never executed
    $$$$$:   56-block  3
branch  4 never executed
branch  5 never executed
    $$$$$:   56-block  4
branch  6 never executed
branch  7 never executed
    $$$$$:   56-block  5
    $$$$$:   56-block  6
    $$$$$:   56-block  7
branch  8 never executed
branch  9 never executed
    $$$$$:   56-block  8
    #####:   57:        {15726,2018,1,0,3,2,50,1,3,10000,0},
    $$$$$:   57-block  0
branch  0 never executed
branch  1 never executed
    #####:   58:        {15726,2018,2,0,3,1,47,1,3,10000,5},
    $$$$$:   58-block  0
branch  0 never executed
branch  1 never executed
    #####:   59:        {15726,2018,3,0,3,1,27,1,1,18000,8},
    $$$$$:   59-block  0
branch  0 never executed
branch  1 never executed
    #####:   60:        {15726,2018,4,0,3,1,26,1,3,16000,5},
    $$$$$:   60-block  0
branch  0 never executed
branch  1 never executed
    #####:   61:        {15726,2018,5,0,3,2,19,0,0,0,10},
    $$$$$:   61-block  0
branch  0 never executed
branch  1 never executed
    #####:   62:        {15726,2018,6,0,3,2,3,0,0,0,10},
    $$$$$:   62-block  0
branch  0 never executed
branch  1 never executed
    #####:   63:        {188,2018,1,0,3,2,60,0,0,6000,10},
    $$$$$:   63-block  0
branch  0 never executed
branch  1 never executed
    #####:   64:        {188,2018,2,0,3,1,71,0,0,7000,10},
    $$$$$:   64-block  0
branch  0 never executed
branch  1 never executed
    #####:   65:        {188,2018,3,0,3,1,39,1,2,2000,9},
    $$$$$:   65-block  0
branch  0 never executed
branch  1 never executed
    #####:   66:        {188,2018,4,0,3,1,36,0,0,0,10},
    $$$$$:   66-block  0
branch  0 never executed
branch  1 never executed
    #####:   67:        {188,2018,5,0,3,1,29,1,2,1000,8},
    $$$$$:   67-block  0
branch  0 never executed
branch  1 never executed
    #####:   68:        {188,2018,6,0,3,1,10,0,0,0,10},
    $$$$$:   68-block  0
branch  0 never executed
branch  1 never executed
    #####:   69:        {11867,2018,2,1,3,1,26,1,3,21000,1},
    $$$$$:   69-block  0
branch  0 never executed
branch  1 never executed
    #####:   70:        {11867,2018,3,0,3,2,22,0,2,20000,10},
    $$$$$:   70-block  0
branch  0 never executed
branch  1 never executed
    #####:   71:        {14914,2018,1,0,3,1,48,1,3,43000,1},
    $$$$$:   71-block  0
branch  0 never executed
branch  1 never executed
    #####:   72:        {14914,2018,2,0,3,2,45,1,2,17000,6},
    $$$$$:   72-block  0
branch  0 never executed
branch  1 never executed
    #####:   73:        {14914,2018,3,1,3,2,24,1,3,17000,1},
    $$$$$:   73-block  0
branch  0 never executed
branch  1 never executed
    #####:   74:        {14914,2018,4,0,3,2,17,0,0,0,10}
    $$$$$:   74-block  0
branch  0 never executed
branch  1 never executed
        -:   75:    };
        -:   76:
    #####:   77:    ASSERT_TRUE(esEncuestaValida(th,ti));
    $$$$$:   77-block  0
branch  0 never executed
branch  1 never executed
    $$$$$:   77-block  1
branch  2 never executed
branch  3 never executed
    $$$$$:   77-block  2
branch  4 never executed
branch  5 never executed
    $$$$$:   77-block  3
branch  6 never executed
branch  7 never executed
    $$$$$:   77-block  4
branch  8 never executed
branch  9 never executed
    $$$$$:   77-block  5
branch 10 never executed
branch 11 never executed
    $$$$$:   77-block  6
    $$$$$:   77-block  7
    $$$$$:   77-block  8
    $$$$$:   77-block  9
branch 12 never executed
branch 13 never executed
    $$$$$:   77-block 10
branch 14 never executed
branch 15 never executed
    $$$$$:   77-block 11
branch 16 never executed
branch 17 never executed
    $$$$$:   77-block 12
branch 18 never executed
branch 19 never executed
    $$$$$:   77-block 13
    $$$$$:   77-block 14
    $$$$$:   77-block 15
    $$$$$:   77-block 16
    $$$$$:   77-block 17
    $$$$$:   77-block 18
branch 20 never executed
branch 21 never executed
    $$$$$:   77-block 19
        -:   78:
    #####:   79:    int monto = 8;
        -:   80:
    #####:   81:    int res = costoSubsidioMejora(th, ti, monto);
    $$$$$:   81-block  0
branch  0 never executed
branch  1 never executed
    $$$$$:   81-block  1
branch  2 never executed
branch  3 never executed
    $$$$$:   81-block  2
branch  4 never executed
branch  5 never executed
    $$$$$:   81-block  3
    $$$$$:   81-block  4
        -:   82:
    #####:   83:    EXPECT_EQ(2*monto, res);
    $$$$$:   83-block  0
branch  0 never executed
branch  1 never executed
    $$$$$:   83-block  1
branch  2 never executed
branch  3 never executed
    $$$$$:   83-block  2
branch  4 never executed
branch  5 never executed
    $$$$$:   83-block  3
    $$$$$:   83-block  4
branch  6 never executed
branch  7 never executed
    $$$$$:   83-block  5
branch  8 never executed
branch  9 never executed
    $$$$$:   83-block  6
branch 10 never executed
branch 11 never executed
    $$$$$:   83-block  7
branch 12 never executed
branch 13 never executed
    $$$$$:   83-block  8
    $$$$$:   83-block  9
    $$$$$:   83-block 10
    $$$$$:   83-block 11
    #####:   84:}
    $$$$$:   84-block  0
    $$$$$:   84-block  1
    $$$$$:   84-block  2
    $$$$$:   84-block  3
    $$$$$:   84-block  4
    $$$$$:   84-block  5
    $$$$$:   84-block  6
    $$$$$:   84-block  7
    $$$$$:   84-block  8
    $$$$$:   84-block  9
branch  0 never executed
branch  1 never executed
branch  2 never executed
    $$$$$:   84-block 10
    $$$$$:   84-block 11
    $$$$$:   84-block 12
