        -:    0:Source:/Library/Developer/CommandLineTools/usr/bin/../include/c++/v1/memory
        -:    0:Graph:/Users/delficomerso/template-alumnos 2/cmake-build-debug/CMakeFiles/tpi.dir/test/creceElTeleworkingEnCiudadesGrandesTEST.gcno
        -:    0:Data:/Users/delficomerso/template-alumnos 2/cmake-build-debug/CMakeFiles/tpi.dir/test/creceElTeleworkingEnCiudadesGrandesTEST.gcda
        -:    0:Runs:1
        -:    0:Programs:1
        -:    1:// -*- C++ -*-
        -:    2://===-------------------------- memory ------------------------------------===//
        -:    3://
        -:    4:// Part of the LLVM Project, under the Apache License v2.0 with LLVM Exceptions.
        -:    5:// See https://llvm.org/LICENSE.txt for license information.
        -:    6:// SPDX-License-Identifier: Apache-2.0 WITH LLVM-exception
        -:    7://
        -:    8://===----------------------------------------------------------------------===//
        -:    9:
        -:   10:#ifndef _LIBCPP_MEMORY
        -:   11:#define _LIBCPP_MEMORY
        -:   12:
        -:   13:/*
        -:   14:    memory synopsis
        -:   15:
        -:   16:namespace std
        -:   17:{
        -:   18:
        -:   19:struct allocator_arg_t { };
        -:   20:inline constexpr allocator_arg_t allocator_arg = allocator_arg_t();
        -:   21:
        -:   22:template <class T, class Alloc> struct uses_allocator;
        -:   23:
        -:   24:template <class Ptr>
        -:   25:struct pointer_traits
        -:   26:{
        -:   27:    typedef Ptr pointer;
        -:   28:    typedef <details> element_type;
        -:   29:    typedef <details> difference_type;
        -:   30:
        -:   31:    template <class U> using rebind = <details>;
        -:   32:
        -:   33:    static pointer pointer_to(<details>);
        -:   34:};
        -:   35:
        -:   36:template <class T>
        -:   37:struct pointer_traits<T*>
        -:   38:{
        -:   39:    typedef T* pointer;
        -:   40:    typedef T element_type;
        -:   41:    typedef ptrdiff_t difference_type;
        -:   42:
        -:   43:    template <class U> using rebind = U*;
        -:   44:
        -:   45:    static pointer pointer_to(<details>) noexcept; // constexpr in C++20
        -:   46:};
        -:   47:
        -:   48:template <class T> constexpr T* to_address(T* p) noexcept; // C++20
        -:   49:template <class Ptr> auto to_address(const Ptr& p) noexcept; // C++20
        -:   50:
        -:   51:template <class Alloc>
        -:   52:struct allocator_traits
        -:   53:{
        -:   54:    typedef Alloc                        allocator_type;
        -:   55:    typedef typename allocator_type::value_type
        -:   56:                                         value_type;
        -:   57:
        -:   58:    typedef Alloc::pointer | value_type* pointer;
        -:   59:    typedef Alloc::const_pointer
        -:   60:          | pointer_traits<pointer>::rebind<const value_type>
        -:   61:                                         const_pointer;
        -:   62:    typedef Alloc::void_pointer
        -:   63:          | pointer_traits<pointer>::rebind<void>
        -:   64:                                         void_pointer;
        -:   65:    typedef Alloc::const_void_pointer
        -:   66:          | pointer_traits<pointer>::rebind<const void>
        -:   67:                                         const_void_pointer;
        -:   68:    typedef Alloc::difference_type
        -:   69:          | pointer_traits<pointer>::difference_type
        -:   70:                                         difference_type;
        -:   71:    typedef Alloc::size_type
        -:   72:          | make_unsigned<difference_type>::type
        -:   73:                                         size_type;
        -:   74:    typedef Alloc::propagate_on_container_copy_assignment
        -:   75:          | false_type                   propagate_on_container_copy_assignment;
        -:   76:    typedef Alloc::propagate_on_container_move_assignment
        -:   77:          | false_type                   propagate_on_container_move_assignment;
        -:   78:    typedef Alloc::propagate_on_container_swap
        -:   79:          | false_type                   propagate_on_container_swap;
        -:   80:    typedef Alloc::is_always_equal
        -:   81:          | is_empty                     is_always_equal;
        -:   82:
        -:   83:    template <class T> using rebind_alloc  = Alloc::rebind<U>::other | Alloc<T, Args...>;
        -:   84:    template <class T> using rebind_traits = allocator_traits<rebind_alloc<T>>;
        -:   85:
        -:   86:    static pointer allocate(allocator_type& a, size_type n);                          // [[nodiscard]] in C++20
        -:   87:    static pointer allocate(allocator_type& a, size_type n, const_void_pointer hint); // [[nodiscard]] in C++20
        -:   88:
        -:   89:    static void deallocate(allocator_type& a, pointer p, size_type n) noexcept;
        -:   90:
        -:   91:    template <class T, class... Args>
        -:   92:        static void construct(allocator_type& a, T* p, Args&&... args);
        -:   93:
        -:   94:    template <class T>
        -:   95:        static void destroy(allocator_type& a, T* p);
        -:   96:
        -:   97:    static size_type max_size(const allocator_type& a); // noexcept in C++14
        -:   98:
        -:   99:    static allocator_type
        -:  100:        select_on_container_copy_construction(const allocator_type& a);
        -:  101:};
        -:  102:
        -:  103:template <>
        -:  104:class allocator<void>
        -:  105:{
        -:  106:public:
        -:  107:    typedef void*                                 pointer;
        -:  108:    typedef const void*                           const_pointer;
        -:  109:    typedef void                                  value_type;
        -:  110:
        -:  111:    template <class _Up> struct rebind {typedef allocator<_Up> other;};
        -:  112:};
        -:  113:
        -:  114:template <class T>
        -:  115:class allocator
        -:  116:{
        -:  117:public:
        -:  118:    typedef size_t                                size_type;
        -:  119:    typedef ptrdiff_t                             difference_type;
        -:  120:    typedef T*                                    pointer;
        -:  121:    typedef const T*                              const_pointer;
        -:  122:    typedef typename add_lvalue_reference<T>::type       reference;
        -:  123:    typedef typename add_lvalue_reference<const T>::type const_reference;
        -:  124:    typedef T                                     value_type;
        -:  125:
        -:  126:    template <class U> struct rebind {typedef allocator<U> other;};
        -:  127:
        -:  128:    constexpr allocator() noexcept;                      // constexpr in C++20
        -:  129:    constexpr allocator(const allocator&) noexcept;      // constexpr in C++20
        -:  130:    template <class U>
        -:  131:      constexpr allocator(const allocator<U>&) noexcept; // constexpr in C++20
        -:  132:    ~allocator();
        -:  133:    pointer address(reference x) const noexcept;
        -:  134:    const_pointer address(const_reference x) const noexcept;
        -:  135:    pointer allocate(size_type, allocator<void>::const_pointer hint = 0);
        -:  136:    void deallocate(pointer p, size_type n) noexcept;
        -:  137:    size_type max_size() const noexcept;
        -:  138:    template<class U, class... Args>
        -:  139:        void construct(U* p, Args&&... args);
        -:  140:    template <class U>
        -:  141:        void destroy(U* p);
        -:  142:};
        -:  143:
        -:  144:template <class T, class U>
        -:  145:bool operator==(const allocator<T>&, const allocator<U>&) noexcept;
        -:  146:
        -:  147:template <class T, class U>
        -:  148:bool operator!=(const allocator<T>&, const allocator<U>&) noexcept;
        -:  149:
        -:  150:template <class OutputIterator, class T>
        -:  151:class raw_storage_iterator
        -:  152:    : public iterator<output_iterator_tag,
        -:  153:                      T,                               // purposefully not C++03
        -:  154:                      ptrdiff_t,                       // purposefully not C++03
        -:  155:                      T*,                              // purposefully not C++03
        -:  156:                      raw_storage_iterator&>           // purposefully not C++03
        -:  157:{
        -:  158:public:
        -:  159:    explicit raw_storage_iterator(OutputIterator x);
        -:  160:    raw_storage_iterator& operator*();
        -:  161:    raw_storage_iterator& operator=(const T& element);
        -:  162:    raw_storage_iterator& operator++();
        -:  163:    raw_storage_iterator  operator++(int);
        -:  164:};
        -:  165:
        -:  166:template <class T> pair<T*,ptrdiff_t> get_temporary_buffer(ptrdiff_t n) noexcept;
        -:  167:template <class T> void               return_temporary_buffer(T* p) noexcept;
        -:  168:
        -:  169:template <class T> T* addressof(T& r) noexcept;
        -:  170:template <class T> T* addressof(const T&& r) noexcept = delete;
        -:  171:
        -:  172:template <class InputIterator, class ForwardIterator>
        -:  173:ForwardIterator
        -:  174:uninitialized_copy(InputIterator first, InputIterator last, ForwardIterator result);
        -:  175:
        -:  176:template <class InputIterator, class Size, class ForwardIterator>
        -:  177:ForwardIterator
        -:  178:uninitialized_copy_n(InputIterator first, Size n, ForwardIterator result);
        -:  179:
        -:  180:template <class ForwardIterator, class T>
        -:  181:void uninitialized_fill(ForwardIterator first, ForwardIterator last, const T& x);
        -:  182:
        -:  183:template <class ForwardIterator, class Size, class T>
        -:  184:ForwardIterator
        -:  185:uninitialized_fill_n(ForwardIterator first, Size n, const T& x);
        -:  186:
        -:  187:template <class T>
        -:  188:void destroy_at(T* location);
        -:  189:
        -:  190:template <class ForwardIterator>
        -:  191: void destroy(ForwardIterator first, ForwardIterator last);
        -:  192:
        -:  193:template <class ForwardIterator, class Size>
        -:  194: ForwardIterator destroy_n(ForwardIterator first, Size n);
        -:  195:
        -:  196:template <class InputIterator, class ForwardIterator>
        -:  197: ForwardIterator uninitialized_move(InputIterator first, InputIterator last, ForwardIterator result);
        -:  198:
        -:  199:template <class InputIterator, class Size, class ForwardIterator>
        -:  200: pair<InputIterator,ForwardIterator> uninitialized_move_n(InputIterator first, Size n, ForwardIterator result);
        -:  201:
        -:  202:template <class ForwardIterator>
        -:  203: void uninitialized_value_construct(ForwardIterator first, ForwardIterator last);
        -:  204:
        -:  205:template <class ForwardIterator, class Size>
        -:  206: ForwardIterator uninitialized_value_construct_n(ForwardIterator first, Size n);
        -:  207:
        -:  208:template <class ForwardIterator>
        -:  209: void uninitialized_default_construct(ForwardIterator first, ForwardIterator last);
        -:  210:
        -:  211:template <class ForwardIterator, class Size>
        -:  212: ForwardIterator uninitialized_default_construct_n(ForwardIterator first, Size n);
        -:  213:
        -:  214:template <class Y> struct auto_ptr_ref {};      // deprecated in C++11, removed in C++17
        -:  215:
        -:  216:template<class X>
        -:  217:class auto_ptr                                  // deprecated in C++11, removed in C++17
        -:  218:{
        -:  219:public:
        -:  220:    typedef X element_type;
        -:  221:
        -:  222:    explicit auto_ptr(X* p =0) throw();
        -:  223:    auto_ptr(auto_ptr&) throw();
        -:  224:    template<class Y> auto_ptr(auto_ptr<Y>&) throw();
        -:  225:    auto_ptr& operator=(auto_ptr&) throw();
        -:  226:    template<class Y> auto_ptr& operator=(auto_ptr<Y>&) throw();
        -:  227:    auto_ptr& operator=(auto_ptr_ref<X> r) throw();
        -:  228:    ~auto_ptr() throw();
        -:  229:
        -:  230:    typename add_lvalue_reference<X>::type operator*() const throw();
        -:  231:    X* operator->() const throw();
        -:  232:    X* get() const throw();
        -:  233:    X* release() throw();
        -:  234:    void reset(X* p =0) throw();
        -:  235:
        -:  236:    auto_ptr(auto_ptr_ref<X>) throw();
        -:  237:    template<class Y> operator auto_ptr_ref<Y>() throw();
        -:  238:    template<class Y> operator auto_ptr<Y>() throw();
        -:  239:};
        -:  240:
        -:  241:template <class T>
        -:  242:struct default_delete
        -:  243:{
        -:  244:    constexpr default_delete() noexcept = default;
        -:  245:    template <class U> default_delete(const default_delete<U>&) noexcept;
        -:  246:
        -:  247:    void operator()(T*) const noexcept;
        -:  248:};
        -:  249:
        -:  250:template <class T>
        -:  251:struct default_delete<T[]>
        -:  252:{
        -:  253:    constexpr default_delete() noexcept = default;
        -:  254:    void operator()(T*) const noexcept;
        -:  255:    template <class U> void operator()(U*) const = delete;
        -:  256:};
        -:  257:
        -:  258:template <class T, class D = default_delete<T>>
        -:  259:class unique_ptr
        -:  260:{
        -:  261:public:
        -:  262:    typedef see below pointer;
        -:  263:    typedef T element_type;
        -:  264:    typedef D deleter_type;
        -:  265:
        -:  266:    // constructors
        -:  267:    constexpr unique_ptr() noexcept;
        -:  268:    explicit unique_ptr(pointer p) noexcept;
        -:  269:    unique_ptr(pointer p, see below d1) noexcept;
        -:  270:    unique_ptr(pointer p, see below d2) noexcept;
        -:  271:    unique_ptr(unique_ptr&& u) noexcept;
        -:  272:    unique_ptr(nullptr_t) noexcept : unique_ptr() { }
        -:  273:    template <class U, class E>
        -:  274:        unique_ptr(unique_ptr<U, E>&& u) noexcept;
        -:  275:    template <class U>
        -:  276:        unique_ptr(auto_ptr<U>&& u) noexcept;       // removed in C++17
        -:  277:
        -:  278:    // destructor
        -:  279:    ~unique_ptr();
        -:  280:
        -:  281:    // assignment
        -:  282:    unique_ptr& operator=(unique_ptr&& u) noexcept;
        -:  283:    template <class U, class E> unique_ptr& operator=(unique_ptr<U, E>&& u) noexcept;
        -:  284:    unique_ptr& operator=(nullptr_t) noexcept;
        -:  285:
        -:  286:    // observers
        -:  287:    typename add_lvalue_reference<T>::type operator*() const;
        -:  288:    pointer operator->() const noexcept;
        -:  289:    pointer get() const noexcept;
        -:  290:    deleter_type& get_deleter() noexcept;
        -:  291:    const deleter_type& get_deleter() const noexcept;
        -:  292:    explicit operator bool() const noexcept;
        -:  293:
        -:  294:    // modifiers
        -:  295:    pointer release() noexcept;
        -:  296:    void reset(pointer p = pointer()) noexcept;
        -:  297:    void swap(unique_ptr& u) noexcept;
        -:  298:};
        -:  299:
        -:  300:template <class T, class D>
        -:  301:class unique_ptr<T[], D>
        -:  302:{
        -:  303:public:
        -:  304:    typedef implementation-defined pointer;
        -:  305:    typedef T element_type;
        -:  306:    typedef D deleter_type;
        -:  307:
        -:  308:    // constructors
        -:  309:    constexpr unique_ptr() noexcept;
        -:  310:    explicit unique_ptr(pointer p) noexcept;
        -:  311:    unique_ptr(pointer p, see below d) noexcept;
        -:  312:    unique_ptr(pointer p, see below d) noexcept;
        -:  313:    unique_ptr(unique_ptr&& u) noexcept;
        -:  314:    unique_ptr(nullptr_t) noexcept : unique_ptr() { }
        -:  315:
        -:  316:    // destructor
        -:  317:    ~unique_ptr();
        -:  318:
        -:  319:    // assignment
        -:  320:    unique_ptr& operator=(unique_ptr&& u) noexcept;
        -:  321:    unique_ptr& operator=(nullptr_t) noexcept;
        -:  322:
        -:  323:    // observers
        -:  324:    T& operator[](size_t i) const;
        -:  325:    pointer get() const noexcept;
        -:  326:    deleter_type& get_deleter() noexcept;
        -:  327:    const deleter_type& get_deleter() const noexcept;
        -:  328:    explicit operator bool() const noexcept;
        -:  329:
        -:  330:    // modifiers
        -:  331:    pointer release() noexcept;
        -:  332:    void reset(pointer p = pointer()) noexcept;
        -:  333:    void reset(nullptr_t) noexcept;
        -:  334:    template <class U> void reset(U) = delete;
        -:  335:    void swap(unique_ptr& u) noexcept;
        -:  336:};
        -:  337:
        -:  338:template <class T, class D>
        -:  339:    void swap(unique_ptr<T, D>& x, unique_ptr<T, D>& y) noexcept;
        -:  340:
        -:  341:template <class T1, class D1, class T2, class D2>
        -:  342:    bool operator==(const unique_ptr<T1, D1>& x, const unique_ptr<T2, D2>& y);
        -:  343:template <class T1, class D1, class T2, class D2>
        -:  344:    bool operator!=(const unique_ptr<T1, D1>& x, const unique_ptr<T2, D2>& y);
        -:  345:template <class T1, class D1, class T2, class D2>
        -:  346:    bool operator<(const unique_ptr<T1, D1>& x, const unique_ptr<T2, D2>& y);
        -:  347:template <class T1, class D1, class T2, class D2>
        -:  348:    bool operator<=(const unique_ptr<T1, D1>& x, const unique_ptr<T2, D2>& y);
        -:  349:template <class T1, class D1, class T2, class D2>
        -:  350:    bool operator>(const unique_ptr<T1, D1>& x, const unique_ptr<T2, D2>& y);
        -:  351:template <class T1, class D1, class T2, class D2>
        -:  352:    bool operator>=(const unique_ptr<T1, D1>& x, const unique_ptr<T2, D2>& y);
        -:  353:
        -:  354:template <class T, class D>
        -:  355:    bool operator==(const unique_ptr<T, D>& x, nullptr_t) noexcept;
        -:  356:template <class T, class D>
        -:  357:    bool operator==(nullptr_t, const unique_ptr<T, D>& y) noexcept;
        -:  358:template <class T, class D>
        -:  359:    bool operator!=(const unique_ptr<T, D>& x, nullptr_t) noexcept;
        -:  360:template <class T, class D>
        -:  361:    bool operator!=(nullptr_t, const unique_ptr<T, D>& y) noexcept;
        -:  362:
        -:  363:template <class T, class D>
        -:  364:    bool operator<(const unique_ptr<T, D>& x, nullptr_t);
        -:  365:template <class T, class D>
        -:  366:    bool operator<(nullptr_t, const unique_ptr<T, D>& y);
        -:  367:template <class T, class D>
        -:  368:    bool operator<=(const unique_ptr<T, D>& x, nullptr_t);
        -:  369:template <class T, class D>
        -:  370:    bool operator<=(nullptr_t, const unique_ptr<T, D>& y);
        -:  371:template <class T, class D>
        -:  372:    bool operator>(const unique_ptr<T, D>& x, nullptr_t);
        -:  373:template <class T, class D>
        -:  374:    bool operator>(nullptr_t, const unique_ptr<T, D>& y);
        -:  375:template <class T, class D>
        -:  376:    bool operator>=(const unique_ptr<T, D>& x, nullptr_t);
        -:  377:template <class T, class D>
        -:  378:    bool operator>=(nullptr_t, const unique_ptr<T, D>& y);
        -:  379:
        -:  380:class bad_weak_ptr
        -:  381:    : public std::exception
        -:  382:{
        -:  383:    bad_weak_ptr() noexcept;
        -:  384:};
        -:  385:
        -:  386:template<class T, class... Args> unique_ptr<T> make_unique(Args&&... args);     // C++14
        -:  387:template<class T>                unique_ptr<T> make_unique(size_t n);           // C++14
        -:  388:template<class T, class... Args> unspecified   make_unique(Args&&...) = delete; // C++14, T == U[N]
        -:  389:
        -:  390:template<class E, class T, class Y, class D>
        -:  391:    basic_ostream<E, T>& operator<< (basic_ostream<E, T>& os, unique_ptr<Y, D> const& p);
        -:  392:
        -:  393:template<class T>
        -:  394:class shared_ptr
        -:  395:{
        -:  396:public:
        -:  397:    typedef T element_type;
        -:  398:    typedef weak_ptr<T> weak_type; // C++17
        -:  399:
        -:  400:    // constructors:
        -:  401:    constexpr shared_ptr() noexcept;
        -:  402:    template<class Y> explicit shared_ptr(Y* p);
        -:  403:    template<class Y, class D> shared_ptr(Y* p, D d);
        -:  404:    template<class Y, class D, class A> shared_ptr(Y* p, D d, A a);
        -:  405:    template <class D> shared_ptr(nullptr_t p, D d);
        -:  406:    template <class D, class A> shared_ptr(nullptr_t p, D d, A a);
        -:  407:    template<class Y> shared_ptr(const shared_ptr<Y>& r, T *p) noexcept;
        -:  408:    shared_ptr(const shared_ptr& r) noexcept;
        -:  409:    template<class Y> shared_ptr(const shared_ptr<Y>& r) noexcept;
        -:  410:    shared_ptr(shared_ptr&& r) noexcept;
        -:  411:    template<class Y> shared_ptr(shared_ptr<Y>&& r) noexcept;
        -:  412:    template<class Y> explicit shared_ptr(const weak_ptr<Y>& r);
        -:  413:    template<class Y> shared_ptr(auto_ptr<Y>&& r);          // removed in C++17
        -:  414:    template <class Y, class D> shared_ptr(unique_ptr<Y, D>&& r);
        -:  415:    shared_ptr(nullptr_t) : shared_ptr() { }
        -:  416:
        -:  417:    // destructor:
        -:  418:    ~shared_ptr();
        -:  419:
        -:  420:    // assignment:
        -:  421:    shared_ptr& operator=(const shared_ptr& r) noexcept;
        -:  422:    template<class Y> shared_ptr& operator=(const shared_ptr<Y>& r) noexcept;
        -:  423:    shared_ptr& operator=(shared_ptr&& r) noexcept;
        -:  424:    template<class Y> shared_ptr& operator=(shared_ptr<Y>&& r);
        -:  425:    template<class Y> shared_ptr& operator=(auto_ptr<Y>&& r); // removed in C++17
        -:  426:    template <class Y, class D> shared_ptr& operator=(unique_ptr<Y, D>&& r);
        -:  427:
        -:  428:    // modifiers:
        -:  429:    void swap(shared_ptr& r) noexcept;
        -:  430:    void reset() noexcept;
        -:  431:    template<class Y> void reset(Y* p);
        -:  432:    template<class Y, class D> void reset(Y* p, D d);
        -:  433:    template<class Y, class D, class A> void reset(Y* p, D d, A a);
        -:  434:
        -:  435:    // observers:
        -:  436:    T* get() const noexcept;
        -:  437:    T& operator*() const noexcept;
        -:  438:    T* operator->() const noexcept;
        -:  439:    long use_count() const noexcept;
        -:  440:    bool unique() const noexcept;
        -:  441:    explicit operator bool() const noexcept;
        -:  442:    template<class U> bool owner_before(shared_ptr<U> const& b) const noexcept;
        -:  443:    template<class U> bool owner_before(weak_ptr<U> const& b) const noexcept;
        -:  444:};
        -:  445:
        -:  446:// shared_ptr comparisons:
        -:  447:template<class T, class U>
        -:  448:    bool operator==(shared_ptr<T> const& a, shared_ptr<U> const& b) noexcept;
        -:  449:template<class T, class U>
        -:  450:    bool operator!=(shared_ptr<T> const& a, shared_ptr<U> const& b) noexcept;
        -:  451:template<class T, class U>
        -:  452:    bool operator<(shared_ptr<T> const& a, shared_ptr<U> const& b) noexcept;
        -:  453:template<class T, class U>
        -:  454:    bool operator>(shared_ptr<T> const& a, shared_ptr<U> const& b) noexcept;
        -:  455:template<class T, class U>
        -:  456:    bool operator<=(shared_ptr<T> const& a, shared_ptr<U> const& b) noexcept;
        -:  457:template<class T, class U>
        -:  458:    bool operator>=(shared_ptr<T> const& a, shared_ptr<U> const& b) noexcept;
        -:  459:
        -:  460:template <class T>
        -:  461:    bool operator==(const shared_ptr<T>& x, nullptr_t) noexcept;
        -:  462:template <class T>
        -:  463:    bool operator==(nullptr_t, const shared_ptr<T>& y) noexcept;
        -:  464:template <class T>
        -:  465:    bool operator!=(const shared_ptr<T>& x, nullptr_t) noexcept;
        -:  466:template <class T>
        -:  467:    bool operator!=(nullptr_t, const shared_ptr<T>& y) noexcept;
        -:  468:template <class T>
        -:  469:    bool operator<(const shared_ptr<T>& x, nullptr_t) noexcept;
        -:  470:template <class T>
        -:  471:bool operator<(nullptr_t, const shared_ptr<T>& y) noexcept;
        -:  472:template <class T>
        -:  473:    bool operator<=(const shared_ptr<T>& x, nullptr_t) noexcept;
        -:  474:template <class T>
        -:  475:    bool operator<=(nullptr_t, const shared_ptr<T>& y) noexcept;
        -:  476:template <class T>
        -:  477:    bool operator>(const shared_ptr<T>& x, nullptr_t) noexcept;
        -:  478:template <class T>
        -:  479:    bool operator>(nullptr_t, const shared_ptr<T>& y) noexcept;
        -:  480:template <class T>
        -:  481:    bool operator>=(const shared_ptr<T>& x, nullptr_t) noexcept;
        -:  482:template <class T>
        -:  483:    bool operator>=(nullptr_t, const shared_ptr<T>& y) noexcept;
        -:  484:
        -:  485:// shared_ptr specialized algorithms:
        -:  486:template<class T> void swap(shared_ptr<T>& a, shared_ptr<T>& b) noexcept;
        -:  487:
        -:  488:// shared_ptr casts:
        -:  489:template<class T, class U>
        -:  490:    shared_ptr<T> static_pointer_cast(shared_ptr<U> const& r) noexcept;
        -:  491:template<class T, class U>
        -:  492:    shared_ptr<T> dynamic_pointer_cast(shared_ptr<U> const& r) noexcept;
        -:  493:template<class T, class U>
        -:  494:    shared_ptr<T> const_pointer_cast(shared_ptr<U> const& r) noexcept;
        -:  495:
        -:  496:// shared_ptr I/O:
        -:  497:template<class E, class T, class Y>
        -:  498:    basic_ostream<E, T>& operator<< (basic_ostream<E, T>& os, shared_ptr<Y> const& p);
        -:  499:
        -:  500:// shared_ptr get_deleter:
        -:  501:template<class D, class T> D* get_deleter(shared_ptr<T> const& p) noexcept;
        -:  502:
        -:  503:template<class T, class... Args>
        -:  504:    shared_ptr<T> make_shared(Args&&... args);
        -:  505:template<class T, class A, class... Args>
        -:  506:    shared_ptr<T> allocate_shared(const A& a, Args&&... args);
        -:  507:
        -:  508:template<class T>
        -:  509:class weak_ptr
        -:  510:{
        -:  511:public:
        -:  512:    typedef T element_type;
        -:  513:
        -:  514:    // constructors
        -:  515:    constexpr weak_ptr() noexcept;
        -:  516:    template<class Y> weak_ptr(shared_ptr<Y> const& r) noexcept;
        -:  517:    weak_ptr(weak_ptr const& r) noexcept;
        -:  518:    template<class Y> weak_ptr(weak_ptr<Y> const& r) noexcept;
        -:  519:    weak_ptr(weak_ptr&& r) noexcept;                      // C++14
        -:  520:    template<class Y> weak_ptr(weak_ptr<Y>&& r) noexcept; // C++14
        -:  521:
        -:  522:    // destructor
        -:  523:    ~weak_ptr();
        -:  524:
        -:  525:    // assignment
        -:  526:    weak_ptr& operator=(weak_ptr const& r) noexcept;
        -:  527:    template<class Y> weak_ptr& operator=(weak_ptr<Y> const& r) noexcept;
        -:  528:    template<class Y> weak_ptr& operator=(shared_ptr<Y> const& r) noexcept;
        -:  529:    weak_ptr& operator=(weak_ptr&& r) noexcept;                      // C++14
        -:  530:    template<class Y> weak_ptr& operator=(weak_ptr<Y>&& r) noexcept; // C++14
        -:  531:
        -:  532:    // modifiers
        -:  533:    void swap(weak_ptr& r) noexcept;
        -:  534:    void reset() noexcept;
        -:  535:
        -:  536:    // observers
        -:  537:    long use_count() const noexcept;
        -:  538:    bool expired() const noexcept;
        -:  539:    shared_ptr<T> lock() const noexcept;
        -:  540:    template<class U> bool owner_before(shared_ptr<U> const& b) const noexcept;
        -:  541:    template<class U> bool owner_before(weak_ptr<U> const& b) const noexcept;
        -:  542:};
        -:  543:
        -:  544:// weak_ptr specialized algorithms:
        -:  545:template<class T> void swap(weak_ptr<T>& a, weak_ptr<T>& b) noexcept;
        -:  546:
        -:  547:// class owner_less:
        -:  548:template<class T> struct owner_less;
        -:  549:
        -:  550:template<class T>
        -:  551:struct owner_less<shared_ptr<T> >
        -:  552:    : binary_function<shared_ptr<T>, shared_ptr<T>, bool>
        -:  553:{
        -:  554:    typedef bool result_type;
        -:  555:    bool operator()(shared_ptr<T> const&, shared_ptr<T> const&) const noexcept;
        -:  556:    bool operator()(shared_ptr<T> const&, weak_ptr<T> const&) const noexcept;
        -:  557:    bool operator()(weak_ptr<T> const&, shared_ptr<T> const&) const noexcept;
        -:  558:};
        -:  559:
        -:  560:template<class T>
        -:  561:struct owner_less<weak_ptr<T> >
        -:  562:    : binary_function<weak_ptr<T>, weak_ptr<T>, bool>
        -:  563:{
        -:  564:    typedef bool result_type;
        -:  565:    bool operator()(weak_ptr<T> const&, weak_ptr<T> const&) const noexcept;
        -:  566:    bool operator()(shared_ptr<T> const&, weak_ptr<T> const&) const noexcept;
        -:  567:    bool operator()(weak_ptr<T> const&, shared_ptr<T> const&) const noexcept;
        -:  568:};
        -:  569:
        -:  570:template <>  // Added in C++14
        -:  571:struct owner_less<void>
        -:  572:{
        -:  573:    template <class _Tp, class _Up>
        -:  574:    bool operator()( shared_ptr<_Tp> const& __x, shared_ptr<_Up> const& __y) const noexcept;
        -:  575:    template <class _Tp, class _Up>
        -:  576:    bool operator()( shared_ptr<_Tp> const& __x,   weak_ptr<_Up> const& __y) const noexcept;
        -:  577:    template <class _Tp, class _Up>
        -:  578:    bool operator()(   weak_ptr<_Tp> const& __x, shared_ptr<_Up> const& __y) const noexcept;
        -:  579:    template <class _Tp, class _Up>
        -:  580:    bool operator()(   weak_ptr<_Tp> const& __x,   weak_ptr<_Up> const& __y) const noexcept;
        -:  581:
        -:  582:    typedef void is_transparent;
        -:  583:};
        -:  584:
        -:  585:template<class T>
        -:  586:class enable_shared_from_this
        -:  587:{
        -:  588:protected:
        -:  589:    constexpr enable_shared_from_this() noexcept;
        -:  590:    enable_shared_from_this(enable_shared_from_this const&) noexcept;
        -:  591:    enable_shared_from_this& operator=(enable_shared_from_this const&) noexcept;
        -:  592:    ~enable_shared_from_this();
        -:  593:public:
        -:  594:    shared_ptr<T> shared_from_this();
        -:  595:    shared_ptr<T const> shared_from_this() const;
        -:  596:};
        -:  597:
        -:  598:template<class T>
        -:  599:    bool atomic_is_lock_free(const shared_ptr<T>* p);
        -:  600:template<class T>
        -:  601:    shared_ptr<T> atomic_load(const shared_ptr<T>* p);
        -:  602:template<class T>
        -:  603:    shared_ptr<T> atomic_load_explicit(const shared_ptr<T>* p, memory_order mo);
        -:  604:template<class T>
        -:  605:    void atomic_store(shared_ptr<T>* p, shared_ptr<T> r);
        -:  606:template<class T>
        -:  607:    void atomic_store_explicit(shared_ptr<T>* p, shared_ptr<T> r, memory_order mo);
        -:  608:template<class T>
        -:  609:    shared_ptr<T> atomic_exchange(shared_ptr<T>* p, shared_ptr<T> r);
        -:  610:template<class T>
        -:  611:    shared_ptr<T>
        -:  612:    atomic_exchange_explicit(shared_ptr<T>* p, shared_ptr<T> r, memory_order mo);
        -:  613:template<class T>
        -:  614:    bool
        -:  615:    atomic_compare_exchange_weak(shared_ptr<T>* p, shared_ptr<T>* v, shared_ptr<T> w);
        -:  616:template<class T>
        -:  617:    bool
        -:  618:    atomic_compare_exchange_strong( shared_ptr<T>* p, shared_ptr<T>* v, shared_ptr<T> w);
        -:  619:template<class T>
        -:  620:    bool
        -:  621:    atomic_compare_exchange_weak_explicit(shared_ptr<T>* p, shared_ptr<T>* v,
        -:  622:                                          shared_ptr<T> w, memory_order success,
        -:  623:                                          memory_order failure);
        -:  624:template<class T>
        -:  625:    bool
        -:  626:    atomic_compare_exchange_strong_explicit(shared_ptr<T>* p, shared_ptr<T>* v,
        -:  627:                                            shared_ptr<T> w, memory_order success,
        -:  628:                                            memory_order failure);
        -:  629:// Hash support
        -:  630:template <class T> struct hash;
        -:  631:template <class T, class D> struct hash<unique_ptr<T, D> >;
        -:  632:template <class T> struct hash<shared_ptr<T> >;
        -:  633:
        -:  634:template <class T, class Alloc>
        -:  635:  inline constexpr bool uses_allocator_v = uses_allocator<T, Alloc>::value;
        -:  636:
        -:  637:// Pointer safety
        -:  638:enum class pointer_safety { relaxed, preferred, strict };
        -:  639:void declare_reachable(void *p);
        -:  640:template <class T> T *undeclare_reachable(T *p);
        -:  641:void declare_no_pointers(char *p, size_t n);
        -:  642:void undeclare_no_pointers(char *p, size_t n);
        -:  643:pointer_safety get_pointer_safety() noexcept;
        -:  644:
        -:  645:void* align(size_t alignment, size_t size, void*& ptr, size_t& space);
        -:  646:
        -:  647:}  // std
        -:  648:
        -:  649:*/
        -:  650:
        -:  651:#include <__config>
        -:  652:#include <type_traits>
        -:  653:#include <typeinfo>
        -:  654:#include <cstddef>
        -:  655:#include <cstdint>
        -:  656:#include <new>
        -:  657:#include <utility>
        -:  658:#include <limits>
        -:  659:#include <iterator>
        -:  660:#include <__functional_base>
        -:  661:#include <iosfwd>
        -:  662:#include <tuple>
        -:  663:#include <stdexcept>
        -:  664:#include <cstring>
        -:  665:#if !defined(_LIBCPP_HAS_NO_ATOMIC_HEADER)
        -:  666:#  include <atomic>
        -:  667:#endif
        -:  668:#include <__cxx_version>
        -:  669:
        -:  670:// TODO: We re-added #include <cassert> to <memory> to make the internal build
        -:  671://       pass, but we should remove it as soon as all internal clients have fixed
        -:  672://       their code.
        -:  673:#include <cassert>
        -:  674:
        -:  675:#if !defined(_LIBCPP_HAS_NO_PRAGMA_SYSTEM_HEADER)
        -:  676:#pragma GCC system_header
        -:  677:#endif
        -:  678:
        -:  679:_LIBCPP_PUSH_MACROS
        -:  680:#include <__undef_macros>
        -:  681:
        -:  682:
        -:  683:_LIBCPP_BEGIN_NAMESPACE_STD
        -:  684:
        -:  685:template <class _ValueType>
        -:  686:inline _LIBCPP_INLINE_VISIBILITY
        -:  687:_ValueType __libcpp_relaxed_load(_ValueType const* __value) {
        -:  688:#if !defined(_LIBCPP_HAS_NO_THREADS) && \
        -:  689:    defined(__ATOMIC_RELAXED) &&        \
        -:  690:    (__has_builtin(__atomic_load_n) || defined(_LIBCPP_COMPILER_GCC))
        -:  691:    return __atomic_load_n(__value, __ATOMIC_RELAXED);
        -:  692:#else
        -:  693:    return *__value;
        -:  694:#endif
        -:  695:}
        -:  696:
        -:  697:template <class _ValueType>
        -:  698:inline _LIBCPP_INLINE_VISIBILITY
        -:  699:_ValueType __libcpp_acquire_load(_ValueType const* __value) {
        -:  700:#if !defined(_LIBCPP_HAS_NO_THREADS) && \
        -:  701:    defined(__ATOMIC_ACQUIRE) &&        \
        -:  702:    (__has_builtin(__atomic_load_n) || defined(_LIBCPP_COMPILER_GCC))
        -:  703:    return __atomic_load_n(__value, __ATOMIC_ACQUIRE);
        -:  704:#else
        -:  705:    return *__value;
        -:  706:#endif
        -:  707:}
        -:  708:
        -:  709:// addressof moved to <type_traits>
        -:  710:
        -:  711:template <class _Tp> class allocator;
        -:  712:
        -:  713:template <>
        -:  714:class _LIBCPP_TEMPLATE_VIS allocator<void>
        -:  715:{
        -:  716:public:
        -:  717:    typedef void*             pointer;
        -:  718:    typedef const void*       const_pointer;
        -:  719:    typedef void              value_type;
        -:  720:
        -:  721:    template <class _Up> struct rebind {typedef allocator<_Up> other;};
        -:  722:};
        -:  723:
        -:  724:template <>
        -:  725:class _LIBCPP_TEMPLATE_VIS allocator<const void>
        -:  726:{
        -:  727:public:
        -:  728:    typedef const void*       pointer;
        -:  729:    typedef const void*       const_pointer;
        -:  730:    typedef const void        value_type;
        -:  731:
        -:  732:    template <class _Up> struct rebind {typedef allocator<_Up> other;};
        -:  733:};
        -:  734:
        -:  735:// pointer_traits
        -:  736:
        -:  737:template <class _Tp, class = void>
        -:  738:struct __has_element_type : false_type {};
        -:  739:
        -:  740:template <class _Tp>
        -:  741:struct __has_element_type<_Tp,
        -:  742:              typename __void_t<typename _Tp::element_type>::type> : true_type {};
        -:  743:
        -:  744:template <class _Ptr, bool = __has_element_type<_Ptr>::value>
        -:  745:struct __pointer_traits_element_type;
        -:  746:
        -:  747:template <class _Ptr>
        -:  748:struct __pointer_traits_element_type<_Ptr, true>
        -:  749:{
        -:  750:    typedef _LIBCPP_NODEBUG_TYPE typename _Ptr::element_type type;
        -:  751:};
        -:  752:
        -:  753:#ifndef _LIBCPP_HAS_NO_VARIADICS
        -:  754:
        -:  755:template <template <class, class...> class _Sp, class _Tp, class ..._Args>
        -:  756:struct __pointer_traits_element_type<_Sp<_Tp, _Args...>, true>
        -:  757:{
        -:  758:    typedef _LIBCPP_NODEBUG_TYPE typename _Sp<_Tp, _Args...>::element_type type;
        -:  759:};
        -:  760:
        -:  761:template <template <class, class...> class _Sp, class _Tp, class ..._Args>
        -:  762:struct __pointer_traits_element_type<_Sp<_Tp, _Args...>, false>
        -:  763:{
        -:  764:    typedef _LIBCPP_NODEBUG_TYPE _Tp type;
        -:  765:};
        -:  766:
        -:  767:#else  // _LIBCPP_HAS_NO_VARIADICS
        -:  768:
        -:  769:template <template <class> class _Sp, class _Tp>
        -:  770:struct __pointer_traits_element_type<_Sp<_Tp>, true>
        -:  771:{
        -:  772:    typedef typename _Sp<_Tp>::element_type type;
        -:  773:};
        -:  774:
        -:  775:template <template <class> class _Sp, class _Tp>
        -:  776:struct __pointer_traits_element_type<_Sp<_Tp>, false>
        -:  777:{
        -:  778:    typedef _Tp type;
        -:  779:};
        -:  780:
        -:  781:template <template <class, class> class _Sp, class _Tp, class _A0>
        -:  782:struct __pointer_traits_element_type<_Sp<_Tp, _A0>, true>
        -:  783:{
        -:  784:    typedef typename _Sp<_Tp, _A0>::element_type type;
        -:  785:};
        -:  786:
        -:  787:template <template <class, class> class _Sp, class _Tp, class _A0>
        -:  788:struct __pointer_traits_element_type<_Sp<_Tp, _A0>, false>
        -:  789:{
        -:  790:    typedef _Tp type;
        -:  791:};
        -:  792:
        -:  793:template <template <class, class, class> class _Sp, class _Tp, class _A0, class _A1>
        -:  794:struct __pointer_traits_element_type<_Sp<_Tp, _A0, _A1>, true>
        -:  795:{
        -:  796:    typedef typename _Sp<_Tp, _A0, _A1>::element_type type;
        -:  797:};
        -:  798:
        -:  799:template <template <class, class, class> class _Sp, class _Tp, class _A0, class _A1>
        -:  800:struct __pointer_traits_element_type<_Sp<_Tp, _A0, _A1>, false>
        -:  801:{
        -:  802:    typedef _Tp type;
        -:  803:};
        -:  804:
        -:  805:template <template <class, class, class, class> class _Sp, class _Tp, class _A0,
        -:  806:                                                           class _A1, class _A2>
        -:  807:struct __pointer_traits_element_type<_Sp<_Tp, _A0, _A1, _A2>, true>
        -:  808:{
        -:  809:    typedef typename _Sp<_Tp, _A0, _A1, _A2>::element_type type;
        -:  810:};
        -:  811:
        -:  812:template <template <class, class, class, class> class _Sp, class _Tp, class _A0,
        -:  813:                                                           class _A1, class _A2>
        -:  814:struct __pointer_traits_element_type<_Sp<_Tp, _A0, _A1, _A2>, false>
        -:  815:{
        -:  816:    typedef _Tp type;
        -:  817:};
        -:  818:
        -:  819:#endif  // _LIBCPP_HAS_NO_VARIADICS
        -:  820:
        -:  821:template <class _Tp, class = void>
        -:  822:struct __has_difference_type : false_type {};
        -:  823:
        -:  824:template <class _Tp>
        -:  825:struct __has_difference_type<_Tp,
        -:  826:            typename __void_t<typename _Tp::difference_type>::type> : true_type {};
        -:  827:
        -:  828:template <class _Ptr, bool = __has_difference_type<_Ptr>::value>
        -:  829:struct __pointer_traits_difference_type
        -:  830:{
        -:  831:    typedef _LIBCPP_NODEBUG_TYPE ptrdiff_t type;
        -:  832:};
        -:  833:
        -:  834:template <class _Ptr>
        -:  835:struct __pointer_traits_difference_type<_Ptr, true>
        -:  836:{
        -:  837:    typedef _LIBCPP_NODEBUG_TYPE typename _Ptr::difference_type type;
        -:  838:};
        -:  839:
        -:  840:template <class _Tp, class _Up>
        -:  841:struct __has_rebind
        -:  842:{
        -:  843:private:
        -:  844:    struct __two {char __lx; char __lxx;};
        -:  845:    template <class _Xp> static __two __test(...);
        -:  846:    template <class _Xp> static char __test(typename _Xp::template rebind<_Up>* = 0);
        -:  847:public:
        -:  848:    static const bool value = sizeof(__test<_Tp>(0)) == 1;
        -:  849:};
        -:  850:
        -:  851:template <class _Tp, class _Up, bool = __has_rebind<_Tp, _Up>::value>
        -:  852:struct __pointer_traits_rebind
        -:  853:{
        -:  854:#ifndef _LIBCPP_CXX03_LANG
        -:  855:    typedef _LIBCPP_NODEBUG_TYPE typename _Tp::template rebind<_Up> type;
        -:  856:#else
        -:  857:    typedef _LIBCPP_NODEBUG_TYPE typename _Tp::template rebind<_Up>::other type;
        -:  858:#endif
        -:  859:};
        -:  860:
        -:  861:#ifndef _LIBCPP_HAS_NO_VARIADICS
        -:  862:
        -:  863:template <template <class, class...> class _Sp, class _Tp, class ..._Args, class _Up>
        -:  864:struct __pointer_traits_rebind<_Sp<_Tp, _Args...>, _Up, true>
        -:  865:{
        -:  866:#ifndef _LIBCPP_CXX03_LANG
        -:  867:    typedef _LIBCPP_NODEBUG_TYPE typename _Sp<_Tp, _Args...>::template rebind<_Up> type;
        -:  868:#else
        -:  869:    typedef _LIBCPP_NODEBUG_TYPE typename _Sp<_Tp, _Args...>::template rebind<_Up>::other type;
        -:  870:#endif
        -:  871:};
        -:  872:
        -:  873:template <template <class, class...> class _Sp, class _Tp, class ..._Args, class _Up>
        -:  874:struct __pointer_traits_rebind<_Sp<_Tp, _Args...>, _Up, false>
        -:  875:{
        -:  876:    typedef _Sp<_Up, _Args...> type;
        -:  877:};
        -:  878:
        -:  879:#else  // _LIBCPP_HAS_NO_VARIADICS
        -:  880:
        -:  881:template <template <class> class _Sp, class _Tp, class _Up>
        -:  882:struct __pointer_traits_rebind<_Sp<_Tp>, _Up, true>
        -:  883:{
        -:  884:#ifndef _LIBCPP_CXX03_LANG
        -:  885:    typedef typename _Sp<_Tp>::template rebind<_Up> type;
        -:  886:#else
        -:  887:    typedef typename _Sp<_Tp>::template rebind<_Up>::other type;
        -:  888:#endif
        -:  889:};
        -:  890:
        -:  891:template <template <class> class _Sp, class _Tp, class _Up>
        -:  892:struct __pointer_traits_rebind<_Sp<_Tp>, _Up, false>
        -:  893:{
        -:  894:    typedef _Sp<_Up> type;
        -:  895:};
        -:  896:
        -:  897:template <template <class, class> class _Sp, class _Tp, class _A0, class _Up>
        -:  898:struct __pointer_traits_rebind<_Sp<_Tp, _A0>, _Up, true>
        -:  899:{
        -:  900:#ifndef _LIBCPP_CXX03_LANG
        -:  901:    typedef typename _Sp<_Tp, _A0>::template rebind<_Up> type;
        -:  902:#else
        -:  903:    typedef typename _Sp<_Tp, _A0>::template rebind<_Up>::other type;
        -:  904:#endif
        -:  905:};
        -:  906:
        -:  907:template <template <class, class> class _Sp, class _Tp, class _A0, class _Up>
        -:  908:struct __pointer_traits_rebind<_Sp<_Tp, _A0>, _Up, false>
        -:  909:{
        -:  910:    typedef _Sp<_Up, _A0> type;
        -:  911:};
        -:  912:
        -:  913:template <template <class, class, class> class _Sp, class _Tp, class _A0,
        -:  914:                                         class _A1, class _Up>
        -:  915:struct __pointer_traits_rebind<_Sp<_Tp, _A0, _A1>, _Up, true>
        -:  916:{
        -:  917:#ifndef _LIBCPP_CXX03_LANG
        -:  918:    typedef typename _Sp<_Tp, _A0, _A1>::template rebind<_Up> type;
        -:  919:#else
        -:  920:    typedef typename _Sp<_Tp, _A0, _A1>::template rebind<_Up>::other type;
        -:  921:#endif
        -:  922:};
        -:  923:
        -:  924:template <template <class, class, class> class _Sp, class _Tp, class _A0,
        -:  925:                                         class _A1, class _Up>
        -:  926:struct __pointer_traits_rebind<_Sp<_Tp, _A0, _A1>, _Up, false>
        -:  927:{
        -:  928:    typedef _Sp<_Up, _A0, _A1> type;
        -:  929:};
        -:  930:
        -:  931:template <template <class, class, class, class> class _Sp, class _Tp, class _A0,
        -:  932:                                                class _A1, class _A2, class _Up>
        -:  933:struct __pointer_traits_rebind<_Sp<_Tp, _A0, _A1, _A2>, _Up, true>
        -:  934:{
        -:  935:#ifndef _LIBCPP_CXX03_LANG
        -:  936:    typedef typename _Sp<_Tp, _A0, _A1, _A2>::template rebind<_Up> type;
        -:  937:#else
        -:  938:    typedef typename _Sp<_Tp, _A0, _A1, _A2>::template rebind<_Up>::other type;
        -:  939:#endif
        -:  940:};
        -:  941:
        -:  942:template <template <class, class, class, class> class _Sp, class _Tp, class _A0,
        -:  943:                                                class _A1, class _A2, class _Up>
        -:  944:struct __pointer_traits_rebind<_Sp<_Tp, _A0, _A1, _A2>, _Up, false>
        -:  945:{
        -:  946:    typedef _Sp<_Up, _A0, _A1, _A2> type;
        -:  947:};
        -:  948:
        -:  949:#endif  // _LIBCPP_HAS_NO_VARIADICS
        -:  950:
        -:  951:template <class _Ptr>
        -:  952:struct _LIBCPP_TEMPLATE_VIS pointer_traits
        -:  953:{
        -:  954:    typedef _Ptr                                                     pointer;
        -:  955:    typedef typename __pointer_traits_element_type<pointer>::type    element_type;
        -:  956:    typedef typename __pointer_traits_difference_type<pointer>::type difference_type;
        -:  957:
        -:  958:#ifndef _LIBCPP_CXX03_LANG
        -:  959:    template <class _Up> using rebind = typename __pointer_traits_rebind<pointer, _Up>::type;
        -:  960:#else
        -:  961:    template <class _Up> struct rebind
        -:  962:        {typedef typename __pointer_traits_rebind<pointer, _Up>::type other;};
        -:  963:#endif  // _LIBCPP_CXX03_LANG
        -:  964:
        -:  965:private:
        -:  966:    struct __nat {};
        -:  967:public:
        -:  968:    _LIBCPP_INLINE_VISIBILITY
        -:  969:    static pointer pointer_to(typename conditional<is_void<element_type>::value,
        -:  970:                                           __nat, element_type>::type& __r)
        -:  971:        {return pointer::pointer_to(__r);}
        -:  972:};
        -:  973:
        -:  974:template <class _Tp>
        -:  975:struct _LIBCPP_TEMPLATE_VIS pointer_traits<_Tp*>
        -:  976:{
        -:  977:    typedef _Tp*      pointer;
        -:  978:    typedef _Tp       element_type;
        -:  979:    typedef ptrdiff_t difference_type;
        -:  980:
        -:  981:#ifndef _LIBCPP_CXX03_LANG
        -:  982:    template <class _Up> using rebind = _Up*;
        -:  983:#else
        -:  984:    template <class _Up> struct rebind {typedef _Up* other;};
        -:  985:#endif
        -:  986:
        -:  987:private:
        -:  988:    struct __nat {};
        -:  989:public:
        -:  990:    _LIBCPP_INLINE_VISIBILITY _LIBCPP_CONSTEXPR_AFTER_CXX17
function _ZNSt3__114pointer_traitsIPKcE10pointer_toERS1_ called 0 returned 0% blocks executed 0%
function _ZNSt3__114pointer_traitsIPcE10pointer_toERc called 0 returned 0% blocks executed 0%
    #####:  991:    static pointer pointer_to(typename conditional<is_void<element_type>::value,
    $$$$$:  991-block  0
    $$$$$:  991-block  1
        -:  992:                                      __nat, element_type>::type& __r) _NOEXCEPT
    #####:  993:        {return _VSTD::addressof(__r);}
    $$$$$:  993-block  0
    $$$$$:  993-block  1
        -:  994:};
        -:  995:
        -:  996:template <class _From, class _To>
        -:  997:struct __rebind_pointer {
        -:  998:#ifndef _LIBCPP_CXX03_LANG
        -:  999:    typedef typename pointer_traits<_From>::template rebind<_To>        type;
        -: 1000:#else
        -: 1001:    typedef typename pointer_traits<_From>::template rebind<_To>::other type;
        -: 1002:#endif
        -: 1003:};
        -: 1004:
        -: 1005:// allocator_traits
        -: 1006:
        -: 1007:template <class _Tp, class = void>
        -: 1008:struct __has_pointer_type : false_type {};
        -: 1009:
        -: 1010:template <class _Tp>
        -: 1011:struct __has_pointer_type<_Tp,
        -: 1012:          typename __void_t<typename _Tp::pointer>::type> : true_type {};
        -: 1013:
        -: 1014:namespace __pointer_type_imp
        -: 1015:{
        -: 1016:
        -: 1017:template <class _Tp, class _Dp, bool = __has_pointer_type<_Dp>::value>
        -: 1018:struct __pointer_type
        -: 1019:{
        -: 1020:    typedef _LIBCPP_NODEBUG_TYPE typename _Dp::pointer type;
        -: 1021:};
        -: 1022:
        -: 1023:template <class _Tp, class _Dp>
        -: 1024:struct __pointer_type<_Tp, _Dp, false>
        -: 1025:{
        -: 1026:    typedef _LIBCPP_NODEBUG_TYPE _Tp* type;
        -: 1027:};
        -: 1028:
        -: 1029:}  // __pointer_type_imp
        -: 1030:
        -: 1031:template <class _Tp, class _Dp>
        -: 1032:struct __pointer_type
        -: 1033:{
        -: 1034:    typedef _LIBCPP_NODEBUG_TYPE typename __pointer_type_imp::__pointer_type<_Tp, typename remove_reference<_Dp>::type>::type type;
        -: 1035:};
        -: 1036:
        -: 1037:template <class _Tp, class = void>
        -: 1038:struct __has_const_pointer : false_type {};
        -: 1039:
        -: 1040:template <class _Tp>
        -: 1041:struct __has_const_pointer<_Tp,
        -: 1042:            typename __void_t<typename _Tp::const_pointer>::type> : true_type {};
        -: 1043:
        -: 1044:template <class _Tp, class _Ptr, class _Alloc, bool = __has_const_pointer<_Alloc>::value>
        -: 1045:struct __const_pointer
        -: 1046:{
        -: 1047:    typedef _LIBCPP_NODEBUG_TYPE typename _Alloc::const_pointer type;
        -: 1048:};
        -: 1049:
        -: 1050:template <class _Tp, class _Ptr, class _Alloc>
        -: 1051:struct __const_pointer<_Tp, _Ptr, _Alloc, false>
        -: 1052:{
        -: 1053:#ifndef _LIBCPP_CXX03_LANG
        -: 1054:    typedef _LIBCPP_NODEBUG_TYPE typename pointer_traits<_Ptr>::template rebind<const _Tp> type;
        -: 1055:#else
        -: 1056:    typedef typename pointer_traits<_Ptr>::template rebind<const _Tp>::other type;
        -: 1057:#endif
        -: 1058:};
        -: 1059:
        -: 1060:template <class _Tp, class = void>
        -: 1061:struct __has_void_pointer : false_type {};
        -: 1062:
        -: 1063:template <class _Tp>
        -: 1064:struct __has_void_pointer<_Tp,
        -: 1065:               typename __void_t<typename _Tp::void_pointer>::type> : true_type {};
        -: 1066:
        -: 1067:template <class _Ptr, class _Alloc, bool = __has_void_pointer<_Alloc>::value>
        -: 1068:struct __void_pointer
        -: 1069:{
        -: 1070:    typedef _LIBCPP_NODEBUG_TYPE typename _Alloc::void_pointer type;
        -: 1071:};
        -: 1072:
        -: 1073:template <class _Ptr, class _Alloc>
        -: 1074:struct __void_pointer<_Ptr, _Alloc, false>
        -: 1075:{
        -: 1076:#ifndef _LIBCPP_CXX03_LANG
        -: 1077:    typedef _LIBCPP_NODEBUG_TYPE typename pointer_traits<_Ptr>::template rebind<void> type;
        -: 1078:#else
        -: 1079:    typedef _LIBCPP_NODEBUG_TYPE typename pointer_traits<_Ptr>::template rebind<void>::other type;
        -: 1080:#endif
        -: 1081:};
        -: 1082:
        -: 1083:template <class _Tp, class = void>
        -: 1084:struct __has_const_void_pointer : false_type {};
        -: 1085:
        -: 1086:template <class _Tp>
        -: 1087:struct __has_const_void_pointer<_Tp,
        -: 1088:            typename __void_t<typename _Tp::const_void_pointer>::type> : true_type {};
        -: 1089:
        -: 1090:template <class _Ptr, class _Alloc, bool = __has_const_void_pointer<_Alloc>::value>
        -: 1091:struct __const_void_pointer
        -: 1092:{
        -: 1093:    typedef _LIBCPP_NODEBUG_TYPE typename _Alloc::const_void_pointer type;
        -: 1094:};
        -: 1095:
        -: 1096:template <class _Ptr, class _Alloc>
        -: 1097:struct __const_void_pointer<_Ptr, _Alloc, false>
        -: 1098:{
        -: 1099:#ifndef _LIBCPP_CXX03_LANG
        -: 1100:    typedef _LIBCPP_NODEBUG_TYPE typename pointer_traits<_Ptr>::template rebind<const void> type;
        -: 1101:#else
        -: 1102:    typedef _LIBCPP_NODEBUG_TYPE typename pointer_traits<_Ptr>::template rebind<const void>::other type;
        -: 1103:#endif
        -: 1104:};
        -: 1105:
        -: 1106:
        -: 1107:template <bool _UsePointerTraits> struct __to_address_helper;
        -: 1108:
        -: 1109:template <> struct __to_address_helper<true> {
        -: 1110:    template <class _Pointer>
        -: 1111:    using __return_type = decltype(pointer_traits<_Pointer>::to_address(std::declval<const _Pointer&>()));
        -: 1112:
        -: 1113:    template <class _Pointer>
        -: 1114:    _LIBCPP_CONSTEXPR
        -: 1115:    static __return_type<_Pointer>
        -: 1116:    __do_it(const _Pointer &__p) _NOEXCEPT { return pointer_traits<_Pointer>::to_address(__p); }
        -: 1117:};
        -: 1118:
        -: 1119:template <class _Pointer, bool _Dummy = true>
        -: 1120:using __choose_to_address = __to_address_helper<_IsValidExpansion<__to_address_helper<_Dummy>::template __return_type, _Pointer>::value>;
        -: 1121:
        -: 1122:
        -: 1123:template <class _Tp>
        -: 1124:inline _LIBCPP_INLINE_VISIBILITY _LIBCPP_CONSTEXPR
        -: 1125:_Tp*
function _ZNSt3__1L12__to_addressIKcEEPT_S3_ called 0 returned 0% blocks executed 0%
function _ZNSt3__1L12__to_addressIiEEPT_S2_ called 0 returned 0% blocks executed 0%
function _ZNSt3__1L12__to_addressINS_6vectorIiNS_9allocatorIiEEEEEEPT_S6_ called 0 returned 0% blocks executed 0%
    #####: 1126:__to_address(_Tp* __p) _NOEXCEPT
    $$$$$: 1126-block  0
    $$$$$: 1126-block  1
    $$$$$: 1126-block  2
        -: 1127:{
        -: 1128:    static_assert(!is_function<_Tp>::value, "_Tp is a function type");
    #####: 1129:    return __p;
    $$$$$: 1129-block  0
    $$$$$: 1129-block  1
    $$$$$: 1129-block  2
        -: 1130:}
        -: 1131:
        -: 1132:template <class _Pointer>
        -: 1133:inline _LIBCPP_INLINE_VISIBILITY _LIBCPP_CONSTEXPR
        -: 1134:typename __choose_to_address<_Pointer>::template __return_type<_Pointer>
        -: 1135:__to_address(const _Pointer& __p) _NOEXCEPT {
        -: 1136:  return __choose_to_address<_Pointer>::__do_it(__p);
        -: 1137:}
        -: 1138:
        -: 1139:template <> struct __to_address_helper<false> {
        -: 1140:    template <class _Pointer>
        -: 1141:    using __return_type = typename pointer_traits<_Pointer>::element_type*;
        -: 1142:
        -: 1143:    template <class _Pointer>
        -: 1144:    _LIBCPP_CONSTEXPR
        -: 1145:    static __return_type<_Pointer>
        -: 1146:    __do_it(const _Pointer &__p) _NOEXCEPT { return std::__to_address(__p.operator->()); }
        -: 1147:};
        -: 1148:
        -: 1149:
        -: 1150:#if _LIBCPP_STD_VER > 17
        -: 1151:template <class _Tp>
        -: 1152:inline _LIBCPP_INLINE_VISIBILITY constexpr
        -: 1153:_Tp*
        -: 1154:to_address(_Tp* __p) _NOEXCEPT
        -: 1155:{
        -: 1156:    static_assert(!is_function_v<_Tp>, "_Tp is a function type");
        -: 1157:    return __p;
        -: 1158:}
        -: 1159:
        -: 1160:template <class _Pointer>
        -: 1161:inline _LIBCPP_INLINE_VISIBILITY
        -: 1162:auto
        -: 1163:to_address(const _Pointer& __p) _NOEXCEPT
        -: 1164:{
        -: 1165:    return _VSTD::__to_address(__p);
        -: 1166:}
        -: 1167:#endif
        -: 1168:
        -: 1169:template <class _Tp, class = void>
        -: 1170:struct __has_size_type : false_type {};
        -: 1171:
        -: 1172:template <class _Tp>
        -: 1173:struct __has_size_type<_Tp,
        -: 1174:               typename __void_t<typename _Tp::size_type>::type> : true_type {};
        -: 1175:
        -: 1176:template <class _Alloc, class _DiffType, bool = __has_size_type<_Alloc>::value>
        -: 1177:struct __size_type
        -: 1178:{
        -: 1179:    typedef _LIBCPP_NODEBUG_TYPE typename make_unsigned<_DiffType>::type type;
        -: 1180:};
        -: 1181:
        -: 1182:template <class _Alloc, class _DiffType>
        -: 1183:struct __size_type<_Alloc, _DiffType, true>
        -: 1184:{
        -: 1185:    typedef _LIBCPP_NODEBUG_TYPE typename _Alloc::size_type type;
        -: 1186:};
        -: 1187:
        -: 1188:template <class _Tp, class = void>
        -: 1189:struct __has_propagate_on_container_copy_assignment : false_type {};
        -: 1190:
        -: 1191:template <class _Tp>
        -: 1192:struct __has_propagate_on_container_copy_assignment<_Tp,
        -: 1193:    typename __void_t<typename _Tp::propagate_on_container_copy_assignment>::type>
        -: 1194:        : true_type {};
        -: 1195:
        -: 1196:template <class _Alloc, bool = __has_propagate_on_container_copy_assignment<_Alloc>::value>
        -: 1197:struct __propagate_on_container_copy_assignment
        -: 1198:{
        -: 1199:    typedef _LIBCPP_NODEBUG_TYPE false_type type;
        -: 1200:};
        -: 1201:
        -: 1202:template <class _Alloc>
        -: 1203:struct __propagate_on_container_copy_assignment<_Alloc, true>
        -: 1204:{
        -: 1205:    typedef _LIBCPP_NODEBUG_TYPE typename _Alloc::propagate_on_container_copy_assignment type;
        -: 1206:};
        -: 1207:
        -: 1208:template <class _Tp, class = void>
        -: 1209:struct __has_propagate_on_container_move_assignment : false_type {};
        -: 1210:
        -: 1211:template <class _Tp>
        -: 1212:struct __has_propagate_on_container_move_assignment<_Tp,
        -: 1213:           typename __void_t<typename _Tp::propagate_on_container_move_assignment>::type>
        -: 1214:               : true_type {};
        -: 1215:
        -: 1216:template <class _Alloc, bool = __has_propagate_on_container_move_assignment<_Alloc>::value>
        -: 1217:struct __propagate_on_container_move_assignment
        -: 1218:{
        -: 1219:    typedef false_type type;
        -: 1220:};
        -: 1221:
        -: 1222:template <class _Alloc>
        -: 1223:struct __propagate_on_container_move_assignment<_Alloc, true>
        -: 1224:{
        -: 1225:    typedef _LIBCPP_NODEBUG_TYPE typename _Alloc::propagate_on_container_move_assignment type;
        -: 1226:};
        -: 1227:
        -: 1228:template <class _Tp, class = void>
        -: 1229:struct __has_propagate_on_container_swap : false_type {};
        -: 1230:
        -: 1231:template <class _Tp>
        -: 1232:struct __has_propagate_on_container_swap<_Tp,
        -: 1233:           typename __void_t<typename _Tp::propagate_on_container_swap>::type>
        -: 1234:               : true_type {};
        -: 1235:
        -: 1236:template <class _Alloc, bool = __has_propagate_on_container_swap<_Alloc>::value>
        -: 1237:struct __propagate_on_container_swap
        -: 1238:{
        -: 1239:    typedef false_type type;
        -: 1240:};
        -: 1241:
        -: 1242:template <class _Alloc>
        -: 1243:struct __propagate_on_container_swap<_Alloc, true>
        -: 1244:{
        -: 1245:    typedef _LIBCPP_NODEBUG_TYPE typename _Alloc::propagate_on_container_swap type;
        -: 1246:};
        -: 1247:
        -: 1248:template <class _Tp, class = void>
        -: 1249:struct __has_is_always_equal : false_type {};
        -: 1250:
        -: 1251:template <class _Tp>
        -: 1252:struct __has_is_always_equal<_Tp,
        -: 1253:           typename __void_t<typename _Tp::is_always_equal>::type>
        -: 1254:               : true_type {};
        -: 1255:
        -: 1256:template <class _Alloc, bool = __has_is_always_equal<_Alloc>::value>
        -: 1257:struct __is_always_equal
        -: 1258:{
        -: 1259:    typedef _LIBCPP_NODEBUG_TYPE typename _VSTD::is_empty<_Alloc>::type type;
        -: 1260:};
        -: 1261:
        -: 1262:template <class _Alloc>
        -: 1263:struct __is_always_equal<_Alloc, true>
        -: 1264:{
        -: 1265:    typedef _LIBCPP_NODEBUG_TYPE typename _Alloc::is_always_equal type;
        -: 1266:};
        -: 1267:
        -: 1268:template <class _Tp, class _Up, bool = __has_rebind<_Tp, _Up>::value>
        -: 1269:struct __has_rebind_other
        -: 1270:{
        -: 1271:private:
        -: 1272:    struct __two {char __lx; char __lxx;};
        -: 1273:    template <class _Xp> static __two __test(...);
        -: 1274:    template <class _Xp> static char __test(typename _Xp::template rebind<_Up>::other* = 0);
        -: 1275:public:
        -: 1276:    static const bool value = sizeof(__test<_Tp>(0)) == 1;
        -: 1277:};
        -: 1278:
        -: 1279:template <class _Tp, class _Up>
        -: 1280:struct __has_rebind_other<_Tp, _Up, false>
        -: 1281:{
        -: 1282:    static const bool value = false;
        -: 1283:};
        -: 1284:
        -: 1285:template <class _Tp, class _Up, bool = __has_rebind_other<_Tp, _Up>::value>
        -: 1286:struct __allocator_traits_rebind
        -: 1287:{
        -: 1288:    typedef _LIBCPP_NODEBUG_TYPE typename _Tp::template rebind<_Up>::other type;
        -: 1289:};
        -: 1290:
        -: 1291:#ifndef _LIBCPP_HAS_NO_VARIADICS
        -: 1292:
        -: 1293:template <template <class, class...> class _Alloc, class _Tp, class ..._Args, class _Up>
        -: 1294:struct __allocator_traits_rebind<_Alloc<_Tp, _Args...>, _Up, true>
        -: 1295:{
        -: 1296:    typedef _LIBCPP_NODEBUG_TYPE typename _Alloc<_Tp, _Args...>::template rebind<_Up>::other type;
        -: 1297:};
        -: 1298:
        -: 1299:template <template <class, class...> class _Alloc, class _Tp, class ..._Args, class _Up>
        -: 1300:struct __allocator_traits_rebind<_Alloc<_Tp, _Args...>, _Up, false>
        -: 1301:{
        -: 1302:    typedef _LIBCPP_NODEBUG_TYPE _Alloc<_Up, _Args...> type;
        -: 1303:};
        -: 1304:
        -: 1305:#else  // _LIBCPP_HAS_NO_VARIADICS
        -: 1306:
        -: 1307:template <template <class> class _Alloc, class _Tp, class _Up>
        -: 1308:struct __allocator_traits_rebind<_Alloc<_Tp>, _Up, true>
        -: 1309:{
        -: 1310:    typedef typename _Alloc<_Tp>::template rebind<_Up>::other type;
        -: 1311:};
        -: 1312:
        -: 1313:template <template <class> class _Alloc, class _Tp, class _Up>
        -: 1314:struct __allocator_traits_rebind<_Alloc<_Tp>, _Up, false>
        -: 1315:{
        -: 1316:    typedef _Alloc<_Up> type;
        -: 1317:};
        -: 1318:
        -: 1319:template <template <class, class> class _Alloc, class _Tp, class _A0, class _Up>
        -: 1320:struct __allocator_traits_rebind<_Alloc<_Tp, _A0>, _Up, true>
        -: 1321:{
        -: 1322:    typedef typename _Alloc<_Tp, _A0>::template rebind<_Up>::other type;
        -: 1323:};
        -: 1324:
        -: 1325:template <template <class, class> class _Alloc, class _Tp, class _A0, class _Up>
        -: 1326:struct __allocator_traits_rebind<_Alloc<_Tp, _A0>, _Up, false>
        -: 1327:{
        -: 1328:    typedef _Alloc<_Up, _A0> type;
        -: 1329:};
        -: 1330:
        -: 1331:template <template <class, class, class> class _Alloc, class _Tp, class _A0,
        -: 1332:                                         class _A1, class _Up>
        -: 1333:struct __allocator_traits_rebind<_Alloc<_Tp, _A0, _A1>, _Up, true>
        -: 1334:{
        -: 1335:    typedef typename _Alloc<_Tp, _A0, _A1>::template rebind<_Up>::other type;
        -: 1336:};
        -: 1337:
        -: 1338:template <template <class, class, class> class _Alloc, class _Tp, class _A0,
        -: 1339:                                         class _A1, class _Up>
        -: 1340:struct __allocator_traits_rebind<_Alloc<_Tp, _A0, _A1>, _Up, false>
        -: 1341:{
        -: 1342:    typedef _Alloc<_Up, _A0, _A1> type;
        -: 1343:};
        -: 1344:
        -: 1345:template <template <class, class, class, class> class _Alloc, class _Tp, class _A0,
        -: 1346:                                                class _A1, class _A2, class _Up>
        -: 1347:struct __allocator_traits_rebind<_Alloc<_Tp, _A0, _A1, _A2>, _Up, true>
        -: 1348:{
        -: 1349:    typedef typename _Alloc<_Tp, _A0, _A1, _A2>::template rebind<_Up>::other type;
        -: 1350:};
        -: 1351:
        -: 1352:template <template <class, class, class, class> class _Alloc, class _Tp, class _A0,
        -: 1353:                                                class _A1, class _A2, class _Up>
        -: 1354:struct __allocator_traits_rebind<_Alloc<_Tp, _A0, _A1, _A2>, _Up, false>
        -: 1355:{
        -: 1356:    typedef _Alloc<_Up, _A0, _A1, _A2> type;
        -: 1357:};
        -: 1358:
        -: 1359:#endif  // _LIBCPP_HAS_NO_VARIADICS
        -: 1360:
        -: 1361:#ifndef _LIBCPP_CXX03_LANG
        -: 1362:
        -: 1363:template <class _Alloc, class _SizeType, class _ConstVoidPtr>
        -: 1364:auto
        -: 1365:__has_allocate_hint_test(_Alloc&& __a, _SizeType&& __sz, _ConstVoidPtr&& __p)
        -: 1366:    -> decltype((void)__a.allocate(__sz, __p), true_type());
        -: 1367:
        -: 1368:template <class _Alloc, class _SizeType, class _ConstVoidPtr>
        -: 1369:auto
        -: 1370:__has_allocate_hint_test(const _Alloc& __a, _SizeType&& __sz, _ConstVoidPtr&& __p)
        -: 1371:    -> false_type;
        -: 1372:
        -: 1373:template <class _Alloc, class _SizeType, class _ConstVoidPtr>
        -: 1374:struct __has_allocate_hint
        -: 1375:    : integral_constant<bool,
        -: 1376:        is_same<
        -: 1377:            decltype(_VSTD::__has_allocate_hint_test(declval<_Alloc>(),
        -: 1378:                                          declval<_SizeType>(),
        -: 1379:                                          declval<_ConstVoidPtr>())),
        -: 1380:            true_type>::value>
        -: 1381:{
        -: 1382:};
        -: 1383:
        -: 1384:#else  // _LIBCPP_CXX03_LANG
        -: 1385:
        -: 1386:template <class _Alloc, class _SizeType, class _ConstVoidPtr>
        -: 1387:struct __has_allocate_hint
        -: 1388:    : true_type
        -: 1389:{
        -: 1390:};
        -: 1391:
        -: 1392:#endif  // _LIBCPP_CXX03_LANG
        -: 1393:
        -: 1394:#if !defined(_LIBCPP_CXX03_LANG)
        -: 1395:
        -: 1396:template <class _Alloc, class _Tp, class ..._Args>
        -: 1397:decltype(_VSTD::declval<_Alloc>().construct(_VSTD::declval<_Tp*>(),
        -: 1398:                                           _VSTD::declval<_Args>()...),
        -: 1399:                                           true_type())
        -: 1400:__has_construct_test(_Alloc&& __a, _Tp* __p, _Args&& ...__args);
        -: 1401:
        -: 1402:template <class _Alloc, class _Pointer, class ..._Args>
        -: 1403:false_type
        -: 1404:__has_construct_test(const _Alloc& __a, _Pointer&& __p, _Args&& ...__args);
        -: 1405:
        -: 1406:template <class _Alloc, class _Pointer, class ..._Args>
        -: 1407:struct __has_construct
        -: 1408:    : integral_constant<bool,
        -: 1409:        is_same<
        -: 1410:            decltype(_VSTD::__has_construct_test(declval<_Alloc>(),
        -: 1411:                                          declval<_Pointer>(),
        -: 1412:                                          declval<_Args>()...)),
        -: 1413:            true_type>::value>
        -: 1414:{
        -: 1415:};
        -: 1416:
        -: 1417:template <class _Alloc, class _Pointer>
        -: 1418:auto
        -: 1419:__has_destroy_test(_Alloc&& __a, _Pointer&& __p)
        -: 1420:    -> decltype(__a.destroy(__p), true_type());
        -: 1421:
        -: 1422:template <class _Alloc, class _Pointer>
        -: 1423:auto
        -: 1424:__has_destroy_test(const _Alloc& __a, _Pointer&& __p)
        -: 1425:    -> false_type;
        -: 1426:
        -: 1427:template <class _Alloc, class _Pointer>
        -: 1428:struct __has_destroy
        -: 1429:    : integral_constant<bool,
        -: 1430:        is_same<
        -: 1431:            decltype(_VSTD::__has_destroy_test(declval<_Alloc>(),
        -: 1432:                                        declval<_Pointer>())),
        -: 1433:            true_type>::value>
        -: 1434:{
        -: 1435:};
        -: 1436:
        -: 1437:template <class _Alloc>
        -: 1438:auto
        -: 1439:__has_max_size_test(_Alloc&& __a)
        -: 1440:    -> decltype(__a.max_size(), true_type());
        -: 1441:
        -: 1442:template <class _Alloc>
        -: 1443:auto
        -: 1444:__has_max_size_test(const volatile _Alloc& __a)
        -: 1445:    -> false_type;
        -: 1446:
        -: 1447:template <class _Alloc>
        -: 1448:struct __has_max_size
        -: 1449:    : integral_constant<bool,
        -: 1450:        is_same<
        -: 1451:            decltype(_VSTD::__has_max_size_test(declval<_Alloc&>())),
        -: 1452:            true_type>::value>
        -: 1453:{
        -: 1454:};
        -: 1455:
        -: 1456:template <class _Alloc>
        -: 1457:auto
        -: 1458:__has_select_on_container_copy_construction_test(_Alloc&& __a)
        -: 1459:    -> decltype(__a.select_on_container_copy_construction(), true_type());
        -: 1460:
        -: 1461:template <class _Alloc>
        -: 1462:auto
        -: 1463:__has_select_on_container_copy_construction_test(const volatile _Alloc& __a)
        -: 1464:    -> false_type;
        -: 1465:
        -: 1466:template <class _Alloc>
        -: 1467:struct __has_select_on_container_copy_construction
        -: 1468:    : integral_constant<bool,
        -: 1469:        is_same<
        -: 1470:            decltype(_VSTD::__has_select_on_container_copy_construction_test(declval<_Alloc&>())),
        -: 1471:            true_type>::value>
        -: 1472:{
        -: 1473:};
        -: 1474:
        -: 1475:#else  // _LIBCPP_CXX03_LANG
        -: 1476:
        -: 1477:template <class _Alloc, class _Pointer, class _Tp, class = void>
        -: 1478:struct __has_construct : std::false_type {};
        -: 1479:
        -: 1480:template <class _Alloc, class _Pointer, class _Tp>
        -: 1481:struct __has_construct<_Alloc, _Pointer, _Tp, typename __void_t<
        -: 1482:    decltype(_VSTD::declval<_Alloc>().construct(_VSTD::declval<_Pointer>(), _VSTD::declval<_Tp>()))
        -: 1483:>::type> : std::true_type {};
        -: 1484:
        -: 1485:template <class _Alloc, class _Pointer, class = void>
        -: 1486:struct __has_destroy : false_type {};
        -: 1487:
        -: 1488:template <class _Alloc, class _Pointer>
        -: 1489:struct __has_destroy<_Alloc, _Pointer, typename __void_t<
        -: 1490:    decltype(_VSTD::declval<_Alloc>().destroy(_VSTD::declval<_Pointer>()))
        -: 1491:>::type> : std::true_type {};
        -: 1492:
        -: 1493:template <class _Alloc>
        -: 1494:struct __has_max_size
        -: 1495:    : true_type
        -: 1496:{
        -: 1497:};
        -: 1498:
        -: 1499:template <class _Alloc>
        -: 1500:struct __has_select_on_container_copy_construction
        -: 1501:    : false_type
        -: 1502:{
        -: 1503:};
        -: 1504:
        -: 1505:#endif  // _LIBCPP_CXX03_LANG
        -: 1506:
        -: 1507:template <class _Alloc, class _Ptr, bool = __has_difference_type<_Alloc>::value>
        -: 1508:struct __alloc_traits_difference_type
        -: 1509:{
        -: 1510:    typedef _LIBCPP_NODEBUG_TYPE typename pointer_traits<_Ptr>::difference_type type;
        -: 1511:};
        -: 1512:
        -: 1513:template <class _Alloc, class _Ptr>
        -: 1514:struct __alloc_traits_difference_type<_Alloc, _Ptr, true>
        -: 1515:{
        -: 1516:    typedef _LIBCPP_NODEBUG_TYPE typename _Alloc::difference_type type;
        -: 1517:};
        -: 1518:
        -: 1519:template <class _Tp>
        -: 1520:struct __is_default_allocator : false_type {};
        -: 1521:
        -: 1522:template <class _Tp>
        -: 1523:struct __is_default_allocator<_VSTD::allocator<_Tp> > : true_type {};
        -: 1524:
        -: 1525:
        -: 1526:
        -: 1527:template <class _Alloc,
        -: 1528:    bool = __has_construct<_Alloc, typename _Alloc::value_type*,  typename _Alloc::value_type&&>::value && !__is_default_allocator<_Alloc>::value
        -: 1529:    >
        -: 1530:struct __is_cpp17_move_insertable;
        -: 1531:template <class _Alloc>
        -: 1532:struct __is_cpp17_move_insertable<_Alloc, true> : std::true_type {};
        -: 1533:template <class _Alloc>
        -: 1534:struct __is_cpp17_move_insertable<_Alloc, false> : std::is_move_constructible<typename _Alloc::value_type> {};
        -: 1535:
        -: 1536:template <class _Alloc,
        -: 1537:    bool = __has_construct<_Alloc, typename _Alloc::value_type*, const typename _Alloc::value_type&>::value && !__is_default_allocator<_Alloc>::value
        -: 1538:    >
        -: 1539:struct __is_cpp17_copy_insertable;
        -: 1540:template <class _Alloc>
        -: 1541:struct __is_cpp17_copy_insertable<_Alloc, true> : __is_cpp17_move_insertable<_Alloc> {};
        -: 1542:template <class _Alloc>
        -: 1543:struct __is_cpp17_copy_insertable<_Alloc, false> : integral_constant<bool,
        -: 1544:    std::is_copy_constructible<typename _Alloc::value_type>::value &&
        -: 1545:    __is_cpp17_move_insertable<_Alloc>::value>
        -: 1546:  {};
        -: 1547:
        -: 1548:
        -: 1549:
        -: 1550:template <class _Alloc>
        -: 1551:struct _LIBCPP_TEMPLATE_VIS allocator_traits
        -: 1552:{
        -: 1553:    typedef _Alloc                              allocator_type;
        -: 1554:    typedef typename allocator_type::value_type value_type;
        -: 1555:
        -: 1556:    typedef typename __pointer_type<value_type, allocator_type>::type pointer;
        -: 1557:    typedef typename __const_pointer<value_type, pointer, allocator_type>::type const_pointer;
        -: 1558:    typedef typename __void_pointer<pointer, allocator_type>::type void_pointer;
        -: 1559:    typedef typename __const_void_pointer<pointer, allocator_type>::type const_void_pointer;
        -: 1560:
        -: 1561:    typedef typename __alloc_traits_difference_type<allocator_type, pointer>::type difference_type;
        -: 1562:    typedef typename __size_type<allocator_type, difference_type>::type size_type;
        -: 1563:
        -: 1564:    typedef typename __propagate_on_container_copy_assignment<allocator_type>::type
        -: 1565:                     propagate_on_container_copy_assignment;
        -: 1566:    typedef typename __propagate_on_container_move_assignment<allocator_type>::type
        -: 1567:                     propagate_on_container_move_assignment;
        -: 1568:    typedef typename __propagate_on_container_swap<allocator_type>::type
        -: 1569:                     propagate_on_container_swap;
        -: 1570:    typedef typename __is_always_equal<allocator_type>::type
        -: 1571:                     is_always_equal;
        -: 1572:
        -: 1573:#ifndef _LIBCPP_CXX03_LANG
        -: 1574:    template <class _Tp> using rebind_alloc =
        -: 1575:                  typename __allocator_traits_rebind<allocator_type, _Tp>::type;
        -: 1576:    template <class _Tp> using rebind_traits = allocator_traits<rebind_alloc<_Tp> >;
        -: 1577:#else  // _LIBCPP_CXX03_LANG
        -: 1578:    template <class _Tp> struct rebind_alloc
        -: 1579:        {typedef typename __allocator_traits_rebind<allocator_type, _Tp>::type other;};
        -: 1580:    template <class _Tp> struct rebind_traits
        -: 1581:        {typedef allocator_traits<typename rebind_alloc<_Tp>::other> other;};
        -: 1582:#endif  // _LIBCPP_CXX03_LANG
        -: 1583:
        -: 1584:    _LIBCPP_NODISCARD_AFTER_CXX17 _LIBCPP_INLINE_VISIBILITY
function _ZNSt3__116allocator_traitsINS_9allocatorIiEEE8allocateERS2_m called 0 returned 0% blocks executed 0%
function _ZNSt3__116allocator_traitsINS_9allocatorINS_6vectorIiNS1_IiEEEEEEE8allocateERS5_m called 0 returned 0% blocks executed 0%
function _ZNSt3__116allocator_traitsINS_9allocatorIcEEE8allocateERS2_m called 0 returned 0% blocks executed 0%
    #####: 1585:    static pointer allocate(allocator_type& __a, size_type __n)
    $$$$$: 1585-block  0
    $$$$$: 1585-block  1
    $$$$$: 1585-block  2
[...]
        -: 4905:    if (__r.__cntrl_)
        -: 4906:        __r.__ptr_ = __ptr_;
        -: 4907:    return __r;
        -: 4908:}
        -: 4909:
        -: 4910:#if _LIBCPP_STD_VER > 14
        -: 4911:template <class _Tp = void> struct owner_less;
        -: 4912:#else
        -: 4913:template <class _Tp> struct owner_less;
        -: 4914:#endif
        -: 4915:
        -: 4916:template <class _Tp>
        -: 4917:struct _LIBCPP_TEMPLATE_VIS owner_less<shared_ptr<_Tp> >
        -: 4918:    : binary_function<shared_ptr<_Tp>, shared_ptr<_Tp>, bool>
        -: 4919:{
        -: 4920:    typedef bool result_type;
        -: 4921:    _LIBCPP_INLINE_VISIBILITY
        -: 4922:    bool operator()(shared_ptr<_Tp> const& __x, shared_ptr<_Tp> const& __y) const _NOEXCEPT
        -: 4923:        {return __x.owner_before(__y);}
        -: 4924:    _LIBCPP_INLINE_VISIBILITY
        -: 4925:    bool operator()(shared_ptr<_Tp> const& __x,   weak_ptr<_Tp> const& __y) const _NOEXCEPT
        -: 4926:        {return __x.owner_before(__y);}
        -: 4927:    _LIBCPP_INLINE_VISIBILITY
        -: 4928:    bool operator()(  weak_ptr<_Tp> const& __x, shared_ptr<_Tp> const& __y) const _NOEXCEPT
        -: 4929:        {return __x.owner_before(__y);}
        -: 4930:};
        -: 4931:
        -: 4932:template <class _Tp>
        -: 4933:struct _LIBCPP_TEMPLATE_VIS owner_less<weak_ptr<_Tp> >
        -: 4934:    : binary_function<weak_ptr<_Tp>, weak_ptr<_Tp>, bool>
        -: 4935:{
        -: 4936:    typedef bool result_type;
        -: 4937:    _LIBCPP_INLINE_VISIBILITY
        -: 4938:    bool operator()(  weak_ptr<_Tp> const& __x,   weak_ptr<_Tp> const& __y) const _NOEXCEPT
        -: 4939:        {return __x.owner_before(__y);}
        -: 4940:    _LIBCPP_INLINE_VISIBILITY
        -: 4941:    bool operator()(shared_ptr<_Tp> const& __x,   weak_ptr<_Tp> const& __y) const _NOEXCEPT
        -: 4942:        {return __x.owner_before(__y);}
        -: 4943:    _LIBCPP_INLINE_VISIBILITY
        -: 4944:    bool operator()(  weak_ptr<_Tp> const& __x, shared_ptr<_Tp> const& __y) const _NOEXCEPT
        -: 4945:        {return __x.owner_before(__y);}
        -: 4946:};
        -: 4947:
        -: 4948:#if _LIBCPP_STD_VER > 14
        -: 4949:template <>
        -: 4950:struct _LIBCPP_TEMPLATE_VIS owner_less<void>
        -: 4951:{
        -: 4952:    template <class _Tp, class _Up>
        -: 4953:    _LIBCPP_INLINE_VISIBILITY
        -: 4954:    bool operator()( shared_ptr<_Tp> const& __x, shared_ptr<_Up> const& __y) const _NOEXCEPT
        -: 4955:        {return __x.owner_before(__y);}
        -: 4956:    template <class _Tp, class _Up>
        -: 4957:    _LIBCPP_INLINE_VISIBILITY
        -: 4958:    bool operator()( shared_ptr<_Tp> const& __x,   weak_ptr<_Up> const& __y) const _NOEXCEPT
        -: 4959:        {return __x.owner_before(__y);}
        -: 4960:    template <class _Tp, class _Up>
        -: 4961:    _LIBCPP_INLINE_VISIBILITY
        -: 4962:    bool operator()(   weak_ptr<_Tp> const& __x, shared_ptr<_Up> const& __y) const _NOEXCEPT
        -: 4963:        {return __x.owner_before(__y);}
        -: 4964:    template <class _Tp, class _Up>
        -: 4965:    _LIBCPP_INLINE_VISIBILITY
        -: 4966:    bool operator()(   weak_ptr<_Tp> const& __x,   weak_ptr<_Up> const& __y) const _NOEXCEPT
        -: 4967:        {return __x.owner_before(__y);}
        -: 4968:    typedef void is_transparent;
        -: 4969:};
        -: 4970:#endif
        -: 4971:
        -: 4972:template<class _Tp>
        -: 4973:class _LIBCPP_TEMPLATE_VIS enable_shared_from_this
        -: 4974:{
        -: 4975:    mutable weak_ptr<_Tp> __weak_this_;
        -: 4976:protected:
        -: 4977:    _LIBCPP_INLINE_VISIBILITY _LIBCPP_CONSTEXPR
        -: 4978:    enable_shared_from_this() _NOEXCEPT {}
        -: 4979:    _LIBCPP_INLINE_VISIBILITY
        -: 4980:    enable_shared_from_this(enable_shared_from_this const&) _NOEXCEPT {}
        -: 4981:    _LIBCPP_INLINE_VISIBILITY
        -: 4982:    enable_shared_from_this& operator=(enable_shared_from_this const&) _NOEXCEPT
        -: 4983:        {return *this;}
        -: 4984:    _LIBCPP_INLINE_VISIBILITY
        -: 4985:    ~enable_shared_from_this() {}
        -: 4986:public:
        -: 4987:    _LIBCPP_INLINE_VISIBILITY
        -: 4988:    shared_ptr<_Tp> shared_from_this()
        -: 4989:        {return shared_ptr<_Tp>(__weak_this_);}
        -: 4990:    _LIBCPP_INLINE_VISIBILITY
        -: 4991:    shared_ptr<_Tp const> shared_from_this() const
        -: 4992:        {return shared_ptr<const _Tp>(__weak_this_);}
        -: 4993:
        -: 4994:#if _LIBCPP_STD_VER > 14
        -: 4995:    _LIBCPP_INLINE_VISIBILITY
        -: 4996:    weak_ptr<_Tp> weak_from_this() _NOEXCEPT
        -: 4997:       { return __weak_this_; }
        -: 4998:
        -: 4999:    _LIBCPP_INLINE_VISIBILITY
        -: 5000:    weak_ptr<const _Tp> weak_from_this() const _NOEXCEPT
        -: 5001:        { return __weak_this_; }
        -: 5002:#endif // _LIBCPP_STD_VER > 14
        -: 5003:
        -: 5004:    template <class _Up> friend class shared_ptr;
        -: 5005:};
        -: 5006:
        -: 5007:template <class _Tp>
        -: 5008:struct _LIBCPP_TEMPLATE_VIS hash<shared_ptr<_Tp> >
        -: 5009:{
        -: 5010:    typedef shared_ptr<_Tp>      argument_type;
        -: 5011:    typedef size_t               result_type;
        -: 5012:
        -: 5013:    _LIBCPP_INLINE_VISIBILITY
        -: 5014:    result_type operator()(const argument_type& __ptr) const _NOEXCEPT
        -: 5015:    {
        -: 5016:        return hash<_Tp*>()(__ptr.get());
        -: 5017:    }
        -: 5018:};
        -: 5019:
        -: 5020:template<class _CharT, class _Traits, class _Yp>
        -: 5021:inline _LIBCPP_INLINE_VISIBILITY
        -: 5022:basic_ostream<_CharT, _Traits>&
        -: 5023:operator<<(basic_ostream<_CharT, _Traits>& __os, shared_ptr<_Yp> const& __p);
        -: 5024:
        -: 5025:
        -: 5026:#if !defined(_LIBCPP_HAS_NO_ATOMIC_HEADER)
        -: 5027:
        -: 5028:class _LIBCPP_TYPE_VIS __sp_mut
        -: 5029:{
        -: 5030:    void* __lx;
        -: 5031:public:
        -: 5032:    void lock() _NOEXCEPT;
        -: 5033:    void unlock() _NOEXCEPT;
        -: 5034:
        -: 5035:private:
        -: 5036:    _LIBCPP_CONSTEXPR __sp_mut(void*) _NOEXCEPT;
        -: 5037:    __sp_mut(const __sp_mut&);
        -: 5038:    __sp_mut& operator=(const __sp_mut&);
        -: 5039:
        -: 5040:    friend _LIBCPP_FUNC_VIS __sp_mut& __get_sp_mut(const void*);
        -: 5041:};
        -: 5042:
        -: 5043:_LIBCPP_FUNC_VIS _LIBCPP_AVAILABILITY_ATOMIC_SHARED_PTR
        -: 5044:__sp_mut& __get_sp_mut(const void*);
        -: 5045:
        -: 5046:template <class _Tp>
        -: 5047:inline _LIBCPP_INLINE_VISIBILITY
        -: 5048:bool
        -: 5049:atomic_is_lock_free(const shared_ptr<_Tp>*)
        -: 5050:{
        -: 5051:    return false;
        -: 5052:}
        -: 5053:
        -: 5054:template <class _Tp>
        -: 5055:_LIBCPP_AVAILABILITY_ATOMIC_SHARED_PTR
        -: 5056:shared_ptr<_Tp>
        -: 5057:atomic_load(const shared_ptr<_Tp>* __p)
        -: 5058:{
        -: 5059:    __sp_mut& __m = __get_sp_mut(__p);
        -: 5060:    __m.lock();
        -: 5061:    shared_ptr<_Tp> __q = *__p;
        -: 5062:    __m.unlock();
        -: 5063:    return __q;
        -: 5064:}
        -: 5065:
        -: 5066:template <class _Tp>
        -: 5067:inline _LIBCPP_INLINE_VISIBILITY
        -: 5068:_LIBCPP_AVAILABILITY_ATOMIC_SHARED_PTR
        -: 5069:shared_ptr<_Tp>
        -: 5070:atomic_load_explicit(const shared_ptr<_Tp>* __p, memory_order)
        -: 5071:{
        -: 5072:    return atomic_load(__p);
        -: 5073:}
        -: 5074:
        -: 5075:template <class _Tp>
        -: 5076:_LIBCPP_AVAILABILITY_ATOMIC_SHARED_PTR
        -: 5077:void
        -: 5078:atomic_store(shared_ptr<_Tp>* __p, shared_ptr<_Tp> __r)
        -: 5079:{
        -: 5080:    __sp_mut& __m = __get_sp_mut(__p);
        -: 5081:    __m.lock();
        -: 5082:    __p->swap(__r);
        -: 5083:    __m.unlock();
        -: 5084:}
        -: 5085:
        -: 5086:template <class _Tp>
        -: 5087:inline _LIBCPP_INLINE_VISIBILITY
        -: 5088:_LIBCPP_AVAILABILITY_ATOMIC_SHARED_PTR
        -: 5089:void
        -: 5090:atomic_store_explicit(shared_ptr<_Tp>* __p, shared_ptr<_Tp> __r, memory_order)
        -: 5091:{
        -: 5092:    atomic_store(__p, __r);
        -: 5093:}
        -: 5094:
        -: 5095:template <class _Tp>
        -: 5096:_LIBCPP_AVAILABILITY_ATOMIC_SHARED_PTR
        -: 5097:shared_ptr<_Tp>
        -: 5098:atomic_exchange(shared_ptr<_Tp>* __p, shared_ptr<_Tp> __r)
        -: 5099:{
        -: 5100:    __sp_mut& __m = __get_sp_mut(__p);
        -: 5101:    __m.lock();
        -: 5102:    __p->swap(__r);
        -: 5103:    __m.unlock();
        -: 5104:    return __r;
        -: 5105:}
        -: 5106:
        -: 5107:template <class _Tp>
        -: 5108:inline _LIBCPP_INLINE_VISIBILITY
        -: 5109:_LIBCPP_AVAILABILITY_ATOMIC_SHARED_PTR
        -: 5110:shared_ptr<_Tp>
        -: 5111:atomic_exchange_explicit(shared_ptr<_Tp>* __p, shared_ptr<_Tp> __r, memory_order)
        -: 5112:{
        -: 5113:    return atomic_exchange(__p, __r);
        -: 5114:}
        -: 5115:
        -: 5116:template <class _Tp>
        -: 5117:_LIBCPP_AVAILABILITY_ATOMIC_SHARED_PTR
        -: 5118:bool
        -: 5119:atomic_compare_exchange_strong(shared_ptr<_Tp>* __p, shared_ptr<_Tp>* __v, shared_ptr<_Tp> __w)
        -: 5120:{
        -: 5121:    shared_ptr<_Tp> __temp;
        -: 5122:    __sp_mut& __m = __get_sp_mut(__p);
        -: 5123:    __m.lock();
        -: 5124:    if (__p->__owner_equivalent(*__v))
        -: 5125:    {
        -: 5126:        _VSTD::swap(__temp, *__p);
        -: 5127:        *__p = __w;
        -: 5128:        __m.unlock();
        -: 5129:        return true;
        -: 5130:    }
        -: 5131:    _VSTD::swap(__temp, *__v);
        -: 5132:    *__v = *__p;
        -: 5133:    __m.unlock();
        -: 5134:    return false;
        -: 5135:}
        -: 5136:
        -: 5137:template <class _Tp>
        -: 5138:inline _LIBCPP_INLINE_VISIBILITY
        -: 5139:_LIBCPP_AVAILABILITY_ATOMIC_SHARED_PTR
        -: 5140:bool
        -: 5141:atomic_compare_exchange_weak(shared_ptr<_Tp>* __p, shared_ptr<_Tp>* __v, shared_ptr<_Tp> __w)
        -: 5142:{
        -: 5143:    return atomic_compare_exchange_strong(__p, __v, __w);
        -: 5144:}
        -: 5145:
        -: 5146:template <class _Tp>
        -: 5147:inline _LIBCPP_INLINE_VISIBILITY
        -: 5148:_LIBCPP_AVAILABILITY_ATOMIC_SHARED_PTR
        -: 5149:bool
        -: 5150:atomic_compare_exchange_strong_explicit(shared_ptr<_Tp>* __p, shared_ptr<_Tp>* __v,
        -: 5151:                                        shared_ptr<_Tp> __w, memory_order, memory_order)
        -: 5152:{
        -: 5153:    return atomic_compare_exchange_strong(__p, __v, __w);
        -: 5154:}
        -: 5155:
        -: 5156:template <class _Tp>
        -: 5157:inline _LIBCPP_INLINE_VISIBILITY
        -: 5158:_LIBCPP_AVAILABILITY_ATOMIC_SHARED_PTR
        -: 5159:bool
        -: 5160:atomic_compare_exchange_weak_explicit(shared_ptr<_Tp>* __p, shared_ptr<_Tp>* __v,
        -: 5161:                                      shared_ptr<_Tp> __w, memory_order, memory_order)
        -: 5162:{
        -: 5163:    return atomic_compare_exchange_weak(__p, __v, __w);
        -: 5164:}
        -: 5165:
        -: 5166:#endif  // !defined(_LIBCPP_HAS_NO_ATOMIC_HEADER)
        -: 5167:
        -: 5168://enum class
        -: 5169:#if defined(_LIBCPP_ABI_POINTER_SAFETY_ENUM_TYPE)
        -: 5170:# ifndef _LIBCPP_CXX03_LANG
        -: 5171:enum class pointer_safety : unsigned char {
        -: 5172:  relaxed,
        -: 5173:  preferred,
        -: 5174:  strict
        -: 5175:};
        -: 5176:# endif
        -: 5177:#else
        -: 5178:struct _LIBCPP_TYPE_VIS pointer_safety
        -: 5179:{
        -: 5180:    enum __lx
        -: 5181:    {
        -: 5182:        relaxed,
        -: 5183:        preferred,
        -: 5184:        strict
        -: 5185:    };
        -: 5186:
        -: 5187:    __lx __v_;
        -: 5188:
        -: 5189:    _LIBCPP_INLINE_VISIBILITY
        -: 5190:    pointer_safety() : __v_() {}
        -: 5191:
        -: 5192:    _LIBCPP_INLINE_VISIBILITY
        -: 5193:    pointer_safety(__lx __v) : __v_(__v) {}
        -: 5194:    _LIBCPP_INLINE_VISIBILITY
        -: 5195:    operator int() const {return __v_;}
        -: 5196:};
        -: 5197:#endif
        -: 5198:
        -: 5199:#if !defined(_LIBCPP_ABI_POINTER_SAFETY_ENUM_TYPE) && \
        -: 5200:    defined(_LIBCPP_BUILDING_LIBRARY)
        -: 5201:_LIBCPP_FUNC_VIS pointer_safety get_pointer_safety() _NOEXCEPT;
        -: 5202:#else
        -: 5203:// This function is only offered in C++03 under ABI v1.
        -: 5204:# if !defined(_LIBCPP_ABI_POINTER_SAFETY_ENUM_TYPE) || !defined(_LIBCPP_CXX03_LANG)
        -: 5205:inline _LIBCPP_INLINE_VISIBILITY
        -: 5206:pointer_safety get_pointer_safety() _NOEXCEPT {
        -: 5207:  return pointer_safety::relaxed;
        -: 5208:}
        -: 5209:# endif
        -: 5210:#endif
        -: 5211:
        -: 5212:
        -: 5213:_LIBCPP_FUNC_VIS void declare_reachable(void* __p);
        -: 5214:_LIBCPP_FUNC_VIS void declare_no_pointers(char* __p, size_t __n);
        -: 5215:_LIBCPP_FUNC_VIS void undeclare_no_pointers(char* __p, size_t __n);
        -: 5216:_LIBCPP_FUNC_VIS void* __undeclare_reachable(void* __p);
        -: 5217:
        -: 5218:template <class _Tp>
        -: 5219:inline _LIBCPP_INLINE_VISIBILITY
        -: 5220:_Tp*
        -: 5221:undeclare_reachable(_Tp* __p)
        -: 5222:{
        -: 5223:    return static_cast<_Tp*>(__undeclare_reachable(__p));
        -: 5224:}
        -: 5225:
        -: 5226:_LIBCPP_FUNC_VIS void* align(size_t __align, size_t __sz, void*& __ptr, size_t& __space);
        -: 5227:
        -: 5228:// --- Helper for container swap --
        -: 5229:template <typename _Alloc>
        -: 5230:inline _LIBCPP_INLINE_VISIBILITY
        -: 5231:void __swap_allocator(_Alloc & __a1, _Alloc & __a2)
        -: 5232:#if _LIBCPP_STD_VER >= 14
        -: 5233:    _NOEXCEPT
        -: 5234:#else
        -: 5235:    _NOEXCEPT_(__is_nothrow_swappable<_Alloc>::value)
        -: 5236:#endif
        -: 5237:{
        -: 5238:    __swap_allocator(__a1, __a2,
        -: 5239:      integral_constant<bool, _VSTD::allocator_traits<_Alloc>::propagate_on_container_swap::value>());
        -: 5240:}
        -: 5241:
        -: 5242:template <typename _Alloc>
        -: 5243:_LIBCPP_INLINE_VISIBILITY
        -: 5244:void __swap_allocator(_Alloc & __a1, _Alloc & __a2, true_type)
        -: 5245:#if _LIBCPP_STD_VER >= 14
        -: 5246:    _NOEXCEPT
        -: 5247:#else
        -: 5248:    _NOEXCEPT_(__is_nothrow_swappable<_Alloc>::value)
        -: 5249:#endif
        -: 5250:{
        -: 5251:    using _VSTD::swap;
        -: 5252:    swap(__a1, __a2);
        -: 5253:}
        -: 5254:
        -: 5255:template <typename _Alloc>
        -: 5256:inline _LIBCPP_INLINE_VISIBILITY
        -: 5257:void __swap_allocator(_Alloc &, _Alloc &, false_type) _NOEXCEPT {}
        -: 5258:
        -: 5259:template <typename _Alloc, typename _Traits=allocator_traits<_Alloc> >
        -: 5260:struct __noexcept_move_assign_container : public integral_constant<bool,
        -: 5261:    _Traits::propagate_on_container_move_assignment::value
        -: 5262:#if _LIBCPP_STD_VER > 14
        -: 5263:        || _Traits::is_always_equal::value
        -: 5264:#else
        -: 5265:        && is_nothrow_move_assignable<_Alloc>::value
        -: 5266:#endif
        -: 5267:    > {};
        -: 5268:
        -: 5269:
        -: 5270:#ifndef _LIBCPP_HAS_NO_VARIADICS
        -: 5271:template <class _Tp, class _Alloc>
        -: 5272:struct __temp_value {
        -: 5273:    typedef allocator_traits<_Alloc> _Traits;
        -: 5274:
        -: 5275:    typename aligned_storage<sizeof(_Tp), _LIBCPP_ALIGNOF(_Tp)>::type __v;
        -: 5276:    _Alloc &__a;
        -: 5277:
        -: 5278:    _Tp *__addr() { return reinterpret_cast<_Tp *>(addressof(__v)); }
        -: 5279:    _Tp &   get() { return *__addr(); }
        -: 5280:
        -: 5281:    template<class... _Args>
        -: 5282:    _LIBCPP_NO_CFI
        -: 5283:    __temp_value(_Alloc &__alloc, _Args&& ... __args) : __a(__alloc) {
        -: 5284:      _Traits::construct(__a, reinterpret_cast<_Tp*>(addressof(__v)),
        -: 5285:                         _VSTD::forward<_Args>(__args)...);
        -: 5286:    }
        -: 5287:
        -: 5288:    ~__temp_value() { _Traits::destroy(__a, __addr()); }
        -: 5289:    };
        -: 5290:#endif
        -: 5291:
        -: 5292:template<typename _Alloc, typename = void, typename = void>
        -: 5293:struct __is_allocator : false_type {};
        -: 5294:
        -: 5295:template<typename _Alloc>
        -: 5296:struct __is_allocator<_Alloc,
        -: 5297:       typename __void_t<typename _Alloc::value_type>::type,
        -: 5298:       typename __void_t<decltype(_VSTD::declval<_Alloc&>().allocate(size_t(0)))>::type
        -: 5299:     >
        -: 5300:   : true_type {};
        -: 5301:
        -: 5302:// __builtin_new_allocator -- A non-templated helper for allocating and
        -: 5303:// deallocating memory using __builtin_operator_new and
        -: 5304:// __builtin_operator_delete. It should be used in preference to
        -: 5305:// `std::allocator<T>` to avoid additional instantiations.
        -: 5306:struct __builtin_new_allocator {
        -: 5307:  struct __builtin_new_deleter {
        -: 5308:    typedef void* pointer_type;
        -: 5309:
        -: 5310:    _LIBCPP_CONSTEXPR explicit __builtin_new_deleter(size_t __size, size_t __align)
        -: 5311:        : __size_(__size), __align_(__align) {}
        -: 5312:
        -: 5313:    void operator()(void* p) const _NOEXCEPT {
        -: 5314:        std::__libcpp_deallocate(p, __size_, __align_);
        -: 5315:    }
        -: 5316:
        -: 5317:   private:
        -: 5318:    size_t __size_;
        -: 5319:    size_t __align_;
        -: 5320:  };
        -: 5321:
        -: 5322:  typedef unique_ptr<void, __builtin_new_deleter> __holder_t;
        -: 5323:
        -: 5324:  static __holder_t __allocate_bytes(size_t __s, size_t __align) {
        -: 5325:      return __holder_t(std::__libcpp_allocate(__s, __align),
        -: 5326:                     __builtin_new_deleter(__s, __align));
        -: 5327:  }
        -: 5328:
        -: 5329:  static void __deallocate_bytes(void* __p, size_t __s,
        -: 5330:                                 size_t __align) _NOEXCEPT {
        -: 5331:      std::__libcpp_deallocate(__p, __s, __align);
        -: 5332:  }
        -: 5333:
        -: 5334:  template <class _Tp>
        -: 5335:  _LIBCPP_NODEBUG _LIBCPP_ALWAYS_INLINE
        -: 5336:  static __holder_t __allocate_type(size_t __n) {
        -: 5337:      return __allocate_bytes(__n * sizeof(_Tp), _LIBCPP_ALIGNOF(_Tp));
        -: 5338:  }
        -: 5339:
        -: 5340:  template <class _Tp>
        -: 5341:  _LIBCPP_NODEBUG _LIBCPP_ALWAYS_INLINE
        -: 5342:  static void __deallocate_type(void* __p, size_t __n) _NOEXCEPT {
        -: 5343:      __deallocate_bytes(__p, __n * sizeof(_Tp), _LIBCPP_ALIGNOF(_Tp));
        -: 5344:  }
        -: 5345:};
        -: 5346:
        -: 5347:
        -: 5348:_LIBCPP_END_NAMESPACE_STD
        -: 5349:
        -: 5350:_LIBCPP_POP_MACROS
        -: 5351:
        -: 5352:#if defined(_LIBCPP_HAS_PARALLEL_ALGORITHMS) && _LIBCPP_STD_VER >= 17
        -: 5353:#   include <__pstl_memory>
        -: 5354:#endif
        -: 5355:
        -: 5356:#endif  // _LIBCPP_MEMORY
