        -:    0:Source:/Library/Developer/CommandLineTools/usr/bin/../include/c++/v1/type_traits
        -:    0:Graph:/Users/delficomerso/template-alumnos 2/cmake-build-debug/CMakeFiles/tpi.dir/test/esEncuestaValidaTEST.gcno
        -:    0:Data:/Users/delficomerso/template-alumnos 2/cmake-build-debug/CMakeFiles/tpi.dir/test/esEncuestaValidaTEST.gcda
        -:    0:Runs:1
        -:    0:Programs:1
        -:    1:// -*- C++ -*-
        -:    2://===------------------------ type_traits ---------------------------------===//
        -:    3://
        -:    4:// Part of the LLVM Project, under the Apache License v2.0 with LLVM Exceptions.
        -:    5:// See https://llvm.org/LICENSE.txt for license information.
        -:    6:// SPDX-License-Identifier: Apache-2.0 WITH LLVM-exception
        -:    7://
        -:    8://===----------------------------------------------------------------------===//
        -:    9:
        -:   10:#ifndef _LIBCPP_TYPE_TRAITS
        -:   11:#define _LIBCPP_TYPE_TRAITS
        -:   12:
        -:   13:/*
        -:   14:    type_traits synopsis
        -:   15:
        -:   16:namespace std
        -:   17:{
        -:   18:
        -:   19:    // helper class:
        -:   20:    template <class T, T v> struct integral_constant;
        -:   21:    typedef integral_constant<bool, true>  true_type;   // C++11
        -:   22:    typedef integral_constant<bool, false> false_type;  // C++11
        -:   23:
        -:   24:    template <bool B>                                   // C++14
        -:   25:    using bool_constant = integral_constant<bool, B>;   // C++14
        -:   26:    typedef bool_constant<true> true_type;              // C++14
        -:   27:    typedef bool_constant<false> false_type;            // C++14
        -:   28:
        -:   29:    // helper traits
        -:   30:    template <bool, class T = void> struct enable_if;
        -:   31:    template <bool, class T, class F> struct conditional;
        -:   32:
        -:   33:    // Primary classification traits:
        -:   34:    template <class T> struct is_void;
        -:   35:    template <class T> struct is_null_pointer;  // C++14
        -:   36:    template <class T> struct is_integral;
        -:   37:    template <class T> struct is_floating_point;
        -:   38:    template <class T> struct is_array;
        -:   39:    template <class T> struct is_pointer;
        -:   40:    template <class T> struct is_lvalue_reference;
        -:   41:    template <class T> struct is_rvalue_reference;
        -:   42:    template <class T> struct is_member_object_pointer;
        -:   43:    template <class T> struct is_member_function_pointer;
        -:   44:    template <class T> struct is_enum;
        -:   45:    template <class T> struct is_union;
        -:   46:    template <class T> struct is_class;
        -:   47:    template <class T> struct is_function;
        -:   48:
        -:   49:    // Secondary classification traits:
        -:   50:    template <class T> struct is_reference;
        -:   51:    template <class T> struct is_arithmetic;
        -:   52:    template <class T> struct is_fundamental;
        -:   53:    template <class T> struct is_member_pointer;
        -:   54:    template <class T> struct is_scalar;
        -:   55:    template <class T> struct is_object;
        -:   56:    template <class T> struct is_compound;
        -:   57:
        -:   58:    // Const-volatile properties and transformations:
        -:   59:    template <class T> struct is_const;
        -:   60:    template <class T> struct is_volatile;
        -:   61:    template <class T> struct remove_const;
        -:   62:    template <class T> struct remove_volatile;
        -:   63:    template <class T> struct remove_cv;
        -:   64:    template <class T> struct add_const;
        -:   65:    template <class T> struct add_volatile;
        -:   66:    template <class T> struct add_cv;
        -:   67:
        -:   68:    // Reference transformations:
        -:   69:    template <class T> struct remove_reference;
        -:   70:    template <class T> struct add_lvalue_reference;
        -:   71:    template <class T> struct add_rvalue_reference;
        -:   72:
        -:   73:    // Pointer transformations:
        -:   74:    template <class T> struct remove_pointer;
        -:   75:    template <class T> struct add_pointer;
        -:   76:
        -:   77:    template<class T> struct type_identity;                     // C++20
        -:   78:    template<class T>
        -:   79:      using type_identity_t = typename type_identity<T>::type;  // C++20
        -:   80:
        -:   81:    // Integral properties:
        -:   82:    template <class T> struct is_signed;
        -:   83:    template <class T> struct is_unsigned;
        -:   84:    template <class T> struct make_signed;
        -:   85:    template <class T> struct make_unsigned;
        -:   86:
        -:   87:    // Array properties and transformations:
        -:   88:    template <class T> struct rank;
        -:   89:    template <class T, unsigned I = 0> struct extent;
        -:   90:    template <class T> struct remove_extent;
        -:   91:    template <class T> struct remove_all_extents;
        -:   92:
        -:   93:    template <class T> struct is_bounded_array;                 // C++20
        -:   94:    template <class T> struct is_unbounded_array;               // C++20
        -:   95:
        -:   96:    // Member introspection:
        -:   97:    template <class T> struct is_pod;
        -:   98:    template <class T> struct is_trivial;
        -:   99:    template <class T> struct is_trivially_copyable;
        -:  100:    template <class T> struct is_standard_layout;
        -:  101:    template <class T> struct is_literal_type;
        -:  102:    template <class T> struct is_empty;
        -:  103:    template <class T> struct is_polymorphic;
        -:  104:    template <class T> struct is_abstract;
        -:  105:    template <class T> struct is_final; // C++14
        -:  106:    template <class T> struct is_aggregate; // C++17
        -:  107:
        -:  108:    template <class T, class... Args> struct is_constructible;
        -:  109:    template <class T>                struct is_default_constructible;
        -:  110:    template <class T>                struct is_copy_constructible;
        -:  111:    template <class T>                struct is_move_constructible;
        -:  112:    template <class T, class U>       struct is_assignable;
        -:  113:    template <class T>                struct is_copy_assignable;
        -:  114:    template <class T>                struct is_move_assignable;
        -:  115:    template <class T, class U>       struct is_swappable_with;       // C++17
        -:  116:    template <class T>                struct is_swappable;            // C++17
        -:  117:    template <class T>                struct is_destructible;
        -:  118:
        -:  119:    template <class T, class... Args> struct is_trivially_constructible;
        -:  120:    template <class T>                struct is_trivially_default_constructible;
        -:  121:    template <class T>                struct is_trivially_copy_constructible;
        -:  122:    template <class T>                struct is_trivially_move_constructible;
        -:  123:    template <class T, class U>       struct is_trivially_assignable;
        -:  124:    template <class T>                struct is_trivially_copy_assignable;
        -:  125:    template <class T>                struct is_trivially_move_assignable;
        -:  126:    template <class T>                struct is_trivially_destructible;
        -:  127:
        -:  128:    template <class T, class... Args> struct is_nothrow_constructible;
        -:  129:    template <class T>                struct is_nothrow_default_constructible;
        -:  130:    template <class T>                struct is_nothrow_copy_constructible;
        -:  131:    template <class T>                struct is_nothrow_move_constructible;
        -:  132:    template <class T, class U>       struct is_nothrow_assignable;
        -:  133:    template <class T>                struct is_nothrow_copy_assignable;
        -:  134:    template <class T>                struct is_nothrow_move_assignable;
        -:  135:    template <class T, class U>       struct is_nothrow_swappable_with; // C++17
        -:  136:    template <class T>                struct is_nothrow_swappable;      // C++17
        -:  137:    template <class T>                struct is_nothrow_destructible;
        -:  138:
        -:  139:    template <class T> struct has_virtual_destructor;
        -:  140:
        -:  141:    template<class T> struct has_unique_object_representations;         // C++17
        -:  142:
        -:  143:    // Relationships between types:
        -:  144:    template <class T, class U> struct is_same;
        -:  145:    template <class Base, class Derived> struct is_base_of;
        -:  146:
        -:  147:    template <class From, class To> struct is_convertible;
        -:  148:    template <typename From, typename To> struct is_nothrow_convertible;                  // C++20
        -:  149:    template <typename From, typename To> inline constexpr bool is_nothrow_convertible_v; // C++20
        -:  150:
        -:  151:    template <class Fn, class... ArgTypes> struct is_invocable;
        -:  152:    template <class R, class Fn, class... ArgTypes> struct is_invocable_r;
        -:  153:
        -:  154:    template <class Fn, class... ArgTypes> struct is_nothrow_invocable;
        -:  155:    template <class R, class Fn, class... ArgTypes> struct is_nothrow_invocable_r;
        -:  156:
        -:  157:    // Alignment properties and transformations:
        -:  158:    template <class T> struct alignment_of;
        -:  159:    template <size_t Len, size_t Align = most_stringent_alignment_requirement>
        -:  160:        struct aligned_storage;
        -:  161:    template <size_t Len, class... Types> struct aligned_union;
        -:  162:    template <class T> struct remove_cvref; // C++20
        -:  163:
        -:  164:    template <class T> struct decay;
        -:  165:    template <class... T> struct common_type;
        -:  166:    template <class T> struct underlying_type;
        -:  167:    template <class> class result_of; // undefined
        -:  168:    template <class Fn, class... ArgTypes> class result_of<Fn(ArgTypes...)>;
        -:  169:    template <class Fn, class... ArgTypes> struct invoke_result;  // C++17
        -:  170:
        -:  171:    // const-volatile modifications:
        -:  172:    template <class T>
        -:  173:      using remove_const_t    = typename remove_const<T>::type;  // C++14
        -:  174:    template <class T>
        -:  175:      using remove_volatile_t = typename remove_volatile<T>::type;  // C++14
        -:  176:    template <class T>
        -:  177:      using remove_cv_t       = typename remove_cv<T>::type;  // C++14
        -:  178:    template <class T>
        -:  179:      using add_const_t       = typename add_const<T>::type;  // C++14
        -:  180:    template <class T>
        -:  181:      using add_volatile_t    = typename add_volatile<T>::type;  // C++14
        -:  182:    template <class T>
        -:  183:      using add_cv_t          = typename add_cv<T>::type;  // C++14
        -:  184:
        -:  185:    // reference modifications:
        -:  186:    template <class T>
        -:  187:      using remove_reference_t     = typename remove_reference<T>::type;  // C++14
        -:  188:    template <class T>
        -:  189:      using add_lvalue_reference_t = typename add_lvalue_reference<T>::type;  // C++14
        -:  190:    template <class T>
        -:  191:      using add_rvalue_reference_t = typename add_rvalue_reference<T>::type;  // C++14
        -:  192:
        -:  193:    // sign modifications:
        -:  194:    template <class T>
        -:  195:      using make_signed_t   = typename make_signed<T>::type;  // C++14
        -:  196:    template <class T>
        -:  197:      using make_unsigned_t = typename make_unsigned<T>::type;  // C++14
        -:  198:
        -:  199:    // array modifications:
        -:  200:    template <class T>
        -:  201:      using remove_extent_t      = typename remove_extent<T>::type;  // C++14
        -:  202:    template <class T>
        -:  203:      using remove_all_extents_t = typename remove_all_extents<T>::type;  // C++14
        -:  204:
        -:  205:    template <class T>
        -:  206:      inline constexpr bool is_bounded_array_v
        -:  207:        = is_bounded_array<T>::value;                                     // C++20
        -:  208:      inline constexpr bool is_unbounded_array_v
        -:  209:        = is_unbounded_array<T>::value;                                   // C++20
        -:  210:
        -:  211:    // pointer modifications:
        -:  212:    template <class T>
        -:  213:      using remove_pointer_t = typename remove_pointer<T>::type;  // C++14
        -:  214:    template <class T>
        -:  215:      using add_pointer_t    = typename add_pointer<T>::type;  // C++14
        -:  216:
        -:  217:    // other transformations:
        -:  218:    template <size_t Len, std::size_t Align=default-alignment>
        -:  219:      using aligned_storage_t = typename aligned_storage<Len,Align>::type;  // C++14
        -:  220:    template <std::size_t Len, class... Types>
        -:  221:      using aligned_union_t   = typename aligned_union<Len,Types...>::type;  // C++14
        -:  222:    template <class T>
        -:  223:      using remove_cvref_t    = typename remove_cvref<T>::type;  // C++20
        -:  224:    template <class T>
        -:  225:      using decay_t           = typename decay<T>::type;  // C++14
        -:  226:    template <bool b, class T=void>
        -:  227:      using enable_if_t       = typename enable_if<b,T>::type;  // C++14
        -:  228:    template <bool b, class T, class F>
        -:  229:      using conditional_t     = typename conditional<b,T,F>::type;  // C++14
        -:  230:    template <class... T>
        -:  231:      using common_type_t     = typename common_type<T...>::type;  // C++14
        -:  232:    template <class T>
        -:  233:      using underlying_type_t = typename underlying_type<T>::type;  // C++14
        -:  234:    template <class T>
        -:  235:      using result_of_t       = typename result_of<T>::type;  // C++14
        -:  236:    template <class Fn, class... ArgTypes>
        -:  237:      using invoke_result_t   = typename invoke_result<Fn, ArgTypes...>::type;  // C++17
        -:  238:
        -:  239:    template <class...>
        -:  240:      using void_t = void;   // C++17
        -:  241:
        -:  242:      // See C++14 20.10.4.1, primary type categories
        -:  243:      template <class T> inline constexpr bool is_void_v
        -:  244:        = is_void<T>::value;                                             // C++17
        -:  245:      template <class T> inline constexpr bool is_null_pointer_v
        -:  246:        = is_null_pointer<T>::value;                                     // C++17
        -:  247:      template <class T> inline constexpr bool is_integral_v
        -:  248:        = is_integral<T>::value;                                         // C++17
        -:  249:      template <class T> inline constexpr bool is_floating_point_v
        -:  250:        = is_floating_point<T>::value;                                   // C++17
        -:  251:      template <class T> inline constexpr bool is_array_v
        -:  252:        = is_array<T>::value;                                            // C++17
        -:  253:      template <class T> inline constexpr bool is_pointer_v
        -:  254:        = is_pointer<T>::value;                                          // C++17
        -:  255:      template <class T> inline constexpr bool is_lvalue_reference_v
        -:  256:        = is_lvalue_reference<T>::value;                                 // C++17
        -:  257:      template <class T> inline constexpr bool is_rvalue_reference_v
        -:  258:        = is_rvalue_reference<T>::value;                                 // C++17
        -:  259:      template <class T> inline constexpr bool is_member_object_pointer_v
        -:  260:        = is_member_object_pointer<T>::value;                            // C++17
        -:  261:      template <class T> inline constexpr bool is_member_function_pointer_v
        -:  262:        = is_member_function_pointer<T>::value;                          // C++17
        -:  263:      template <class T> inline constexpr bool is_enum_v
        -:  264:        = is_enum<T>::value;                                             // C++17
        -:  265:      template <class T> inline constexpr bool is_union_v
        -:  266:        = is_union<T>::value;                                            // C++17
        -:  267:      template <class T> inline constexpr bool is_class_v
        -:  268:        = is_class<T>::value;                                            // C++17
        -:  269:      template <class T> inline constexpr bool is_function_v
        -:  270:        = is_function<T>::value;                                         // C++17
        -:  271:
        -:  272:      // See C++14 20.10.4.2, composite type categories
        -:  273:      template <class T> inline constexpr bool is_reference_v
        -:  274:        = is_reference<T>::value;                                        // C++17
        -:  275:      template <class T> inline constexpr bool is_arithmetic_v
        -:  276:        = is_arithmetic<T>::value;                                       // C++17
        -:  277:      template <class T> inline constexpr bool is_fundamental_v
        -:  278:        = is_fundamental<T>::value;                                      // C++17
        -:  279:      template <class T> inline constexpr bool is_object_v
        -:  280:        = is_object<T>::value;                                           // C++17
        -:  281:      template <class T> inline constexpr bool is_scalar_v
        -:  282:        = is_scalar<T>::value;                                           // C++17
        -:  283:      template <class T> inline constexpr bool is_compound_v
        -:  284:        = is_compound<T>::value;                                         // C++17
        -:  285:      template <class T> inline constexpr bool is_member_pointer_v
        -:  286:        = is_member_pointer<T>::value;                                   // C++17
        -:  287:
        -:  288:      // See C++14 20.10.4.3, type properties
        -:  289:      template <class T> inline constexpr bool is_const_v
        -:  290:        = is_const<T>::value;                                            // C++17
        -:  291:      template <class T> inline constexpr bool is_volatile_v
        -:  292:        = is_volatile<T>::value;                                         // C++17
        -:  293:      template <class T> inline constexpr bool is_trivial_v
        -:  294:        = is_trivial<T>::value;                                          // C++17
        -:  295:      template <class T> inline constexpr bool is_trivially_copyable_v
        -:  296:        = is_trivially_copyable<T>::value;                               // C++17
        -:  297:      template <class T> inline constexpr bool is_standard_layout_v
        -:  298:        = is_standard_layout<T>::value;                                  // C++17
        -:  299:      template <class T> inline constexpr bool is_pod_v
        -:  300:        = is_pod<T>::value;                                              // C++17
        -:  301:      template <class T> inline constexpr bool is_literal_type_v
        -:  302:        = is_literal_type<T>::value;                                     // C++17
        -:  303:      template <class T> inline constexpr bool is_empty_v
        -:  304:        = is_empty<T>::value;                                            // C++17
        -:  305:      template <class T> inline constexpr bool is_polymorphic_v
        -:  306:        = is_polymorphic<T>::value;                                      // C++17
        -:  307:      template <class T> inline constexpr bool is_abstract_v
        -:  308:        = is_abstract<T>::value;                                         // C++17
        -:  309:      template <class T> inline constexpr bool is_final_v
        -:  310:        = is_final<T>::value;                                            // C++17
        -:  311:      template <class T> inline constexpr bool is_aggregate_v
        -:  312:        = is_aggregate<T>::value;                                        // C++17
        -:  313:      template <class T> inline constexpr bool is_signed_v
        -:  314:        = is_signed<T>::value;                                           // C++17
        -:  315:      template <class T> inline constexpr bool is_unsigned_v
        -:  316:        = is_unsigned<T>::value;                                         // C++17
        -:  317:      template <class T, class... Args> inline constexpr bool is_constructible_v
        -:  318:        = is_constructible<T, Args...>::value;                           // C++17
        -:  319:      template <class T> inline constexpr bool is_default_constructible_v
        -:  320:        = is_default_constructible<T>::value;                            // C++17
        -:  321:      template <class T> inline constexpr bool is_copy_constructible_v
        -:  322:        = is_copy_constructible<T>::value;                               // C++17
        -:  323:      template <class T> inline constexpr bool is_move_constructible_v
        -:  324:        = is_move_constructible<T>::value;                               // C++17
        -:  325:      template <class T, class U> inline constexpr bool is_assignable_v
        -:  326:        = is_assignable<T, U>::value;                                    // C++17
        -:  327:      template <class T> inline constexpr bool is_copy_assignable_v
        -:  328:        = is_copy_assignable<T>::value;                                  // C++17
        -:  329:      template <class T> inline constexpr bool is_move_assignable_v
        -:  330:        = is_move_assignable<T>::value;                                  // C++17
        -:  331:      template <class T, class U> inline constexpr bool is_swappable_with_v
        -:  332:        = is_swappable_with<T, U>::value;                                // C++17
        -:  333:      template <class T> inline constexpr bool is_swappable_v
        -:  334:        = is_swappable<T>::value;                                        // C++17
        -:  335:      template <class T> inline constexpr bool is_destructible_v
        -:  336:        = is_destructible<T>::value;                                     // C++17
        -:  337:      template <class T, class... Args> inline constexpr bool is_trivially_constructible_v
        -:  338:        = is_trivially_constructible<T, Args...>::value;                 // C++17
        -:  339:      template <class T> inline constexpr bool is_trivially_default_constructible_v
        -:  340:        = is_trivially_default_constructible<T>::value;                  // C++17
        -:  341:      template <class T> inline constexpr bool is_trivially_copy_constructible_v
        -:  342:        = is_trivially_copy_constructible<T>::value;                     // C++17
        -:  343:      template <class T> inline constexpr bool is_trivially_move_constructible_v
        -:  344:        = is_trivially_move_constructible<T>::value;                     // C++17
        -:  345:      template <class T, class U> inline constexpr bool is_trivially_assignable_v
        -:  346:        = is_trivially_assignable<T, U>::value;                          // C++17
        -:  347:      template <class T> inline constexpr bool is_trivially_copy_assignable_v
        -:  348:        = is_trivially_copy_assignable<T>::value;                        // C++17
        -:  349:      template <class T> inline constexpr bool is_trivially_move_assignable_v
        -:  350:        = is_trivially_move_assignable<T>::value;                        // C++17
        -:  351:      template <class T> inline constexpr bool is_trivially_destructible_v
        -:  352:        = is_trivially_destructible<T>::value;                           // C++17
        -:  353:      template <class T, class... Args> inline constexpr bool is_nothrow_constructible_v
        -:  354:        = is_nothrow_constructible<T, Args...>::value;                   // C++17
        -:  355:      template <class T> inline constexpr bool is_nothrow_default_constructible_v
        -:  356:        = is_nothrow_default_constructible<T>::value;                    // C++17
        -:  357:      template <class T> inline constexpr bool is_nothrow_copy_constructible_v
        -:  358:        = is_nothrow_copy_constructible<T>::value;                       // C++17
        -:  359:      template <class T> inline constexpr bool is_nothrow_move_constructible_v
        -:  360:        = is_nothrow_move_constructible<T>::value;                       // C++17
        -:  361:      template <class T, class U> inline constexpr bool is_nothrow_assignable_v
        -:  362:        = is_nothrow_assignable<T, U>::value;                            // C++17
        -:  363:      template <class T> inline constexpr bool is_nothrow_copy_assignable_v
        -:  364:        = is_nothrow_copy_assignable<T>::value;                          // C++17
        -:  365:      template <class T> inline constexpr bool is_nothrow_move_assignable_v
        -:  366:        = is_nothrow_move_assignable<T>::value;                          // C++17
        -:  367:      template <class T, class U> inline constexpr bool is_nothrow_swappable_with_v
        -:  368:        = is_nothrow_swappable_with<T, U>::value;                       // C++17
        -:  369:      template <class T> inline constexpr bool is_nothrow_swappable_v
        -:  370:        = is_nothrow_swappable<T>::value;                               // C++17
        -:  371:      template <class T> inline constexpr bool is_nothrow_destructible_v
        -:  372:        = is_nothrow_destructible<T>::value;                             // C++17
        -:  373:      template <class T> inline constexpr bool has_virtual_destructor_v
        -:  374:        = has_virtual_destructor<T>::value;                              // C++17
        -:  375:      template<class T> inline constexpr bool has_unique_object_representations_v // C++17
        -:  376:        = has_unique_object_representations<T>::value;
        -:  377:
        -:  378:      // See C++14 20.10.5, type property queries
        -:  379:      template <class T> inline constexpr size_t alignment_of_v
        -:  380:        = alignment_of<T>::value;                                        // C++17
        -:  381:      template <class T> inline constexpr size_t rank_v
        -:  382:        = rank<T>::value;                                                // C++17
        -:  383:      template <class T, unsigned I = 0> inline constexpr size_t extent_v
        -:  384:        = extent<T, I>::value;                                           // C++17
        -:  385:
        -:  386:      // See C++14 20.10.6, type relations
        -:  387:      template <class T, class U> inline constexpr bool is_same_v
        -:  388:        = is_same<T, U>::value;                                          // C++17
        -:  389:      template <class Base, class Derived> inline constexpr bool is_base_of_v
        -:  390:        = is_base_of<Base, Derived>::value;                              // C++17
        -:  391:      template <class From, class To> inline constexpr bool is_convertible_v
        -:  392:        = is_convertible<From, To>::value;                               // C++17
        -:  393:      template <class Fn, class... ArgTypes> inline constexpr bool is_invocable_v
        -:  394:        = is_invocable<Fn, ArgTypes...>::value;                          // C++17
        -:  395:      template <class R, class Fn, class... ArgTypes> inline constexpr bool is_invocable_r_v
        -:  396:        = is_invocable_r<R, Fn, ArgTypes...>::value;                     // C++17
        -:  397:      template <class Fn, class... ArgTypes> inline constexpr bool is_nothrow_invocable_v
        -:  398:        = is_nothrow_invocable<Fn, ArgTypes...>::value;                  // C++17
        -:  399:      template <class R, class Fn, class... ArgTypes> inline constexpr bool is_nothrow_invocable_r_v
        -:  400:        = is_nothrow_invocable_r<R, Fn, ArgTypes...>::value;             // C++17
        -:  401:
        -:  402:      // [meta.logical], logical operator traits:
        -:  403:      template<class... B> struct conjunction;                           // C++17
        -:  404:      template<class... B>
        -:  405:        inline constexpr bool conjunction_v = conjunction<B...>::value;  // C++17
        -:  406:      template<class... B> struct disjunction;                           // C++17
        -:  407:      template<class... B>
        -:  408:        inline constexpr bool disjunction_v = disjunction<B...>::value;  // C++17
        -:  409:      template<class B> struct negation;                                 // C++17
        -:  410:      template<class B>
        -:  411:        inline constexpr bool negation_v = negation<B>::value;           // C++17
        -:  412:
        -:  413:}
        -:  414:
        -:  415:*/
        -:  416:#include <__config>
        -:  417:#include <cstddef>
        -:  418:#include <__cxx_version>
        -:  419:
        -:  420:#if !defined(_LIBCPP_HAS_NO_PRAGMA_SYSTEM_HEADER)
        -:  421:#pragma GCC system_header
        -:  422:#endif
        -:  423:
        -:  424:_LIBCPP_BEGIN_NAMESPACE_STD
        -:  425:
        -:  426:template <class _T1, class _T2> struct _LIBCPP_TEMPLATE_VIS pair;
        -:  427:template <class _Tp> class _LIBCPP_TEMPLATE_VIS reference_wrapper;
        -:  428:template <class _Tp> struct _LIBCPP_TEMPLATE_VIS hash;
        -:  429:
        -:  430:template <class _Tp, _Tp __v>
        -:  431:struct _LIBCPP_TEMPLATE_VIS integral_constant
        -:  432:{
        -:  433:  static _LIBCPP_CONSTEXPR const _Tp      value = __v;
        -:  434:  typedef _Tp               value_type;
        -:  435:  typedef integral_constant type;
        -:  436:  _LIBCPP_INLINE_VISIBILITY
        -:  437:  _LIBCPP_CONSTEXPR operator value_type() const _NOEXCEPT {return value;}
        -:  438:#if _LIBCPP_STD_VER > 11
        -:  439:  _LIBCPP_INLINE_VISIBILITY
        -:  440:  constexpr value_type operator ()() const _NOEXCEPT {return value;}
        -:  441:#endif
        -:  442:};
        -:  443:
        -:  444:template <class _Tp, _Tp __v>
        -:  445:_LIBCPP_CONSTEXPR const _Tp integral_constant<_Tp, __v>::value;
        -:  446:
        -:  447:#if _LIBCPP_STD_VER > 14
        -:  448:template <bool __b>
        -:  449:using bool_constant = integral_constant<bool, __b>;
        -:  450:#define _LIBCPP_BOOL_CONSTANT(__b) bool_constant<(__b)>
        -:  451:#else
        -:  452:#define _LIBCPP_BOOL_CONSTANT(__b) integral_constant<bool,(__b)>
        -:  453:#endif
        -:  454:
        -:  455:typedef _LIBCPP_BOOL_CONSTANT(true)  true_type;
        -:  456:typedef _LIBCPP_BOOL_CONSTANT(false) false_type;
        -:  457:
        -:  458:template <bool _Val>
        -:  459:using _BoolConstant _LIBCPP_NODEBUG_TYPE = integral_constant<bool, _Val>;
        -:  460:
        -:  461:template <bool> struct _MetaBase;
        -:  462:template <>
        -:  463:struct _MetaBase<true> {
        -:  464:  template <class _Tp, class _Up>
        -:  465:  using _SelectImpl _LIBCPP_NODEBUG_TYPE = _Tp;
        -:  466:  template <template <class...> class _FirstFn, template <class...> class, class ..._Args>
        -:  467:  using _SelectApplyImpl _LIBCPP_NODEBUG_TYPE = _FirstFn<_Args...>;
        -:  468:  template <class _First, class...>
        -:  469:  using _FirstImpl _LIBCPP_NODEBUG_TYPE = _First;
        -:  470:  template <class, class _Second, class...>
        -:  471:  using _SecondImpl _LIBCPP_NODEBUG_TYPE = _Second;
        -:  472:  template <class _Tp = void>
        -:  473:  using _EnableIfImpl _LIBCPP_NODEBUG_TYPE = _Tp;
        -:  474:  template <class _Result, class _First, class ..._Rest>
        -:  475:  using _OrImpl _LIBCPP_NODEBUG_TYPE = typename _MetaBase<_First::value != true && sizeof...(_Rest) != 0>::template _OrImpl<_First, _Rest...>;
        -:  476:  template <class _Result, class _First, class ..._Rest>
        -:  477:  using _AndImpl _LIBCPP_NODEBUG_TYPE = typename _MetaBase<_First::value == true && sizeof...(_Rest) != 0>::template _AndImpl<_First, _Rest...>;
        -:  478:};
        -:  479:
        -:  480:template <>
        -:  481:struct _MetaBase<false> {
        -:  482:  template <class _Tp, class _Up>
        -:  483:  using _SelectImpl _LIBCPP_NODEBUG_TYPE = _Up;
        -:  484:  template <template <class...> class, template <class...> class _SecondFn, class ..._Args>
        -:  485:  using _SelectApplyImpl _LIBCPP_NODEBUG_TYPE = _SecondFn<_Args...>;
        -:  486:  template <class _Result, class ...>
        -:  487:  using _OrImpl _LIBCPP_NODEBUG_TYPE = _Result;
        -:  488:  template <class _Result, class ...>
        -:  489:  using _AndImpl _LIBCPP_NODEBUG_TYPE = _Result;
        -:  490:};
        -:  491:template <bool _Cond, class _Ret = void>
        -:  492:using _EnableIf _LIBCPP_NODEBUG_TYPE = typename _MetaBase<_Cond>::template _EnableIfImpl<_Ret>;
        -:  493:template <bool _Cond, class _IfRes, class _ElseRes>
        -:  494:using _If _LIBCPP_NODEBUG_TYPE = typename _MetaBase<_Cond>::template _SelectImpl<_IfRes, _ElseRes>;
        -:  495:template <class ..._Rest>
        -:  496:using _Or _LIBCPP_NODEBUG_TYPE = typename _MetaBase< sizeof...(_Rest) != 0 >::template _OrImpl<false_type, _Rest...>;
        -:  497:template <class ..._Rest>
        -:  498:using _And _LIBCPP_NODEBUG_TYPE = typename _MetaBase< sizeof...(_Rest) != 0 >::template _AndImpl<true_type, _Rest...>;
        -:  499:template <class _Pred>
        -:  500:struct _Not : _BoolConstant<!_Pred::value> {};
        -:  501:template <class ..._Args>
        -:  502:using _FirstType _LIBCPP_NODEBUG_TYPE = typename _MetaBase<(sizeof...(_Args) >= 1)>::template _FirstImpl<_Args...>;
        -:  503:template <class ..._Args>
        -:  504:using _SecondType _LIBCPP_NODEBUG_TYPE = typename _MetaBase<(sizeof...(_Args) >= 2)>::template _SecondImpl<_Args...>;
        -:  505:
        -:  506:template <template <class...> class _Func, class ..._Args>
        -:  507:struct _Lazy : _Func<_Args...> {};
        -:  508:
        -:  509:// Member detector base
        -:  510:
        -:  511:template <template <class...> class _Templ, class ..._Args, class = _Templ<_Args...> >
        -:  512:true_type __sfinae_test_impl(int);
        -:  513:template <template <class...> class, class ...>
        -:  514:false_type __sfinae_test_impl(...);
        -:  515:
        -:  516:template <template <class ...> class _Templ, class ..._Args>
        -:  517:using _IsValidExpansion _LIBCPP_NODEBUG_TYPE = decltype(std::__sfinae_test_impl<_Templ, _Args...>(0));
        -:  518:
        -:  519:template <class>
        -:  520:struct __void_t { typedef void type; };
        -:  521:
        -:  522:template <class _Tp>
        -:  523:struct __identity { typedef _Tp type; };
        -:  524:
        -:  525:template <class _Tp, bool>
        -:  526:struct _LIBCPP_TEMPLATE_VIS __dependent_type : public _Tp {};
        -:  527:
        -:  528:
        -:  529:template <bool _Bp, class _If, class _Then>
        -:  530:    struct _LIBCPP_TEMPLATE_VIS conditional {typedef _If type;};
        -:  531:template <class _If, class _Then>
        -:  532:    struct _LIBCPP_TEMPLATE_VIS conditional<false, _If, _Then> {typedef _Then type;};
        -:  533:
        -:  534:#if _LIBCPP_STD_VER > 11
        -:  535:template <bool _Bp, class _If, class _Then> using conditional_t = typename conditional<_Bp, _If, _Then>::type;
        -:  536:#endif
        -:  537:
        -:  538:template <bool, class _Tp = void> struct _LIBCPP_TEMPLATE_VIS enable_if {};
        -:  539:template <class _Tp> struct _LIBCPP_TEMPLATE_VIS enable_if<true, _Tp> {typedef _Tp type;};
        -:  540:
        -:  541:#if _LIBCPP_STD_VER > 11
        -:  542:template <bool _Bp, class _Tp = void> using enable_if_t = typename enable_if<_Bp, _Tp>::type;
        -:  543:#endif
        -:  544:
        -:  545:// is_same
        -:  546:
        -:  547:template <class _Tp, class _Up> struct _LIBCPP_TEMPLATE_VIS is_same           : public false_type {};
        -:  548:template <class _Tp>            struct _LIBCPP_TEMPLATE_VIS is_same<_Tp, _Tp> : public true_type {};
        -:  549:
        -:  550:#if _LIBCPP_STD_VER > 14 && !defined(_LIBCPP_HAS_NO_VARIABLE_TEMPLATES)
        -:  551:template <class _Tp, class _Up>
        -:  552:_LIBCPP_INLINE_VAR _LIBCPP_CONSTEXPR bool is_same_v
        -:  553:    = is_same<_Tp, _Up>::value;
        -:  554:#endif
        -:  555:
        -:  556:template <class _Tp, class _Up>
        -:  557:using _IsSame = _BoolConstant<
        -:  558:#ifdef __clang__
        -:  559:    __is_same(_Tp, _Up)
        -:  560:#else
        -:  561:    _VSTD::is_same<_Tp, _Up>::value
        -:  562:#endif
        -:  563:>;
        -:  564:
        -:  565:template <class _Tp, class _Up>
        -:  566:using _IsNotSame = _BoolConstant<
        -:  567:#ifdef __clang__
        -:  568:    !__is_same(_Tp, _Up)
        -:  569:#else
        -:  570:    !_VSTD::is_same<_Tp, _Up>::value
        -:  571:#endif
        -:  572:>;
        -:  573:
        -:  574:
        -:  575:template <class _Tp>
        -:  576:using __test_for_primary_template = _EnableIf<
        -:  577:    _IsSame<_Tp, typename _Tp::__primary_template>::value
        -:  578:  >;
        -:  579:template <class _Tp>
        -:  580:using __is_primary_template = _IsValidExpansion<
        -:  581:    __test_for_primary_template, _Tp
        -:  582:  >;
        -:  583:
        -:  584:// addressof
        -:  585:#ifndef _LIBCPP_HAS_NO_BUILTIN_ADDRESSOF
        -:  586:
        -:  587:template <class _Tp>
        -:  588:inline _LIBCPP_CONSTEXPR_AFTER_CXX14
        -:  589:_LIBCPP_NO_CFI _LIBCPP_INLINE_VISIBILITY
        -:  590:_Tp*
function _ZNSt3__1L9addressofIKcEEPT_RS2_ called 0 returned 0% blocks executed 0%
    #####:  591:addressof(_Tp& __x) _NOEXCEPT
    $$$$$:  591-block  0
        -:  592:{
    #####:  593:    return __builtin_addressof(__x);
    $$$$$:  593-block  0
        -:  594:}
        -:  595:
        -:  596:#else
        -:  597:
        -:  598:template <class _Tp>
        -:  599:inline _LIBCPP_NO_CFI _LIBCPP_INLINE_VISIBILITY
        -:  600:_Tp*
        -:  601:addressof(_Tp& __x) _NOEXCEPT
        -:  602:{
        -:  603:  return reinterpret_cast<_Tp *>(
        -:  604:      const_cast<char *>(&reinterpret_cast<const volatile char &>(__x)));
        -:  605:}
        -:  606:
        -:  607:#endif // _LIBCPP_HAS_NO_BUILTIN_ADDRESSOF
        -:  608:
        -:  609:#if defined(_LIBCPP_HAS_OBJC_ARC) && !defined(_LIBCPP_PREDEFINED_OBJC_ARC_ADDRESSOF)
        -:  610:// Objective-C++ Automatic Reference Counting uses qualified pointers
        -:  611:// that require special addressof() signatures. When
        -:  612:// _LIBCPP_PREDEFINED_OBJC_ARC_ADDRESSOF is defined, the compiler
        -:  613:// itself is providing these definitions. Otherwise, we provide them.
        -:  614:template <class _Tp>
        -:  615:inline _LIBCPP_INLINE_VISIBILITY
        -:  616:__strong _Tp*
        -:  617:addressof(__strong _Tp& __x) _NOEXCEPT
        -:  618:{
        -:  619:  return &__x;
        -:  620:}
        -:  621:
        -:  622:#ifdef _LIBCPP_HAS_OBJC_ARC_WEAK
        -:  623:template <class _Tp>
        -:  624:inline _LIBCPP_INLINE_VISIBILITY
        -:  625:__weak _Tp*
        -:  626:addressof(__weak _Tp& __x) _NOEXCEPT
        -:  627:{
        -:  628:  return &__x;
        -:  629:}
        -:  630:#endif
        -:  631:
        -:  632:template <class _Tp>
        -:  633:inline _LIBCPP_INLINE_VISIBILITY
        -:  634:__autoreleasing _Tp*
        -:  635:addressof(__autoreleasing _Tp& __x) _NOEXCEPT
        -:  636:{
        -:  637:  return &__x;
        -:  638:}
        -:  639:
        -:  640:template <class _Tp>
        -:  641:inline _LIBCPP_INLINE_VISIBILITY
        -:  642:__unsafe_unretained _Tp*
        -:  643:addressof(__unsafe_unretained _Tp& __x) _NOEXCEPT
        -:  644:{
        -:  645:  return &__x;
        -:  646:}
        -:  647:#endif
        -:  648:
        -:  649:#if !defined(_LIBCPP_CXX03_LANG)
        -:  650:template <class _Tp> _Tp* addressof(const _Tp&&) noexcept = delete;
        -:  651:#endif
        -:  652:
        -:  653:struct __two {char __lx[2];};
        -:  654:
        -:  655:// helper class:
        -:  656:
        -:  657:// is_const
        -:  658:
        -:  659:template <class _Tp> struct _LIBCPP_TEMPLATE_VIS is_const            : public false_type {};
        -:  660:template <class _Tp> struct _LIBCPP_TEMPLATE_VIS is_const<_Tp const> : public true_type {};
        -:  661:
        -:  662:#if _LIBCPP_STD_VER > 14 && !defined(_LIBCPP_HAS_NO_VARIABLE_TEMPLATES)
        -:  663:template <class _Tp>
        -:  664:_LIBCPP_INLINE_VAR _LIBCPP_CONSTEXPR bool is_const_v
        -:  665:    = is_const<_Tp>::value;
        -:  666:#endif
        -:  667:
        -:  668:// is_volatile
        -:  669:
        -:  670:template <class _Tp> struct _LIBCPP_TEMPLATE_VIS is_volatile               : public false_type {};
        -:  671:template <class _Tp> struct _LIBCPP_TEMPLATE_VIS is_volatile<_Tp volatile> : public true_type {};
        -:  672:
        -:  673:#if _LIBCPP_STD_VER > 14 && !defined(_LIBCPP_HAS_NO_VARIABLE_TEMPLATES)
        -:  674:template <class _Tp>
        -:  675:_LIBCPP_INLINE_VAR _LIBCPP_CONSTEXPR bool is_volatile_v
        -:  676:    = is_volatile<_Tp>::value;
        -:  677:#endif
        -:  678:
        -:  679:// remove_const
        -:  680:
        -:  681:template <class _Tp> struct _LIBCPP_TEMPLATE_VIS remove_const            {typedef _Tp type;};
        -:  682:template <class _Tp> struct _LIBCPP_TEMPLATE_VIS remove_const<const _Tp> {typedef _Tp type;};
        -:  683:#if _LIBCPP_STD_VER > 11
        -:  684:template <class _Tp> using remove_const_t = typename remove_const<_Tp>::type;
        -:  685:#endif
        -:  686:
        -:  687:// remove_volatile
        -:  688:
        -:  689:template <class _Tp> struct _LIBCPP_TEMPLATE_VIS remove_volatile               {typedef _Tp type;};
        -:  690:template <class _Tp> struct _LIBCPP_TEMPLATE_VIS remove_volatile<volatile _Tp> {typedef _Tp type;};
        -:  691:#if _LIBCPP_STD_VER > 11
        -:  692:template <class _Tp> using remove_volatile_t = typename remove_volatile<_Tp>::type;
        -:  693:#endif
        -:  694:
        -:  695:// remove_cv
        -:  696:
        -:  697:template <class _Tp> struct _LIBCPP_TEMPLATE_VIS remove_cv
        -:  698:{typedef typename remove_volatile<typename remove_const<_Tp>::type>::type type;};
        -:  699:#if _LIBCPP_STD_VER > 11
        -:  700:template <class _Tp> using remove_cv_t = typename remove_cv<_Tp>::type;
        -:  701:#endif
        -:  702:
        -:  703:// is_void
        -:  704:
        -:  705:template <class _Tp> struct __libcpp_is_void       : public false_type {};
        -:  706:template <>          struct __libcpp_is_void<void> : public true_type {};
        -:  707:
        -:  708:template <class _Tp> struct _LIBCPP_TEMPLATE_VIS is_void
        -:  709:    : public __libcpp_is_void<typename remove_cv<_Tp>::type> {};
        -:  710:
        -:  711:#if _LIBCPP_STD_VER > 14 && !defined(_LIBCPP_HAS_NO_VARIABLE_TEMPLATES)
        -:  712:template <class _Tp>
        -:  713:_LIBCPP_INLINE_VAR _LIBCPP_CONSTEXPR bool is_void_v
        -:  714:    = is_void<_Tp>::value;
        -:  715:#endif
        -:  716:
        -:  717:// __is_nullptr_t
        -:  718:
        -:  719:template <class _Tp> struct __is_nullptr_t_impl       : public false_type {};
        -:  720:template <>          struct __is_nullptr_t_impl<nullptr_t> : public true_type {};
        -:  721:
        -:  722:template <class _Tp> struct _LIBCPP_TEMPLATE_VIS __is_nullptr_t
        -:  723:    : public __is_nullptr_t_impl<typename remove_cv<_Tp>::type> {};
        -:  724:
        -:  725:#if _LIBCPP_STD_VER > 11
        -:  726:template <class _Tp> struct _LIBCPP_TEMPLATE_VIS is_null_pointer
        -:  727:    : public __is_nullptr_t_impl<typename remove_cv<_Tp>::type> {};
        -:  728:
        -:  729:#if _LIBCPP_STD_VER > 14 && !defined(_LIBCPP_HAS_NO_VARIABLE_TEMPLATES)
        -:  730:template <class _Tp>
        -:  731:_LIBCPP_INLINE_VAR _LIBCPP_CONSTEXPR bool is_null_pointer_v
        -:  732:    = is_null_pointer<_Tp>::value;
        -:  733:#endif
        -:  734:#endif // _LIBCPP_STD_VER > 11
        -:  735:
        -:  736:// is_integral
        -:  737:
        -:  738:template <class _Tp> struct __libcpp_is_integral                     : public false_type {};
        -:  739:template <>          struct __libcpp_is_integral<bool>               : public true_type {};
        -:  740:template <>          struct __libcpp_is_integral<char>               : public true_type {};
        -:  741:template <>          struct __libcpp_is_integral<signed char>        : public true_type {};
        -:  742:template <>          struct __libcpp_is_integral<unsigned char>      : public true_type {};
        -:  743:template <>          struct __libcpp_is_integral<wchar_t>            : public true_type {};
        -:  744:#ifndef _LIBCPP_NO_HAS_CHAR8_T
        -:  745:template <>          struct __libcpp_is_integral<char8_t>            : public true_type {};
        -:  746:#endif
        -:  747:#ifndef _LIBCPP_HAS_NO_UNICODE_CHARS
        -:  748:template <>          struct __libcpp_is_integral<char16_t>           : public true_type {};
        -:  749:template <>          struct __libcpp_is_integral<char32_t>           : public true_type {};
        -:  750:#endif  // _LIBCPP_HAS_NO_UNICODE_CHARS
        -:  751:template <>          struct __libcpp_is_integral<short>              : public true_type {};
        -:  752:template <>          struct __libcpp_is_integral<unsigned short>     : public true_type {};
        -:  753:template <>          struct __libcpp_is_integral<int>                : public true_type {};
        -:  754:template <>          struct __libcpp_is_integral<unsigned int>       : public true_type {};
        -:  755:template <>          struct __libcpp_is_integral<long>               : public true_type {};
        -:  756:template <>          struct __libcpp_is_integral<unsigned long>      : public true_type {};
        -:  757:template <>          struct __libcpp_is_integral<long long>          : public true_type {};
        -:  758:template <>          struct __libcpp_is_integral<unsigned long long> : public true_type {};
        -:  759:#ifndef _LIBCPP_HAS_NO_INT128
        -:  760:template <>          struct __libcpp_is_integral<__int128_t>         : public true_type {};
        -:  761:template <>          struct __libcpp_is_integral<__uint128_t>        : public true_type {};
        -:  762:#endif
        -:  763:
        -:  764:template <class _Tp> struct _LIBCPP_TEMPLATE_VIS is_integral
        -:  765:    : public __libcpp_is_integral<typename remove_cv<_Tp>::type> {};
        -:  766:
        -:  767:#if _LIBCPP_STD_VER > 14 && !defined(_LIBCPP_HAS_NO_VARIABLE_TEMPLATES)
        -:  768:template <class _Tp>
        -:  769:_LIBCPP_INLINE_VAR _LIBCPP_CONSTEXPR bool is_integral_v
        -:  770:    = is_integral<_Tp>::value;
        -:  771:#endif
        -:  772:
        -:  773:// is_floating_point
        -:  774:
        -:  775:template <class _Tp> struct __libcpp_is_floating_point              : public false_type {};
        -:  776:template <>          struct __libcpp_is_floating_point<float>       : public true_type {};
        -:  777:template <>          struct __libcpp_is_floating_point<double>      : public true_type {};
        -:  778:template <>          struct __libcpp_is_floating_point<long double> : public true_type {};
        -:  779:
        -:  780:template <class _Tp> struct _LIBCPP_TEMPLATE_VIS is_floating_point
        -:  781:    : public __libcpp_is_floating_point<typename remove_cv<_Tp>::type> {};
        -:  782:
        -:  783:#if _LIBCPP_STD_VER > 14 && !defined(_LIBCPP_HAS_NO_VARIABLE_TEMPLATES)
        -:  784:template <class _Tp>
        -:  785:_LIBCPP_INLINE_VAR _LIBCPP_CONSTEXPR bool is_floating_point_v
        -:  786:    = is_floating_point<_Tp>::value;
        -:  787:#endif
        -:  788:
        -:  789:// is_array
        -:  790:
        -:  791:template <class _Tp> struct _LIBCPP_TEMPLATE_VIS is_array
        -:  792:    : public false_type {};
        -:  793:template <class _Tp> struct _LIBCPP_TEMPLATE_VIS is_array<_Tp[]>
        -:  794:    : public true_type {};
        -:  795:template <class _Tp, size_t _Np> struct _LIBCPP_TEMPLATE_VIS is_array<_Tp[_Np]>
        -:  796:    : public true_type {};
        -:  797:
        -:  798:#if _LIBCPP_STD_VER > 14 && !defined(_LIBCPP_HAS_NO_VARIABLE_TEMPLATES)
        -:  799:template <class _Tp>
        -:  800:_LIBCPP_INLINE_VAR _LIBCPP_CONSTEXPR bool is_array_v
        -:  801:    = is_array<_Tp>::value;
        -:  802:#endif
        -:  803:
        -:  804:// is_pointer
        -:  805:
        -:  806:template <class _Tp> struct __libcpp_is_pointer       : public false_type {};
        -:  807:template <class _Tp> struct __libcpp_is_pointer<_Tp*> : public true_type {};
        -:  808:
        -:  809:template <class _Tp> struct __libcpp_remove_objc_qualifiers { typedef _Tp type; };
        -:  810:#if defined(_LIBCPP_HAS_OBJC_ARC)
        -:  811:template <class _Tp> struct __libcpp_remove_objc_qualifiers<_Tp __strong> { typedef _Tp type; };
        -:  812:template <class _Tp> struct __libcpp_remove_objc_qualifiers<_Tp __weak> { typedef _Tp type; };
        -:  813:template <class _Tp> struct __libcpp_remove_objc_qualifiers<_Tp __autoreleasing> { typedef _Tp type; };
        -:  814:template <class _Tp> struct __libcpp_remove_objc_qualifiers<_Tp __unsafe_unretained> { typedef _Tp type; };
        -:  815:#endif
        -:  816:
        -:  817:template <class _Tp> struct _LIBCPP_TEMPLATE_VIS is_pointer
        -:  818:    : public __libcpp_is_pointer<typename __libcpp_remove_objc_qualifiers<typename remove_cv<_Tp>::type>::type> {};
        -:  819:
        -:  820:#if _LIBCPP_STD_VER > 14 && !defined(_LIBCPP_HAS_NO_VARIABLE_TEMPLATES)
        -:  821:template <class _Tp>
        -:  822:_LIBCPP_INLINE_VAR _LIBCPP_CONSTEXPR bool is_pointer_v
        -:  823:    = is_pointer<_Tp>::value;
        -:  824:#endif
        -:  825:
        -:  826:// is_reference
        -:  827:
        -:  828:template <class _Tp> struct _LIBCPP_TEMPLATE_VIS is_lvalue_reference       : public false_type {};
        -:  829:template <class _Tp> struct _LIBCPP_TEMPLATE_VIS is_lvalue_reference<_Tp&> : public true_type {};
        -:  830:
        -:  831:template <class _Tp> struct _LIBCPP_TEMPLATE_VIS is_rvalue_reference        : public false_type {};
        -:  832:template <class _Tp> struct _LIBCPP_TEMPLATE_VIS is_rvalue_reference<_Tp&&> : public true_type {};
        -:  833:
        -:  834:template <class _Tp> struct _LIBCPP_TEMPLATE_VIS is_reference        : public false_type {};
        -:  835:template <class _Tp> struct _LIBCPP_TEMPLATE_VIS is_reference<_Tp&>  : public true_type {};
        -:  836:template <class _Tp> struct _LIBCPP_TEMPLATE_VIS is_reference<_Tp&&> : public true_type {};
        -:  837:
        -:  838:#if _LIBCPP_STD_VER > 14 && !defined(_LIBCPP_HAS_NO_VARIABLE_TEMPLATES)
        -:  839:template <class _Tp>
        -:  840:_LIBCPP_INLINE_VAR _LIBCPP_CONSTEXPR bool is_reference_v
        -:  841:    = is_reference<_Tp>::value;
        -:  842:
        -:  843:template <class _Tp>
        -:  844:_LIBCPP_INLINE_VAR _LIBCPP_CONSTEXPR bool is_lvalue_reference_v
        -:  845:    = is_lvalue_reference<_Tp>::value;
        -:  846:
        -:  847:template <class _Tp>
        -:  848:_LIBCPP_INLINE_VAR _LIBCPP_CONSTEXPR bool is_rvalue_reference_v
        -:  849:    = is_rvalue_reference<_Tp>::value;
        -:  850:#endif
        -:  851:// is_union
        -:  852:
        -:  853:#if __has_feature(is_union) || defined(_LIBCPP_COMPILER_GCC)
        -:  854:
        -:  855:template <class _Tp> struct _LIBCPP_TEMPLATE_VIS is_union
        -:  856:    : public integral_constant<bool, __is_union(_Tp)> {};
        -:  857:
        -:  858:#else
        -:  859:
        -:  860:template <class _Tp> struct __libcpp_union : public false_type {};
        -:  861:template <class _Tp> struct _LIBCPP_TEMPLATE_VIS is_union
        -:  862:    : public __libcpp_union<typename remove_cv<_Tp>::type> {};
        -:  863:
        -:  864:#endif
        -:  865:
        -:  866:#if _LIBCPP_STD_VER > 14 && !defined(_LIBCPP_HAS_NO_VARIABLE_TEMPLATES)
        -:  867:template <class _Tp>
        -:  868:_LIBCPP_INLINE_VAR _LIBCPP_CONSTEXPR bool is_union_v
        -:  869:    = is_union<_Tp>::value;
        -:  870:#endif
        -:  871:
        -:  872:// is_class
        -:  873:
        -:  874:#if __has_feature(is_class) || defined(_LIBCPP_COMPILER_GCC)
        -:  875:
        -:  876:template <class _Tp> struct _LIBCPP_TEMPLATE_VIS is_class
        -:  877:    : public integral_constant<bool, __is_class(_Tp)> {};
        -:  878:
        -:  879:#else
        -:  880:
        -:  881:namespace __is_class_imp
        -:  882:{
        -:  883:template <class _Tp> char  __test(int _Tp::*);
        -:  884:template <class _Tp> __two __test(...);
        -:  885:}
        -:  886:
        -:  887:template <class _Tp> struct _LIBCPP_TEMPLATE_VIS is_class
        -:  888:    : public integral_constant<bool, sizeof(__is_class_imp::__test<_Tp>(0)) == 1 && !is_union<_Tp>::value> {};
        -:  889:
        -:  890:#endif
        -:  891:
        -:  892:#if _LIBCPP_STD_VER > 14 && !defined(_LIBCPP_HAS_NO_VARIABLE_TEMPLATES)
        -:  893:template <class _Tp>
        -:  894:_LIBCPP_INLINE_VAR _LIBCPP_CONSTEXPR bool is_class_v
        -:  895:    = is_class<_Tp>::value;
        -:  896:#endif
        -:  897:
        -:  898:// is_function
        -:  899:
        -:  900:template <class _Tp> struct _LIBCPP_TEMPLATE_VIS is_function
        -:  901:    : public _BoolConstant<
        -:  902:#ifdef __clang__
        -:  903:    __is_function(_Tp)
        -:  904:#else
        -:  905: !(is_reference<_Tp>::value || is_const<const _Tp>::value)
        -:  906:#endif
        -:  907:    > {};
        -:  908:
        -:  909:
        -:  910:#if _LIBCPP_STD_VER > 14 && !defined(_LIBCPP_HAS_NO_VARIABLE_TEMPLATES)
        -:  911:template <class _Tp>
        -:  912:_LIBCPP_INLINE_VAR _LIBCPP_CONSTEXPR bool is_function_v
        -:  913:    = is_function<_Tp>::value;
        -:  914:#endif
        -:  915:
        -:  916:template <class _Tp> struct __libcpp_is_member_pointer {
        -:  917:  enum {
        -:  918:    __is_member = false,
        -:  919:    __is_func = false,
        -:  920:    __is_obj = false
        -:  921:  };
        -:  922:};
        -:  923:template <class _Tp, class _Up> struct __libcpp_is_member_pointer<_Tp _Up::*> {
        -:  924:  enum {
        -:  925:    __is_member = true,
        -:  926:    __is_func = is_function<_Tp>::value,
        -:  927:    __is_obj = !__is_func,
        -:  928:  };
        -:  929:};
        -:  930:
        -:  931:
        -:  932:template <class _Tp> struct _LIBCPP_TEMPLATE_VIS is_member_function_pointer
        -:  933:    : public _BoolConstant< __libcpp_is_member_pointer<typename remove_cv<_Tp>::type>::__is_func > {};
        -:  934:
        -:  935:#if _LIBCPP_STD_VER > 14 && !defined(_LIBCPP_HAS_NO_VARIABLE_TEMPLATES)
        -:  936:template <class _Tp>
        -:  937:_LIBCPP_INLINE_VAR _LIBCPP_CONSTEXPR bool is_member_function_pointer_v
        -:  938:    = is_member_function_pointer<_Tp>::value;
        -:  939:#endif
        -:  940:
        -:  941:// is_member_pointer
        -:  942:
        -:  943:template <class _Tp> struct _LIBCPP_TEMPLATE_VIS is_member_pointer
        -:  944: : public _BoolConstant< __libcpp_is_member_pointer<typename remove_cv<_Tp>::type>::__is_member > {};
        -:  945:
        -:  946:#if _LIBCPP_STD_VER > 14 && !defined(_LIBCPP_HAS_NO_VARIABLE_TEMPLATES)
        -:  947:template <class _Tp>
        -:  948:_LIBCPP_INLINE_VAR _LIBCPP_CONSTEXPR bool is_member_pointer_v
        -:  949:    = is_member_pointer<_Tp>::value;
        -:  950:#endif
        -:  951:
        -:  952:// is_member_object_pointer
        -:  953:
        -:  954:template <class _Tp> struct _LIBCPP_TEMPLATE_VIS is_member_object_pointer
        -:  955:    : public _BoolConstant< __libcpp_is_member_pointer<typename remove_cv<_Tp>::type>::__is_obj >  {};
        -:  956:
        -:  957:#if _LIBCPP_STD_VER > 14 && !defined(_LIBCPP_HAS_NO_VARIABLE_TEMPLATES)
        -:  958:template <class _Tp>
        -:  959:_LIBCPP_INLINE_VAR _LIBCPP_CONSTEXPR bool is_member_object_pointer_v
        -:  960:    = is_member_object_pointer<_Tp>::value;
        -:  961:#endif
        -:  962:
        -:  963:// is_enum
        -:  964:
        -:  965:#if __has_feature(is_enum) || defined(_LIBCPP_COMPILER_GCC)
        -:  966:
        -:  967:template <class _Tp> struct _LIBCPP_TEMPLATE_VIS is_enum
        -:  968:    : public integral_constant<bool, __is_enum(_Tp)> {};
        -:  969:
        -:  970:#else
        -:  971:
        -:  972:template <class _Tp> struct _LIBCPP_TEMPLATE_VIS is_enum
        -:  973:    : public integral_constant<bool, !is_void<_Tp>::value             &&
        -:  974:                                     !is_integral<_Tp>::value         &&
        -:  975:                                     !is_floating_point<_Tp>::value   &&
        -:  976:                                     !is_array<_Tp>::value            &&
        -:  977:                                     !is_pointer<_Tp>::value          &&
        -:  978:                                     !is_reference<_Tp>::value        &&
        -:  979:                                     !is_member_pointer<_Tp>::value   &&
        -:  980:                                     !is_union<_Tp>::value            &&
        -:  981:                                     !is_class<_Tp>::value            &&
        -:  982:                                     !is_function<_Tp>::value         > {};
        -:  983:
        -:  984:#endif
        -:  985:
        -:  986:#if _LIBCPP_STD_VER > 14 && !defined(_LIBCPP_HAS_NO_VARIABLE_TEMPLATES)
        -:  987:template <class _Tp>
        -:  988:_LIBCPP_INLINE_VAR _LIBCPP_CONSTEXPR bool is_enum_v
        -:  989:    = is_enum<_Tp>::value;
        -:  990:#endif
        -:  991:
        -:  992:// is_arithmetic
        -:  993:
        -:  994:template <class _Tp> struct _LIBCPP_TEMPLATE_VIS is_arithmetic
        -:  995:    : public integral_constant<bool, is_integral<_Tp>::value      ||
        -:  996:                                     is_floating_point<_Tp>::value> {};
        -:  997:
        -:  998:#if _LIBCPP_STD_VER > 14 && !defined(_LIBCPP_HAS_NO_VARIABLE_TEMPLATES)
        -:  999:template <class _Tp>
        -: 1000:_LIBCPP_INLINE_VAR _LIBCPP_CONSTEXPR bool is_arithmetic_v
        -: 1001:    = is_arithmetic<_Tp>::value;
        -: 1002:#endif
        -: 1003:
        -: 1004:// is_fundamental
        -: 1005:
        -: 1006:template <class _Tp> struct _LIBCPP_TEMPLATE_VIS is_fundamental
        -: 1007:    : public integral_constant<bool, is_void<_Tp>::value        ||
        -: 1008:                                     __is_nullptr_t<_Tp>::value ||
        -: 1009:                                     is_arithmetic<_Tp>::value> {};
        -: 1010:
        -: 1011:#if _LIBCPP_STD_VER > 14 && !defined(_LIBCPP_HAS_NO_VARIABLE_TEMPLATES)
        -: 1012:template <class _Tp>
        -: 1013:_LIBCPP_INLINE_VAR _LIBCPP_CONSTEXPR bool is_fundamental_v
        -: 1014:    = is_fundamental<_Tp>::value;
        -: 1015:#endif
        -: 1016:
        -: 1017:// is_scalar
        -: 1018:
        -: 1019:template <class _Tp> struct __is_block : false_type {};
        -: 1020:#if defined(_LIBCPP_HAS_EXTENSION_BLOCKS)
        -: 1021:template <class _Rp, class ..._Args> struct __is_block<_Rp (^)(_Args...)> : true_type {};
        -: 1022:#endif
        -: 1023:
        -: 1024:template <class _Tp> struct _LIBCPP_TEMPLATE_VIS is_scalar
        -: 1025:    : public integral_constant<bool, is_arithmetic<_Tp>::value     ||
        -: 1026:                                     is_member_pointer<_Tp>::value ||
        -: 1027:                                     is_pointer<_Tp>::value        ||
        -: 1028:                                     __is_nullptr_t<_Tp>::value    ||
        -: 1029:                                     __is_block<_Tp>::value        ||
        -: 1030:                                     is_enum<_Tp>::value           > {};
        -: 1031:
        -: 1032:template <> struct _LIBCPP_TEMPLATE_VIS is_scalar<nullptr_t> : public true_type {};
        -: 1033:
        -: 1034:#if _LIBCPP_STD_VER > 14 && !defined(_LIBCPP_HAS_NO_VARIABLE_TEMPLATES)
        -: 1035:template <class _Tp>
        -: 1036:_LIBCPP_INLINE_VAR _LIBCPP_CONSTEXPR bool is_scalar_v
        -: 1037:    = is_scalar<_Tp>::value;
        -: 1038:#endif
        -: 1039:
        -: 1040:// is_object
        -: 1041:
        -: 1042:template <class _Tp> struct _LIBCPP_TEMPLATE_VIS is_object
        -: 1043:    : public integral_constant<bool, is_scalar<_Tp>::value ||
        -: 1044:                                     is_array<_Tp>::value  ||
        -: 1045:                                     is_union<_Tp>::value  ||
        -: 1046:                                     is_class<_Tp>::value  > {};
        -: 1047:
        -: 1048:#if _LIBCPP_STD_VER > 14 && !defined(_LIBCPP_HAS_NO_VARIABLE_TEMPLATES)
        -: 1049:template <class _Tp>
        -: 1050:_LIBCPP_INLINE_VAR _LIBCPP_CONSTEXPR bool is_object_v
        -: 1051:    = is_object<_Tp>::value;
        -: 1052:#endif
        -: 1053:
        -: 1054:// is_compound
        -: 1055:
        -: 1056:template <class _Tp> struct _LIBCPP_TEMPLATE_VIS is_compound
        -: 1057:    : public integral_constant<bool, !is_fundamental<_Tp>::value> {};
        -: 1058:
        -: 1059:#if _LIBCPP_STD_VER > 14 && !defined(_LIBCPP_HAS_NO_VARIABLE_TEMPLATES)
        -: 1060:template <class _Tp>
        -: 1061:_LIBCPP_INLINE_VAR _LIBCPP_CONSTEXPR bool is_compound_v
        -: 1062:    = is_compound<_Tp>::value;
        -: 1063:#endif
        -: 1064:
        -: 1065:
        -: 1066:// __is_referenceable  [defns.referenceable]
        -: 1067:
        -: 1068:struct __is_referenceable_impl {
        -: 1069:    template <class _Tp> static _Tp& __test(int);
        -: 1070:    template <class _Tp> static __two __test(...);
        -: 1071:};
        -: 1072:
        -: 1073:template <class _Tp>
        -: 1074:struct __is_referenceable : integral_constant<bool,
        -: 1075:    _IsNotSame<decltype(__is_referenceable_impl::__test<_Tp>(0)), __two>::value> {};
        -: 1076:
        -: 1077:
        -: 1078:// add_const
        -: 1079:
        -: 1080:template <class _Tp> struct _LIBCPP_TEMPLATE_VIS add_const {
        -: 1081:  typedef _LIBCPP_NODEBUG_TYPE const _Tp type;
        -: 1082:};
        -: 1083:
        -: 1084:#if _LIBCPP_STD_VER > 11
        -: 1085:template <class _Tp> using add_const_t = typename add_const<_Tp>::type;
        -: 1086:#endif
        -: 1087:
        -: 1088:// add_volatile
        -: 1089:
        -: 1090:template <class _Tp> struct _LIBCPP_TEMPLATE_VIS add_volatile {
        -: 1091:  typedef _LIBCPP_NODEBUG_TYPE volatile _Tp type;
        -: 1092:};
        -: 1093:
        -: 1094:#if _LIBCPP_STD_VER > 11
        -: 1095:template <class _Tp> using add_volatile_t = typename add_volatile<_Tp>::type;
        -: 1096:#endif
        -: 1097:
        -: 1098:// add_cv
        -: 1099:template <class _Tp> struct _LIBCPP_TEMPLATE_VIS add_cv {
        -: 1100:  typedef _LIBCPP_NODEBUG_TYPE const volatile _Tp type;
        -: 1101:};
        -: 1102:
        -: 1103:#if _LIBCPP_STD_VER > 11
        -: 1104:template <class _Tp> using add_cv_t = typename add_cv<_Tp>::type;
        -: 1105:#endif
        -: 1106:
        -: 1107:// remove_reference
        -: 1108:
        -: 1109:template <class _Tp> struct _LIBCPP_TEMPLATE_VIS remove_reference        {typedef _LIBCPP_NODEBUG_TYPE _Tp type;};
        -: 1110:template <class _Tp> struct _LIBCPP_TEMPLATE_VIS remove_reference<_Tp&>  {typedef _LIBCPP_NODEBUG_TYPE _Tp type;};
        -: 1111:template <class _Tp> struct _LIBCPP_TEMPLATE_VIS remove_reference<_Tp&&> {typedef _LIBCPP_NODEBUG_TYPE _Tp type;};
        -: 1112:
        -: 1113:#if _LIBCPP_STD_VER > 11
        -: 1114:template <class _Tp> using remove_reference_t = typename remove_reference<_Tp>::type;
        -: 1115:#endif
        -: 1116:
        -: 1117:// add_lvalue_reference
        -: 1118:
        -: 1119:template <class _Tp, bool = __is_referenceable<_Tp>::value> struct __add_lvalue_reference_impl            { typedef _LIBCPP_NODEBUG_TYPE _Tp  type; };
        -: 1120:template <class _Tp                                       > struct __add_lvalue_reference_impl<_Tp, true> { typedef _LIBCPP_NODEBUG_TYPE _Tp& type; };
        -: 1121:
        -: 1122:template <class _Tp> struct _LIBCPP_TEMPLATE_VIS add_lvalue_reference
        -: 1123:{typedef _LIBCPP_NODEBUG_TYPE typename  __add_lvalue_reference_impl<_Tp>::type type;};
        -: 1124:
        -: 1125:#if _LIBCPP_STD_VER > 11
        -: 1126:template <class _Tp> using add_lvalue_reference_t = typename add_lvalue_reference<_Tp>::type;
        -: 1127:#endif
        -: 1128:
        -: 1129:template <class _Tp, bool = __is_referenceable<_Tp>::value> struct __add_rvalue_reference_impl            { typedef _LIBCPP_NODEBUG_TYPE  _Tp   type; };
        -: 1130:template <class _Tp                                       > struct __add_rvalue_reference_impl<_Tp, true> { typedef _LIBCPP_NODEBUG_TYPE  _Tp&& type; };
        -: 1131:
        -: 1132:template <class _Tp> struct _LIBCPP_TEMPLATE_VIS add_rvalue_reference
        -: 1133:{typedef _LIBCPP_NODEBUG_TYPE  typename __add_rvalue_reference_impl<_Tp>::type type;};
        -: 1134:
        -: 1135:#if _LIBCPP_STD_VER > 11
        -: 1136:template <class _Tp> using add_rvalue_reference_t = typename add_rvalue_reference<_Tp>::type;
        -: 1137:#endif
        -: 1138:
        -: 1139:// Suppress deprecation notice for volatile-qualified return type resulting
        -: 1140:// from volatile-qualified types _Tp.
        -: 1141:_LIBCPP_SUPPRESS_DEPRECATED_PUSH
        -: 1142:template <class _Tp> _Tp&& __declval(int);
        -: 1143:template <class _Tp> _Tp   __declval(long);
        -: 1144:_LIBCPP_SUPPRESS_DEPRECATED_POP
        -: 1145:
        -: 1146:template <class _Tp>
        -: 1147:decltype(_VSTD::__declval<_Tp>(0))
        -: 1148:declval() _NOEXCEPT;
        -: 1149:
        -: 1150:// __uncvref
        -: 1151:
        -: 1152:template <class _Tp>
        -: 1153:struct __uncvref  {
        -: 1154:    typedef _LIBCPP_NODEBUG_TYPE typename remove_cv<typename remove_reference<_Tp>::type>::type type;
        -: 1155:};
        -: 1156:
        -: 1157:template <class _Tp>
        -: 1158:struct __unconstref {
        -: 1159:    typedef _LIBCPP_NODEBUG_TYPE typename remove_const<typename remove_reference<_Tp>::type>::type type;
        -: 1160:};
        -: 1161:
        -: 1162:#ifndef _LIBCPP_CXX03_LANG
        -: 1163:template <class _Tp>
        -: 1164:using __uncvref_t _LIBCPP_NODEBUG_TYPE = typename __uncvref<_Tp>::type;
        -: 1165:#endif
        -: 1166:
        -: 1167:// __is_same_uncvref
        -: 1168:
        -: 1169:template <class _Tp, class _Up>
        -: 1170:struct __is_same_uncvref : _IsSame<typename __uncvref<_Tp>::type,
        -: 1171:                                   typename __uncvref<_Up>::type> {};
        -: 1172:
        -: 1173:#if _LIBCPP_STD_VER > 17
        -: 1174:// remove_cvref - same as __uncvref
        -: 1175:template <class _Tp>
        -: 1176:struct remove_cvref : public __uncvref<_Tp> {};
        -: 1177:
        -: 1178:template <class _Tp> using remove_cvref_t = typename remove_cvref<_Tp>::type;
        -: 1179:#endif
        -: 1180:
        -: 1181:
        -: 1182:struct __any
        -: 1183:{
        -: 1184:    __any(...);
        -: 1185:};
        -: 1186:
        -: 1187:// remove_pointer
        -: 1188:
        -: 1189:template <class _Tp> struct _LIBCPP_TEMPLATE_VIS remove_pointer                      {typedef _LIBCPP_NODEBUG_TYPE _Tp type;};
        -: 1190:template <class _Tp> struct _LIBCPP_TEMPLATE_VIS remove_pointer<_Tp*>                {typedef _LIBCPP_NODEBUG_TYPE _Tp type;};
        -: 1191:template <class _Tp> struct _LIBCPP_TEMPLATE_VIS remove_pointer<_Tp* const>          {typedef _LIBCPP_NODEBUG_TYPE _Tp type;};
        -: 1192:template <class _Tp> struct _LIBCPP_TEMPLATE_VIS remove_pointer<_Tp* volatile>       {typedef _LIBCPP_NODEBUG_TYPE _Tp type;};
        -: 1193:template <class _Tp> struct _LIBCPP_TEMPLATE_VIS remove_pointer<_Tp* const volatile> {typedef _LIBCPP_NODEBUG_TYPE _Tp type;};
        -: 1194:
        -: 1195:#if _LIBCPP_STD_VER > 11
        -: 1196:template <class _Tp> using remove_pointer_t = typename remove_pointer<_Tp>::type;
        -: 1197:#endif
        -: 1198:
        -: 1199:// add_pointer
        -: 1200:
        -: 1201:template <class _Tp,
        -: 1202:        bool = __is_referenceable<_Tp>::value ||
        -: 1203:                _IsSame<typename remove_cv<_Tp>::type, void>::value>
        -: 1204:struct __add_pointer_impl
        -: 1205:    {typedef _LIBCPP_NODEBUG_TYPE typename remove_reference<_Tp>::type* type;};
        -: 1206:template <class _Tp> struct __add_pointer_impl<_Tp, false>
        -: 1207:    {typedef _LIBCPP_NODEBUG_TYPE _Tp type;};
        -: 1208:
        -: 1209:template <class _Tp> struct _LIBCPP_TEMPLATE_VIS add_pointer
        -: 1210:    {typedef _LIBCPP_NODEBUG_TYPE typename __add_pointer_impl<_Tp>::type type;};
        -: 1211:
        -: 1212:#if _LIBCPP_STD_VER > 11
        -: 1213:template <class _Tp> using add_pointer_t = typename add_pointer<_Tp>::type;
        -: 1214:#endif
        -: 1215:
        -: 1216:// type_identity
        -: 1217:#if _LIBCPP_STD_VER > 17
        -: 1218:template<class _Tp> struct type_identity { typedef _Tp type; };
        -: 1219:template<class _Tp> using type_identity_t = typename type_identity<_Tp>::type;
        -: 1220:#endif
        -: 1221:
        -: 1222:// is_signed
        -: 1223:
        -: 1224:template <class _Tp, bool = is_integral<_Tp>::value>
        -: 1225:struct __libcpp_is_signed_impl : public _LIBCPP_BOOL_CONSTANT(_Tp(-1) < _Tp(0)) {};
        -: 1226:
        -: 1227:template <class _Tp>
        -: 1228:struct __libcpp_is_signed_impl<_Tp, false> : public true_type {};  // floating point
        -: 1229:
        -: 1230:template <class _Tp, bool = is_arithmetic<_Tp>::value>
        -: 1231:struct __libcpp_is_signed : public __libcpp_is_signed_impl<_Tp> {};
        -: 1232:
        -: 1233:template <class _Tp> struct __libcpp_is_signed<_Tp, false> : public false_type {};
        -: 1234:
        -: 1235:template <class _Tp> struct _LIBCPP_TEMPLATE_VIS is_signed : public __libcpp_is_signed<_Tp> {};
        -: 1236:
        -: 1237:#if _LIBCPP_STD_VER > 14 && !defined(_LIBCPP_HAS_NO_VARIABLE_TEMPLATES)
        -: 1238:template <class _Tp>
        -: 1239:_LIBCPP_INLINE_VAR _LIBCPP_CONSTEXPR bool is_signed_v
        -: 1240:    = is_signed<_Tp>::value;
        -: 1241:#endif
        -: 1242:
        -: 1243:// is_unsigned
        -: 1244:
        -: 1245:template <class _Tp, bool = is_integral<_Tp>::value>
        -: 1246:struct __libcpp_is_unsigned_impl : public _LIBCPP_BOOL_CONSTANT(_Tp(0) < _Tp(-1)) {};
        -: 1247:
        -: 1248:template <class _Tp>
        -: 1249:struct __libcpp_is_unsigned_impl<_Tp, false> : public false_type {};  // floating point
        -: 1250:
        -: 1251:template <class _Tp, bool = is_arithmetic<_Tp>::value>
        -: 1252:struct __libcpp_is_unsigned : public __libcpp_is_unsigned_impl<_Tp> {};
        -: 1253:
        -: 1254:template <class _Tp> struct __libcpp_is_unsigned<_Tp, false> : public false_type {};
        -: 1255:
        -: 1256:template <class _Tp> struct _LIBCPP_TEMPLATE_VIS is_unsigned : public __libcpp_is_unsigned<_Tp> {};
        -: 1257:
        -: 1258:#if _LIBCPP_STD_VER > 14 && !defined(_LIBCPP_HAS_NO_VARIABLE_TEMPLATES)
        -: 1259:template <class _Tp>
        -: 1260:_LIBCPP_INLINE_VAR _LIBCPP_CONSTEXPR bool is_unsigned_v
        -: 1261:    = is_unsigned<_Tp>::value;
        -: 1262:#endif
        -: 1263:
        -: 1264:// rank
        -: 1265:
        -: 1266:template <class _Tp> struct _LIBCPP_TEMPLATE_VIS rank
        -: 1267:    : public integral_constant<size_t, 0> {};
        -: 1268:template <class _Tp> struct _LIBCPP_TEMPLATE_VIS rank<_Tp[]>
        -: 1269:    : public integral_constant<size_t, rank<_Tp>::value + 1> {};
        -: 1270:template <class _Tp, size_t _Np> struct _LIBCPP_TEMPLATE_VIS rank<_Tp[_Np]>
        -: 1271:    : public integral_constant<size_t, rank<_Tp>::value + 1> {};
        -: 1272:
        -: 1273:#if _LIBCPP_STD_VER > 14 && !defined(_LIBCPP_HAS_NO_VARIABLE_TEMPLATES)
        -: 1274:template <class _Tp>
        -: 1275:_LIBCPP_INLINE_VAR _LIBCPP_CONSTEXPR size_t rank_v
        -: 1276:    = rank<_Tp>::value;
        -: 1277:#endif
        -: 1278:
        -: 1279:// extent
        -: 1280:
        -: 1281:template <class _Tp, unsigned _Ip = 0> struct _LIBCPP_TEMPLATE_VIS extent
        -: 1282:    : public integral_constant<size_t, 0> {};
        -: 1283:template <class _Tp> struct _LIBCPP_TEMPLATE_VIS extent<_Tp[], 0>
        -: 1284:    : public integral_constant<size_t, 0> {};
        -: 1285:template <class _Tp, unsigned _Ip> struct _LIBCPP_TEMPLATE_VIS extent<_Tp[], _Ip>
        -: 1286:    : public integral_constant<size_t, extent<_Tp, _Ip-1>::value> {};
        -: 1287:template <class _Tp, size_t _Np> struct _LIBCPP_TEMPLATE_VIS extent<_Tp[_Np], 0>
        -: 1288:    : public integral_constant<size_t, _Np> {};
        -: 1289:template <class _Tp, size_t _Np, unsigned _Ip> struct _LIBCPP_TEMPLATE_VIS extent<_Tp[_Np], _Ip>
        -: 1290:    : public integral_constant<size_t, extent<_Tp, _Ip-1>::value> {};
        -: 1291:
        -: 1292:#if _LIBCPP_STD_VER > 14 && !defined(_LIBCPP_HAS_NO_VARIABLE_TEMPLATES)
        -: 1293:template <class _Tp, unsigned _Ip = 0>
        -: 1294:_LIBCPP_INLINE_VAR _LIBCPP_CONSTEXPR size_t extent_v
        -: 1295:    = extent<_Tp, _Ip>::value;
        -: 1296:#endif
        -: 1297:
        -: 1298:// remove_extent
        -: 1299:
        -: 1300:template <class _Tp> struct _LIBCPP_TEMPLATE_VIS remove_extent
        -: 1301:    {typedef _Tp type;};
        -: 1302:template <class _Tp> struct _LIBCPP_TEMPLATE_VIS remove_extent<_Tp[]>
        -: 1303:    {typedef _Tp type;};
        -: 1304:template <class _Tp, size_t _Np> struct _LIBCPP_TEMPLATE_VIS remove_extent<_Tp[_Np]>
        -: 1305:    {typedef _Tp type;};
        -: 1306:
        -: 1307:#if _LIBCPP_STD_VER > 11
        -: 1308:template <class _Tp> using remove_extent_t = typename remove_extent<_Tp>::type;
        -: 1309:#endif
        -: 1310:
        -: 1311:// remove_all_extents
        -: 1312:
        -: 1313:template <class _Tp> struct _LIBCPP_TEMPLATE_VIS remove_all_extents
        -: 1314:    {typedef _Tp type;};
        -: 1315:template <class _Tp> struct _LIBCPP_TEMPLATE_VIS remove_all_extents<_Tp[]>
        -: 1316:    {typedef typename remove_all_extents<_Tp>::type type;};
        -: 1317:template <class _Tp, size_t _Np> struct _LIBCPP_TEMPLATE_VIS remove_all_extents<_Tp[_Np]>
        -: 1318:    {typedef typename remove_all_extents<_Tp>::type type;};
        -: 1319:
        -: 1320:#if _LIBCPP_STD_VER > 11
        -: 1321:template <class _Tp> using remove_all_extents_t = typename remove_all_extents<_Tp>::type;
        -: 1322:#endif
        -: 1323:
        -: 1324:#if _LIBCPP_STD_VER > 17
        -: 1325:// is_bounded_array
        -: 1326:
        -: 1327:template <class>                 struct _LIBCPP_TEMPLATE_VIS is_bounded_array           : false_type {};
        -: 1328:template <class _Tp, size_t _Np> struct _LIBCPP_TEMPLATE_VIS is_bounded_array<_Tp[_Np]> : true_type {};
        -: 1329:
        -: 1330:template <class _Tp>
        -: 1331:_LIBCPP_INLINE_VAR _LIBCPP_CONSTEXPR
        -: 1332:bool is_bounded_array_v  = is_bounded_array<_Tp>::value;
        -: 1333:
        -: 1334:// is_unbounded_array
        -: 1335:
        -: 1336:template <class>     struct _LIBCPP_TEMPLATE_VIS is_unbounded_array        : false_type {};
        -: 1337:template <class _Tp> struct _LIBCPP_TEMPLATE_VIS is_unbounded_array<_Tp[]> : true_type {};
        -: 1338:
        -: 1339:template <class _Tp>
        -: 1340:_LIBCPP_INLINE_VAR _LIBCPP_CONSTEXPR
        -: 1341:bool is_unbounded_array_v  = is_unbounded_array<_Tp>::value;
        -: 1342:#endif
        -: 1343:
        -: 1344:// decay
        -: 1345:
        -: 1346:template <class _Up, bool>
        -: 1347:struct __decay {
        -: 1348:    typedef _LIBCPP_NODEBUG_TYPE typename remove_cv<_Up>::type type;
        -: 1349:};
        -: 1350:
        -: 1351:template <class _Up>
        -: 1352:struct __decay<_Up, true> {
        -: 1353:public:
        -: 1354:    typedef _LIBCPP_NODEBUG_TYPE typename conditional
        -: 1355:                     <
        -: 1356:                         is_array<_Up>::value,
        -: 1357:                         typename remove_extent<_Up>::type*,
        -: 1358:                         typename conditional
        -: 1359:                         <
        -: 1360:                              is_function<_Up>::value,
        -: 1361:                              typename add_pointer<_Up>::type,
        -: 1362:                              typename remove_cv<_Up>::type
        -: 1363:                         >::type
        -: 1364:                     >::type type;
        -: 1365:};
        -: 1366:
        -: 1367:template <class _Tp>
        -: 1368:struct _LIBCPP_TEMPLATE_VIS decay
        -: 1369:{
        -: 1370:private:
        -: 1371:    typedef _LIBCPP_NODEBUG_TYPE typename remove_reference<_Tp>::type _Up;
        -: 1372:public:
        -: 1373:    typedef _LIBCPP_NODEBUG_TYPE typename __decay<_Up, __is_referenceable<_Up>::value>::type type;
        -: 1374:};
        -: 1375:
        -: 1376:#if _LIBCPP_STD_VER > 11
[...]
        -: 3663:struct _LIBCPP_TEMPLATE_VIS is_invocable_r
        -: 3664:    : integral_constant<bool, __invokable_r<_Ret, _Fn, _Args...>::value> {};
        -: 3665:
        -: 3666:template <class _Fn, class ..._Args>
        -: 3667:_LIBCPP_INLINE_VAR constexpr bool is_invocable_v
        -: 3668:    = is_invocable<_Fn, _Args...>::value;
        -: 3669:
        -: 3670:template <class _Ret, class _Fn, class ..._Args>
        -: 3671:_LIBCPP_INLINE_VAR constexpr bool is_invocable_r_v
        -: 3672:    = is_invocable_r<_Ret, _Fn, _Args...>::value;
        -: 3673:
        -: 3674:// is_nothrow_invocable
        -: 3675:
        -: 3676:template <class _Fn, class ..._Args>
        -: 3677:struct _LIBCPP_TEMPLATE_VIS is_nothrow_invocable
        -: 3678:    : integral_constant<bool, __nothrow_invokable<_Fn, _Args...>::value> {};
        -: 3679:
        -: 3680:template <class _Ret, class _Fn, class ..._Args>
        -: 3681:struct _LIBCPP_TEMPLATE_VIS is_nothrow_invocable_r
        -: 3682:    : integral_constant<bool, __nothrow_invokable_r<_Ret, _Fn, _Args...>::value> {};
        -: 3683:
        -: 3684:template <class _Fn, class ..._Args>
        -: 3685:_LIBCPP_INLINE_VAR constexpr bool is_nothrow_invocable_v
        -: 3686:    = is_nothrow_invocable<_Fn, _Args...>::value;
        -: 3687:
        -: 3688:template <class _Ret, class _Fn, class ..._Args>
        -: 3689:_LIBCPP_INLINE_VAR constexpr bool is_nothrow_invocable_r_v
        -: 3690:    = is_nothrow_invocable_r<_Ret, _Fn, _Args...>::value;
        -: 3691:
        -: 3692:#endif // _LIBCPP_STD_VER > 14
        -: 3693:
        -: 3694:#endif  // !defined(_LIBCPP_CXX03_LANG)
        -: 3695:
        -: 3696:template <class _Tp> struct __is_swappable;
        -: 3697:template <class _Tp> struct __is_nothrow_swappable;
        -: 3698:
        -: 3699:// swap, swap_ranges
        -: 3700:
        -: 3701:template <class _ForwardIterator1, class _ForwardIterator2>
        -: 3702:inline _LIBCPP_INLINE_VISIBILITY _LIBCPP_CONSTEXPR_AFTER_CXX17
        -: 3703:_ForwardIterator2
        -: 3704:swap_ranges(_ForwardIterator1 __first1, _ForwardIterator1 __last1, _ForwardIterator2 __first2);
        -: 3705:
        -: 3706:template <class _Tp>
        -: 3707:inline _LIBCPP_INLINE_VISIBILITY
        -: 3708:#ifndef _LIBCPP_CXX03_LANG
        -: 3709:typename enable_if
        -: 3710:<
        -: 3711:    is_move_constructible<_Tp>::value &&
        -: 3712:    is_move_assignable<_Tp>::value
        -: 3713:>::type
        -: 3714:#else
        -: 3715:void
        -: 3716:#endif
        -: 3717:_LIBCPP_CONSTEXPR_AFTER_CXX17
function _ZNSt3__1L4swapIPNS_6vectorIiNS_9allocatorIiEEEEEENS_9enable_ifIXaasr21is_move_constructibleIT_EE5valuesr18is_move_assignableIS7_EE5valueEvE4typeERS7_SA_ called 0 returned 0% blocks executed 0%
    #####: 3718:swap(_Tp& __x, _Tp& __y) _NOEXCEPT_(is_nothrow_move_constructible<_Tp>::value &&
    $$$$$: 3718-block  0
        -: 3719:                                    is_nothrow_move_assignable<_Tp>::value)
        -: 3720:{
    #####: 3721:    _Tp __t(_VSTD::move(__x));
    #####: 3722:    __x = _VSTD::move(__y);
    #####: 3723:    __y = _VSTD::move(__t);
    #####: 3724:}
    $$$$$: 3724-block  0
        -: 3725:
        -: 3726:template<class _Tp, size_t _Np>
        -: 3727:inline _LIBCPP_INLINE_VISIBILITY _LIBCPP_CONSTEXPR_AFTER_CXX17
        -: 3728:typename enable_if<
        -: 3729:    __is_swappable<_Tp>::value
        -: 3730:>::type
        -: 3731:swap(_Tp (&__a)[_Np], _Tp (&__b)[_Np]) _NOEXCEPT_(__is_nothrow_swappable<_Tp>::value)
        -: 3732:{
        -: 3733:    _VSTD::swap_ranges(__a, __a + _Np, __b);
        -: 3734:}
        -: 3735:
        -: 3736:template <class _ForwardIterator1, class _ForwardIterator2>
        -: 3737:inline _LIBCPP_INLINE_VISIBILITY _LIBCPP_CONSTEXPR_AFTER_CXX17
        -: 3738:_ForwardIterator2
        -: 3739:swap_ranges(_ForwardIterator1 __first1, _ForwardIterator1 __last1, _ForwardIterator2 __first2)
        -: 3740:{
        -: 3741:    for(; __first1 != __last1; ++__first1, (void) ++__first2)
        -: 3742:        swap(*__first1, *__first2);
        -: 3743:    return __first2;
        -: 3744:}
        -: 3745:
        -: 3746:// iter_swap
        -: 3747:
        -: 3748:template <class _ForwardIterator1, class _ForwardIterator2>
        -: 3749:inline _LIBCPP_INLINE_VISIBILITY _LIBCPP_CONSTEXPR_AFTER_CXX17
        -: 3750:void
        -: 3751:iter_swap(_ForwardIterator1 __a, _ForwardIterator2 __b)
        -: 3752:    //                                  _NOEXCEPT_(_NOEXCEPT_(swap(*__a, *__b)))
        -: 3753:               _NOEXCEPT_(_NOEXCEPT_(swap(*_VSTD::declval<_ForwardIterator1>(),
        -: 3754:                                          *_VSTD::declval<_ForwardIterator2>())))
        -: 3755:{
        -: 3756:    swap(*__a, *__b);
        -: 3757:}
        -: 3758:
        -: 3759:// __swappable
        -: 3760:
        -: 3761:namespace __detail
        -: 3762:{
        -: 3763:// ALL generic swap overloads MUST already have a declaration available at this point.
        -: 3764:
        -: 3765:template <class _Tp, class _Up = _Tp,
        -: 3766:          bool _NotVoid = !is_void<_Tp>::value && !is_void<_Up>::value>
        -: 3767:struct __swappable_with
        -: 3768:{
        -: 3769:    template <class _LHS, class _RHS>
        -: 3770:    static decltype(swap(_VSTD::declval<_LHS>(), _VSTD::declval<_RHS>()))
        -: 3771:    __test_swap(int);
        -: 3772:    template <class, class>
        -: 3773:    static __nat __test_swap(long);
        -: 3774:
        -: 3775:    // Extra parens are needed for the C++03 definition of decltype.
        -: 3776:    typedef decltype((__test_swap<_Tp, _Up>(0))) __swap1;
        -: 3777:    typedef decltype((__test_swap<_Up, _Tp>(0))) __swap2;
        -: 3778:
        -: 3779:    static const bool value = _IsNotSame<__swap1, __nat>::value
        -: 3780:                           && _IsNotSame<__swap2, __nat>::value;
        -: 3781:};
        -: 3782:
        -: 3783:template <class _Tp, class _Up>
        -: 3784:struct __swappable_with<_Tp, _Up,  false> : false_type {};
        -: 3785:
        -: 3786:template <class _Tp, class _Up = _Tp, bool _Swappable = __swappable_with<_Tp, _Up>::value>
        -: 3787:struct __nothrow_swappable_with {
        -: 3788:  static const bool value =
        -: 3789:#ifndef _LIBCPP_HAS_NO_NOEXCEPT
        -: 3790:      noexcept(swap(_VSTD::declval<_Tp>(), _VSTD::declval<_Up>()))
        -: 3791:  &&  noexcept(swap(_VSTD::declval<_Up>(), _VSTD::declval<_Tp>()));
        -: 3792:#else
        -: 3793:      false;
        -: 3794:#endif
        -: 3795:};
        -: 3796:
        -: 3797:template <class _Tp, class _Up>
        -: 3798:struct __nothrow_swappable_with<_Tp, _Up, false> : false_type {};
        -: 3799:
        -: 3800:}  // __detail
        -: 3801:
        -: 3802:template <class _Tp>
        -: 3803:struct __is_swappable
        -: 3804:    : public integral_constant<bool, __detail::__swappable_with<_Tp&>::value>
        -: 3805:{
        -: 3806:};
        -: 3807:
        -: 3808:template <class _Tp>
        -: 3809:struct __is_nothrow_swappable
        -: 3810:    : public integral_constant<bool, __detail::__nothrow_swappable_with<_Tp&>::value>
        -: 3811:{
        -: 3812:};
        -: 3813:
        -: 3814:#if _LIBCPP_STD_VER > 14
        -: 3815:
        -: 3816:template <class _Tp, class _Up>
        -: 3817:struct _LIBCPP_TEMPLATE_VIS is_swappable_with
        -: 3818:    : public integral_constant<bool, __detail::__swappable_with<_Tp, _Up>::value>
        -: 3819:{
        -: 3820:};
        -: 3821:
        -: 3822:template <class _Tp>
        -: 3823:struct _LIBCPP_TEMPLATE_VIS is_swappable
        -: 3824:    : public conditional<
        -: 3825:        __is_referenceable<_Tp>::value,
        -: 3826:        is_swappable_with<
        -: 3827:            typename add_lvalue_reference<_Tp>::type,
        -: 3828:            typename add_lvalue_reference<_Tp>::type>,
        -: 3829:        false_type
        -: 3830:    >::type
        -: 3831:{
        -: 3832:};
        -: 3833:
        -: 3834:template <class _Tp, class _Up>
        -: 3835:struct _LIBCPP_TEMPLATE_VIS is_nothrow_swappable_with
        -: 3836:    : public integral_constant<bool, __detail::__nothrow_swappable_with<_Tp, _Up>::value>
        -: 3837:{
        -: 3838:};
        -: 3839:
        -: 3840:template <class _Tp>
        -: 3841:struct _LIBCPP_TEMPLATE_VIS is_nothrow_swappable
        -: 3842:    : public conditional<
        -: 3843:        __is_referenceable<_Tp>::value,
        -: 3844:        is_nothrow_swappable_with<
        -: 3845:            typename add_lvalue_reference<_Tp>::type,
        -: 3846:            typename add_lvalue_reference<_Tp>::type>,
        -: 3847:        false_type
        -: 3848:    >::type
        -: 3849:{
        -: 3850:};
        -: 3851:
        -: 3852:template <class _Tp, class _Up>
        -: 3853:_LIBCPP_INLINE_VAR constexpr bool is_swappable_with_v
        -: 3854:    = is_swappable_with<_Tp, _Up>::value;
        -: 3855:
        -: 3856:template <class _Tp>
        -: 3857:_LIBCPP_INLINE_VAR constexpr bool is_swappable_v
        -: 3858:    = is_swappable<_Tp>::value;
        -: 3859:
        -: 3860:template <class _Tp, class _Up>
        -: 3861:_LIBCPP_INLINE_VAR constexpr bool is_nothrow_swappable_with_v
        -: 3862:    = is_nothrow_swappable_with<_Tp, _Up>::value;
        -: 3863:
        -: 3864:template <class _Tp>
        -: 3865:_LIBCPP_INLINE_VAR constexpr bool is_nothrow_swappable_v
        -: 3866:    = is_nothrow_swappable<_Tp>::value;
        -: 3867:
        -: 3868:#endif // _LIBCPP_STD_VER > 14
        -: 3869:
        -: 3870:template <class _Tp, bool = is_enum<_Tp>::value> struct __underlying_type_impl;
        -: 3871:
        -: 3872:template <class _Tp>
        -: 3873:struct __underlying_type_impl<_Tp, false> {};
        -: 3874:
        -: 3875:template <class _Tp>
        -: 3876:struct __underlying_type_impl<_Tp, true>
        -: 3877:{
        -: 3878:    typedef __underlying_type(_Tp) type;
        -: 3879:};
        -: 3880:
        -: 3881:template <class _Tp>
        -: 3882:struct underlying_type : __underlying_type_impl<_Tp, is_enum<_Tp>::value> {};
        -: 3883:
        -: 3884:#if _LIBCPP_STD_VER > 11
        -: 3885:template <class _Tp> using underlying_type_t = typename underlying_type<_Tp>::type;
        -: 3886:#endif
        -: 3887:
        -: 3888:
        -: 3889:template <class _Tp, bool = is_enum<_Tp>::value>
        -: 3890:struct __sfinae_underlying_type
        -: 3891:{
        -: 3892:    typedef typename underlying_type<_Tp>::type type;
        -: 3893:    typedef decltype(((type)1) + 0) __promoted_type;
        -: 3894:};
        -: 3895:
        -: 3896:template <class _Tp>
        -: 3897:struct __sfinae_underlying_type<_Tp, false> {};
        -: 3898:
        -: 3899:inline _LIBCPP_INLINE_VISIBILITY _LIBCPP_CONSTEXPR
        -: 3900:int __convert_to_integral(int __val) { return __val; }
        -: 3901:
        -: 3902:inline _LIBCPP_INLINE_VISIBILITY _LIBCPP_CONSTEXPR
        -: 3903:unsigned __convert_to_integral(unsigned __val) { return __val; }
        -: 3904:
        -: 3905:inline _LIBCPP_INLINE_VISIBILITY _LIBCPP_CONSTEXPR
        -: 3906:long __convert_to_integral(long __val) { return __val; }
        -: 3907:
        -: 3908:inline _LIBCPP_INLINE_VISIBILITY _LIBCPP_CONSTEXPR
        -: 3909:unsigned long __convert_to_integral(unsigned long __val) { return __val; }
        -: 3910:
        -: 3911:inline _LIBCPP_INLINE_VISIBILITY _LIBCPP_CONSTEXPR
        -: 3912:long long __convert_to_integral(long long __val) { return __val; }
        -: 3913:
        -: 3914:inline _LIBCPP_INLINE_VISIBILITY _LIBCPP_CONSTEXPR
        -: 3915:unsigned long long __convert_to_integral(unsigned long long __val) {return __val; }
        -: 3916:
        -: 3917:template<typename _Fp>
        -: 3918:inline _LIBCPP_INLINE_VISIBILITY _LIBCPP_CONSTEXPR
        -: 3919:typename enable_if<is_floating_point<_Fp>::value, long long>::type
        -: 3920: __convert_to_integral(_Fp __val) { return __val; }
        -: 3921:
        -: 3922:#ifndef _LIBCPP_HAS_NO_INT128
        -: 3923:inline _LIBCPP_INLINE_VISIBILITY _LIBCPP_CONSTEXPR
        -: 3924:__int128_t __convert_to_integral(__int128_t __val) { return __val; }
        -: 3925:
        -: 3926:inline _LIBCPP_INLINE_VISIBILITY _LIBCPP_CONSTEXPR
        -: 3927:__uint128_t __convert_to_integral(__uint128_t __val) { return __val; }
        -: 3928:#endif
        -: 3929:
        -: 3930:template <class _Tp>
        -: 3931:inline _LIBCPP_INLINE_VISIBILITY _LIBCPP_CONSTEXPR
        -: 3932:typename __sfinae_underlying_type<_Tp>::__promoted_type
        -: 3933:__convert_to_integral(_Tp __val) { return __val; }
        -: 3934:
        -: 3935:#ifndef _LIBCPP_CXX03_LANG
        -: 3936:
        -: 3937:template <class _Tp>
        -: 3938:struct __has_operator_addressof_member_imp
        -: 3939:{
        -: 3940:    template <class _Up>
        -: 3941:        static auto __test(int)
        -: 3942:            -> typename __select_2nd<decltype(_VSTD::declval<_Up>().operator&()), true_type>::type;
        -: 3943:    template <class>
        -: 3944:        static auto __test(long) -> false_type;
        -: 3945:
        -: 3946:    static const bool value = decltype(__test<_Tp>(0))::value;
        -: 3947:};
        -: 3948:
        -: 3949:template <class _Tp>
        -: 3950:struct __has_operator_addressof_free_imp
        -: 3951:{
        -: 3952:    template <class _Up>
        -: 3953:        static auto __test(int)
        -: 3954:            -> typename __select_2nd<decltype(operator&(_VSTD::declval<_Up>())), true_type>::type;
        -: 3955:    template <class>
        -: 3956:        static auto __test(long) -> false_type;
        -: 3957:
        -: 3958:    static const bool value = decltype(__test<_Tp>(0))::value;
        -: 3959:};
        -: 3960:
        -: 3961:template <class _Tp>
        -: 3962:struct __has_operator_addressof
        -: 3963:    : public integral_constant<bool, __has_operator_addressof_member_imp<_Tp>::value
        -: 3964:                                  || __has_operator_addressof_free_imp<_Tp>::value>
        -: 3965:{};
        -: 3966:
        -: 3967:#endif  // _LIBCPP_CXX03_LANG
        -: 3968:
        -: 3969:#if _LIBCPP_STD_VER > 14
        -: 3970:
        -: 3971:template <class...> using void_t = void;
        -: 3972:
        -: 3973:template <class... _Args>
        -: 3974:struct conjunction : _And<_Args...> {};
        -: 3975:template<class... _Args>
        -: 3976:_LIBCPP_INLINE_VAR constexpr bool conjunction_v
        -: 3977:    = conjunction<_Args...>::value;
        -: 3978:
        -: 3979:template <class... _Args>
        -: 3980:struct disjunction : _Or<_Args...> {};
        -: 3981:template<class... _Args>
        -: 3982:_LIBCPP_INLINE_VAR constexpr bool disjunction_v
        -: 3983:    = disjunction<_Args...>::value;
        -: 3984:
        -: 3985:template <class _Tp>
        -: 3986:struct negation : _Not<_Tp> {};
        -: 3987:template<class _Tp>
        -: 3988:_LIBCPP_INLINE_VAR constexpr bool negation_v
        -: 3989:    = negation<_Tp>::value;
        -: 3990:#endif  // _LIBCPP_STD_VER > 14
        -: 3991:
        -: 3992:// These traits are used in __tree and __hash_table
        -: 3993:#ifndef _LIBCPP_CXX03_LANG
        -: 3994:struct __extract_key_fail_tag {};
        -: 3995:struct __extract_key_self_tag {};
        -: 3996:struct __extract_key_first_tag {};
        -: 3997:
        -: 3998:template <class _ValTy, class _Key,
        -: 3999:          class _RawValTy = typename __unconstref<_ValTy>::type>
        -: 4000:struct __can_extract_key
        -: 4001:    : conditional<_IsSame<_RawValTy, _Key>::value, __extract_key_self_tag,
        -: 4002:                  __extract_key_fail_tag>::type {};
        -: 4003:
        -: 4004:template <class _Pair, class _Key, class _First, class _Second>
        -: 4005:struct __can_extract_key<_Pair, _Key, pair<_First, _Second>>
        -: 4006:    : conditional<_IsSame<typename remove_const<_First>::type, _Key>::value,
        -: 4007:                  __extract_key_first_tag, __extract_key_fail_tag>::type {};
        -: 4008:
        -: 4009:// __can_extract_map_key uses true_type/false_type instead of the tags.
        -: 4010:// It returns true if _Key != _ContainerValueTy (the container is a map not a set)
        -: 4011:// and _ValTy == _Key.
        -: 4012:template <class _ValTy, class _Key, class _ContainerValueTy,
        -: 4013:          class _RawValTy = typename __unconstref<_ValTy>::type>
        -: 4014:struct __can_extract_map_key
        -: 4015:    : integral_constant<bool, _IsSame<_RawValTy, _Key>::value> {};
        -: 4016:
        -: 4017:// This specialization returns __extract_key_fail_tag for non-map containers
        -: 4018:// because _Key == _ContainerValueTy
        -: 4019:template <class _ValTy, class _Key, class _RawValTy>
        -: 4020:struct __can_extract_map_key<_ValTy, _Key, _Key, _RawValTy>
        -: 4021:    : false_type {};
        -: 4022:
        -: 4023:#endif
        -: 4024:
        -: 4025:#ifndef _LIBCPP_HAS_NO_BUILTIN_IS_CONSTANT_EVALUATED
        -: 4026:#if _LIBCPP_STD_VER > 17
        -: 4027:_LIBCPP_INLINE_VISIBILITY
        -: 4028:inline constexpr bool is_constant_evaluated() noexcept {
        -: 4029:  return __builtin_is_constant_evaluated();
        -: 4030:}
        -: 4031:#endif
        -: 4032:
        -: 4033:inline _LIBCPP_CONSTEXPR
        -: 4034:bool __libcpp_is_constant_evaluated() _NOEXCEPT { return __builtin_is_constant_evaluated(); }
        -: 4035:#else
        -: 4036:inline _LIBCPP_CONSTEXPR
        -: 4037:bool __libcpp_is_constant_evaluated() _NOEXCEPT { return false; }
        -: 4038:#endif
        -: 4039:
        -: 4040:template <class _CharT>
        -: 4041:using _IsCharLikeType = _And<is_standard_layout<_CharT>, is_trivial<_CharT> >;
        -: 4042:
        -: 4043:_LIBCPP_END_NAMESPACE_STD
        -: 4044:
        -: 4045:#if _LIBCPP_STD_VER > 14
        -: 4046:// std::byte
        -: 4047:namespace std  // purposefully not versioned
        -: 4048:{
        -: 4049:template <class _Integer>
        -: 4050:  constexpr typename enable_if<is_integral_v<_Integer>, byte>::type &
        -: 4051:  operator<<=(byte& __lhs, _Integer __shift) noexcept
        -: 4052:  { return __lhs = __lhs << __shift; }
        -: 4053:
        -: 4054:template <class _Integer>
        -: 4055:  constexpr typename enable_if<is_integral_v<_Integer>, byte>::type
        -: 4056:  operator<< (byte  __lhs, _Integer __shift) noexcept
        -: 4057:  { return static_cast<byte>(static_cast<unsigned char>(static_cast<unsigned int>(__lhs) << __shift)); }
        -: 4058:
        -: 4059:template <class _Integer>
        -: 4060:  constexpr typename enable_if<is_integral_v<_Integer>, byte>::type &
        -: 4061:  operator>>=(byte& __lhs, _Integer __shift) noexcept
        -: 4062:  { return __lhs = __lhs >> __shift; }
        -: 4063:
        -: 4064:template <class _Integer>
        -: 4065:  constexpr typename enable_if<is_integral_v<_Integer>, byte>::type
        -: 4066:  operator>> (byte  __lhs, _Integer __shift) noexcept
        -: 4067:  { return static_cast<byte>(static_cast<unsigned char>(static_cast<unsigned int>(__lhs) >> __shift)); }
        -: 4068:
        -: 4069:template <class _Integer>
        -: 4070:  constexpr typename enable_if<is_integral_v<_Integer>, _Integer>::type
        -: 4071:  to_integer(byte __b) noexcept { return static_cast<_Integer>(__b); }
        -: 4072:
        -: 4073:}
        -: 4074:#endif
        -: 4075:
        -: 4076:#endif  // _LIBCPP_TYPE_TRAITS
