        -:    0:Source:/Library/Developer/CommandLineTools/usr/bin/../include/c++/v1/vector
        -:    0:Graph:/Users/delficomerso/template-alumnos 2/cmake-build-debug/CMakeFiles/tpi.dir/test/generarJoinTEST.gcno
        -:    0:Data:/Users/delficomerso/template-alumnos 2/cmake-build-debug/CMakeFiles/tpi.dir/test/generarJoinTEST.gcda
        -:    0:Runs:1
        -:    0:Programs:1
        -:    1:// -*- C++ -*-
        -:    2://===------------------------------ vector --------------------------------===//
        -:    3://
        -:    4:// Part of the LLVM Project, under the Apache License v2.0 with LLVM Exceptions.
        -:    5:// See https://llvm.org/LICENSE.txt for license information.
        -:    6:// SPDX-License-Identifier: Apache-2.0 WITH LLVM-exception
        -:    7://
        -:    8://===----------------------------------------------------------------------===//
        -:    9:
        -:   10:#ifndef _LIBCPP_VECTOR
        -:   11:#define _LIBCPP_VECTOR
        -:   12:
        -:   13:/*
        -:   14:    vector synopsis
        -:   15:
        -:   16:namespace std
        -:   17:{
        -:   18:
        -:   19:template <class T, class Allocator = allocator<T> >
        -:   20:class vector
        -:   21:{
        -:   22:public:
        -:   23:    typedef T                                        value_type;
        -:   24:    typedef Allocator                                allocator_type;
        -:   25:    typedef typename allocator_type::reference       reference;
        -:   26:    typedef typename allocator_type::const_reference const_reference;
        -:   27:    typedef implementation-defined                   iterator;
        -:   28:    typedef implementation-defined                   const_iterator;
        -:   29:    typedef typename allocator_type::size_type       size_type;
        -:   30:    typedef typename allocator_type::difference_type difference_type;
        -:   31:    typedef typename allocator_type::pointer         pointer;
        -:   32:    typedef typename allocator_type::const_pointer   const_pointer;
        -:   33:    typedef std::reverse_iterator<iterator>          reverse_iterator;
        -:   34:    typedef std::reverse_iterator<const_iterator>    const_reverse_iterator;
        -:   35:
        -:   36:    vector()
        -:   37:        noexcept(is_nothrow_default_constructible<allocator_type>::value);
        -:   38:    explicit vector(const allocator_type&);
        -:   39:    explicit vector(size_type n);
        -:   40:    explicit vector(size_type n, const allocator_type&); // C++14
        -:   41:    vector(size_type n, const value_type& value, const allocator_type& = allocator_type());
        -:   42:    template <class InputIterator>
        -:   43:        vector(InputIterator first, InputIterator last, const allocator_type& = allocator_type());
        -:   44:    vector(const vector& x);
        -:   45:    vector(vector&& x)
        -:   46:        noexcept(is_nothrow_move_constructible<allocator_type>::value);
        -:   47:    vector(initializer_list<value_type> il);
        -:   48:    vector(initializer_list<value_type> il, const allocator_type& a);
        -:   49:    ~vector();
        -:   50:    vector& operator=(const vector& x);
        -:   51:    vector& operator=(vector&& x)
        -:   52:        noexcept(
        -:   53:             allocator_type::propagate_on_container_move_assignment::value ||
        -:   54:             allocator_type::is_always_equal::value); // C++17
        -:   55:    vector& operator=(initializer_list<value_type> il);
        -:   56:    template <class InputIterator>
        -:   57:        void assign(InputIterator first, InputIterator last);
        -:   58:    void assign(size_type n, const value_type& u);
        -:   59:    void assign(initializer_list<value_type> il);
        -:   60:
        -:   61:    allocator_type get_allocator() const noexcept;
        -:   62:
        -:   63:    iterator               begin() noexcept;
        -:   64:    const_iterator         begin()   const noexcept;
        -:   65:    iterator               end() noexcept;
        -:   66:    const_iterator         end()     const noexcept;
        -:   67:
        -:   68:    reverse_iterator       rbegin() noexcept;
        -:   69:    const_reverse_iterator rbegin()  const noexcept;
        -:   70:    reverse_iterator       rend() noexcept;
        -:   71:    const_reverse_iterator rend()    const noexcept;
        -:   72:
        -:   73:    const_iterator         cbegin()  const noexcept;
        -:   74:    const_iterator         cend()    const noexcept;
        -:   75:    const_reverse_iterator crbegin() const noexcept;
        -:   76:    const_reverse_iterator crend()   const noexcept;
        -:   77:
        -:   78:    size_type size() const noexcept;
        -:   79:    size_type max_size() const noexcept;
        -:   80:    size_type capacity() const noexcept;
        -:   81:    bool empty() const noexcept;
        -:   82:    void reserve(size_type n);
        -:   83:    void shrink_to_fit() noexcept;
        -:   84:
        -:   85:    reference       operator[](size_type n);
        -:   86:    const_reference operator[](size_type n) const;
        -:   87:    reference       at(size_type n);
        -:   88:    const_reference at(size_type n) const;
        -:   89:
        -:   90:    reference       front();
        -:   91:    const_reference front() const;
        -:   92:    reference       back();
        -:   93:    const_reference back() const;
        -:   94:
        -:   95:    value_type*       data() noexcept;
        -:   96:    const value_type* data() const noexcept;
        -:   97:
        -:   98:    void push_back(const value_type& x);
        -:   99:    void push_back(value_type&& x);
        -:  100:    template <class... Args>
        -:  101:        reference emplace_back(Args&&... args); // reference in C++17
        -:  102:    void pop_back();
        -:  103:
        -:  104:    template <class... Args> iterator emplace(const_iterator position, Args&&... args);
        -:  105:    iterator insert(const_iterator position, const value_type& x);
        -:  106:    iterator insert(const_iterator position, value_type&& x);
        -:  107:    iterator insert(const_iterator position, size_type n, const value_type& x);
        -:  108:    template <class InputIterator>
        -:  109:        iterator insert(const_iterator position, InputIterator first, InputIterator last);
        -:  110:    iterator insert(const_iterator position, initializer_list<value_type> il);
        -:  111:
        -:  112:    iterator erase(const_iterator position);
        -:  113:    iterator erase(const_iterator first, const_iterator last);
        -:  114:
        -:  115:    void clear() noexcept;
        -:  116:
        -:  117:    void resize(size_type sz);
        -:  118:    void resize(size_type sz, const value_type& c);
        -:  119:
        -:  120:    void swap(vector&)
        -:  121:        noexcept(allocator_traits<allocator_type>::propagate_on_container_swap::value ||
        -:  122:                 allocator_traits<allocator_type>::is_always_equal::value);  // C++17
        -:  123:
        -:  124:    bool __invariants() const;
        -:  125:};
        -:  126:
        -:  127:template <class Allocator = allocator<T> >
        -:  128:class vector<bool, Allocator>
        -:  129:{
        -:  130:public:
        -:  131:    typedef bool                                     value_type;
        -:  132:    typedef Allocator                                allocator_type;
        -:  133:    typedef implementation-defined                   iterator;
        -:  134:    typedef implementation-defined                   const_iterator;
        -:  135:    typedef typename allocator_type::size_type       size_type;
        -:  136:    typedef typename allocator_type::difference_type difference_type;
        -:  137:    typedef iterator                                 pointer;
        -:  138:    typedef const_iterator                           const_pointer;
        -:  139:    typedef std::reverse_iterator<iterator>          reverse_iterator;
        -:  140:    typedef std::reverse_iterator<const_iterator>    const_reverse_iterator;
        -:  141:
        -:  142:    class reference
        -:  143:    {
        -:  144:    public:
        -:  145:        reference(const reference&) noexcept;
        -:  146:        operator bool() const noexcept;
        -:  147:        reference& operator=(const bool x) noexcept;
        -:  148:        reference& operator=(const reference& x) noexcept;
        -:  149:        iterator operator&() const noexcept;
        -:  150:        void flip() noexcept;
        -:  151:    };
        -:  152:
        -:  153:    class const_reference
        -:  154:    {
        -:  155:    public:
        -:  156:        const_reference(const reference&) noexcept;
        -:  157:        operator bool() const noexcept;
        -:  158:        const_iterator operator&() const noexcept;
        -:  159:    };
        -:  160:
        -:  161:    vector()
        -:  162:        noexcept(is_nothrow_default_constructible<allocator_type>::value);
        -:  163:    explicit vector(const allocator_type&);
        -:  164:    explicit vector(size_type n, const allocator_type& a = allocator_type()); // C++14
        -:  165:    vector(size_type n, const value_type& value, const allocator_type& = allocator_type());
        -:  166:    template <class InputIterator>
        -:  167:        vector(InputIterator first, InputIterator last, const allocator_type& = allocator_type());
        -:  168:    vector(const vector& x);
        -:  169:    vector(vector&& x)
        -:  170:        noexcept(is_nothrow_move_constructible<allocator_type>::value);
        -:  171:    vector(initializer_list<value_type> il);
        -:  172:    vector(initializer_list<value_type> il, const allocator_type& a);
        -:  173:    ~vector();
        -:  174:    vector& operator=(const vector& x);
        -:  175:    vector& operator=(vector&& x)
        -:  176:        noexcept(
        -:  177:             allocator_type::propagate_on_container_move_assignment::value ||
        -:  178:             allocator_type::is_always_equal::value); // C++17
        -:  179:    vector& operator=(initializer_list<value_type> il);
        -:  180:    template <class InputIterator>
        -:  181:        void assign(InputIterator first, InputIterator last);
        -:  182:    void assign(size_type n, const value_type& u);
        -:  183:    void assign(initializer_list<value_type> il);
        -:  184:
        -:  185:    allocator_type get_allocator() const noexcept;
        -:  186:
        -:  187:    iterator               begin() noexcept;
        -:  188:    const_iterator         begin()   const noexcept;
        -:  189:    iterator               end() noexcept;
        -:  190:    const_iterator         end()     const noexcept;
        -:  191:
        -:  192:    reverse_iterator       rbegin() noexcept;
        -:  193:    const_reverse_iterator rbegin()  const noexcept;
        -:  194:    reverse_iterator       rend() noexcept;
        -:  195:    const_reverse_iterator rend()    const noexcept;
        -:  196:
        -:  197:    const_iterator         cbegin()  const noexcept;
        -:  198:    const_iterator         cend()    const noexcept;
        -:  199:    const_reverse_iterator crbegin() const noexcept;
        -:  200:    const_reverse_iterator crend()   const noexcept;
        -:  201:
        -:  202:    size_type size() const noexcept;
        -:  203:    size_type max_size() const noexcept;
        -:  204:    size_type capacity() const noexcept;
        -:  205:    bool empty() const noexcept;
        -:  206:    void reserve(size_type n);
        -:  207:    void shrink_to_fit() noexcept;
        -:  208:
        -:  209:    reference       operator[](size_type n);
        -:  210:    const_reference operator[](size_type n) const;
        -:  211:    reference       at(size_type n);
        -:  212:    const_reference at(size_type n) const;
        -:  213:
        -:  214:    reference       front();
        -:  215:    const_reference front() const;
        -:  216:    reference       back();
        -:  217:    const_reference back() const;
        -:  218:
        -:  219:    void push_back(const value_type& x);
        -:  220:    template <class... Args> reference emplace_back(Args&&... args);  // C++14; reference in C++17
        -:  221:    void pop_back();
        -:  222:
        -:  223:    template <class... Args> iterator emplace(const_iterator position, Args&&... args);  // C++14
        -:  224:    iterator insert(const_iterator position, const value_type& x);
        -:  225:    iterator insert(const_iterator position, size_type n, const value_type& x);
        -:  226:    template <class InputIterator>
        -:  227:        iterator insert(const_iterator position, InputIterator first, InputIterator last);
        -:  228:    iterator insert(const_iterator position, initializer_list<value_type> il);
        -:  229:
        -:  230:    iterator erase(const_iterator position);
        -:  231:    iterator erase(const_iterator first, const_iterator last);
        -:  232:
        -:  233:    void clear() noexcept;
        -:  234:
        -:  235:    void resize(size_type sz);
        -:  236:    void resize(size_type sz, value_type x);
        -:  237:
        -:  238:    void swap(vector&)
        -:  239:        noexcept(allocator_traits<allocator_type>::propagate_on_container_swap::value ||
        -:  240:                 allocator_traits<allocator_type>::is_always_equal::value);  // C++17
        -:  241:    void flip() noexcept;
        -:  242:
        -:  243:    bool __invariants() const;
        -:  244:};
        -:  245:
        -:  246:template <class InputIterator, class Allocator = allocator<typename iterator_traits<InputIterator>::value_type>>
        -:  247:   vector(InputIterator, InputIterator, Allocator = Allocator())
        -:  248:   -> vector<typename iterator_traits<InputIterator>::value_type, Allocator>;
        -:  249:
        -:  250:template <class Allocator> struct hash<std::vector<bool, Allocator>>;
        -:  251:
        -:  252:template <class T, class Allocator> bool operator==(const vector<T,Allocator>& x, const vector<T,Allocator>& y);
        -:  253:template <class T, class Allocator> bool operator< (const vector<T,Allocator>& x, const vector<T,Allocator>& y);
        -:  254:template <class T, class Allocator> bool operator!=(const vector<T,Allocator>& x, const vector<T,Allocator>& y);
        -:  255:template <class T, class Allocator> bool operator> (const vector<T,Allocator>& x, const vector<T,Allocator>& y);
        -:  256:template <class T, class Allocator> bool operator>=(const vector<T,Allocator>& x, const vector<T,Allocator>& y);
        -:  257:template <class T, class Allocator> bool operator<=(const vector<T,Allocator>& x, const vector<T,Allocator>& y);
        -:  258:
        -:  259:template <class T, class Allocator>
        -:  260:void swap(vector<T,Allocator>& x, vector<T,Allocator>& y)
        -:  261:    noexcept(noexcept(x.swap(y)));
        -:  262:
        -:  263:template <class T, class Allocator, class U>
        -:  264:    void erase(vector<T, Allocator>& c, const U& value);       // C++20
        -:  265:template <class T, class Allocator, class Predicate>
        -:  266:    void erase_if(vector<T, Allocator>& c, Predicate pred);    // C++20
        -:  267:
        -:  268:}  // std
        -:  269:
        -:  270:*/
        -:  271:
        -:  272:#include <__config>
        -:  273:#include <iosfwd> // for forward declaration of vector
        -:  274:#include <__bit_reference>
        -:  275:#include <type_traits>
        -:  276:#include <climits>
        -:  277:#include <limits>
        -:  278:#include <initializer_list>
        -:  279:#include <memory>
        -:  280:#include <stdexcept>
        -:  281:#include <algorithm>
        -:  282:#include <cstring>
        -:  283:#include <__cxx_version>
        -:  284:#include <__split_buffer>
        -:  285:#include <__functional_base>
        -:  286:
        -:  287:#include <__debug>
        -:  288:
        -:  289:#if !defined(_LIBCPP_HAS_NO_PRAGMA_SYSTEM_HEADER)
        -:  290:#pragma GCC system_header
        -:  291:#endif
        -:  292:
        -:  293:_LIBCPP_PUSH_MACROS
        -:  294:#include <__undef_macros>
        -:  295:
        -:  296:
        -:  297:_LIBCPP_BEGIN_NAMESPACE_STD
        -:  298:
        -:  299:template <bool>
        -:  300:class _LIBCPP_TEMPLATE_VIS __vector_base_common
        -:  301:{
        -:  302:protected:
function _ZNSt3__120__vector_base_commonILb1EEC2Ev called 0 returned 0% blocks executed 0%
    #####:  303:    _LIBCPP_INLINE_VISIBILITY __vector_base_common() {}
    $$$$$:  303-block  0
    $$$$$:  303-block  1
        -:  304:    _LIBCPP_NORETURN void __throw_length_error() const;
        -:  305:    _LIBCPP_NORETURN void __throw_out_of_range() const;
        -:  306:};
        -:  307:
        -:  308:template <bool __b>
        -:  309:void
        -:  310:__vector_base_common<__b>::__throw_length_error() const
        -:  311:{
        -:  312:    _VSTD::__throw_length_error("vector");
        -:  313:}
        -:  314:
        -:  315:template <bool __b>
        -:  316:void
        -:  317:__vector_base_common<__b>::__throw_out_of_range() const
        -:  318:{
        -:  319:    _VSTD::__throw_out_of_range("vector");
        -:  320:}
        -:  321:
        -:  322:_LIBCPP_EXTERN_TEMPLATE(class _LIBCPP_EXTERN_TEMPLATE_TYPE_VIS __vector_base_common<true>)
        -:  323:
        -:  324:template <class _Tp, class _Allocator>
        -:  325:class __vector_base
        -:  326:    : protected __vector_base_common<true>
        -:  327:{
        -:  328:public:
        -:  329:    typedef _Allocator                               allocator_type;
        -:  330:    typedef allocator_traits<allocator_type>         __alloc_traits;
        -:  331:    typedef typename __alloc_traits::size_type       size_type;
        -:  332:protected:
        -:  333:    typedef _Tp                                      value_type;
        -:  334:    typedef value_type&                              reference;
        -:  335:    typedef const value_type&                        const_reference;
        -:  336:    typedef typename __alloc_traits::difference_type difference_type;
        -:  337:    typedef typename __alloc_traits::pointer         pointer;
        -:  338:    typedef typename __alloc_traits::const_pointer   const_pointer;
        -:  339:    typedef pointer                                  iterator;
        -:  340:    typedef const_pointer                            const_iterator;
        -:  341:
        -:  342:    pointer                                         __begin_;
        -:  343:    pointer                                         __end_;
        -:  344:    __compressed_pair<pointer, allocator_type> __end_cap_;
        -:  345:
        -:  346:    _LIBCPP_INLINE_VISIBILITY
function _ZNSt3__113__vector_baseIiNS_9allocatorIiEEE7__allocEv called 0 returned 0% blocks executed 0%
function _ZNSt3__113__vector_baseINS_6vectorIiNS_9allocatorIiEEEENS2_IS4_EEE7__allocEv called 0 returned 0% blocks executed 0%
function _ZNSt3__113__vector_baseINS_4pairINS_6vectorIiNS_9allocatorIiEEEES5_EENS3_IS6_EEE7__allocEv called 0 returned 0% blocks executed 0%
    #####:  347:    allocator_type& __alloc() _NOEXCEPT
    $$$$$:  347-block  0
    $$$$$:  347-block  1
    $$$$$:  347-block  2
    #####:  348:        {return __end_cap_.second();}
    $$$$$:  348-block  0
    $$$$$:  348-block  1
    $$$$$:  348-block  2
        -:  349:    _LIBCPP_INLINE_VISIBILITY
function _ZNKSt3__113__vector_baseIiNS_9allocatorIiEEE7__allocEv called 0 returned 0% blocks executed 0%
function _ZNKSt3__113__vector_baseINS_6vectorIiNS_9allocatorIiEEEENS2_IS4_EEE7__allocEv called 0 returned 0% blocks executed 0%
function _ZNKSt3__113__vector_baseINS_4pairINS_6vectorIiNS_9allocatorIiEEEES5_EENS3_IS6_EEE7__allocEv called 0 returned 0% blocks executed 0%
    #####:  350:    const allocator_type& __alloc() const _NOEXCEPT
    $$$$$:  350-block  0
    $$$$$:  350-block  1
    $$$$$:  350-block  2
    #####:  351:        {return __end_cap_.second();}
    $$$$$:  351-block  0
    $$$$$:  351-block  1
    $$$$$:  351-block  2
        -:  352:    _LIBCPP_INLINE_VISIBILITY
function _ZNSt3__113__vector_baseIiNS_9allocatorIiEEE9__end_capEv called 0 returned 0% blocks executed 0%
function _ZNSt3__113__vector_baseINS_6vectorIiNS_9allocatorIiEEEENS2_IS4_EEE9__end_capEv called 0 returned 0% blocks executed 0%
function _ZNSt3__113__vector_baseINS_4pairINS_6vectorIiNS_9allocatorIiEEEES5_EENS3_IS6_EEE9__end_capEv called 0 returned 0% blocks executed 0%
    #####:  353:    pointer& __end_cap() _NOEXCEPT
    $$$$$:  353-block  0
    $$$$$:  353-block  1
    $$$$$:  353-block  2
    #####:  354:        {return __end_cap_.first();}
    $$$$$:  354-block  0
    $$$$$:  354-block  1
    $$$$$:  354-block  2
        -:  355:    _LIBCPP_INLINE_VISIBILITY
function _ZNKSt3__113__vector_baseIiNS_9allocatorIiEEE9__end_capEv called 0 returned 0% blocks executed 0%
function _ZNKSt3__113__vector_baseINS_6vectorIiNS_9allocatorIiEEEENS2_IS4_EEE9__end_capEv called 0 returned 0% blocks executed 0%
function _ZNKSt3__113__vector_baseINS_4pairINS_6vectorIiNS_9allocatorIiEEEES5_EENS3_IS6_EEE9__end_capEv called 0 returned 0% blocks executed 0%
    #####:  356:    const pointer& __end_cap() const _NOEXCEPT
    $$$$$:  356-block  0
    $$$$$:  356-block  1
    $$$$$:  356-block  2
    #####:  357:        {return __end_cap_.first();}
    $$$$$:  357-block  0
    $$$$$:  357-block  1
    $$$$$:  357-block  2
        -:  358:
        -:  359:    _LIBCPP_INLINE_VISIBILITY
    #####:  360:    __vector_base()
    $$$$$:  360-block  0
branch  0 never executed
branch  1 never executed
    $$$$$:  360-block  1
    $$$$$:  360-block  2
branch  2 never executed
branch  3 never executed
    $$$$$:  360-block  3
    $$$$$:  360-block  4
branch  4 never executed
branch  5 never executed
    $$$$$:  360-block  5
        -:  361:        _NOEXCEPT_(is_nothrow_default_constructible<allocator_type>::value);
        -:  362:    _LIBCPP_INLINE_VISIBILITY __vector_base(const allocator_type& __a);
        -:  363:#ifndef _LIBCPP_CXX03_LANG
    #####:  364:    _LIBCPP_INLINE_VISIBILITY __vector_base(allocator_type&& __a) _NOEXCEPT;
    $$$$$:  364-block  0
branch  0 never executed
branch  1 never executed
    $$$$$:  364-block  1
    $$$$$:  364-block  2
branch  2 never executed
branch  3 never executed
    $$$$$:  364-block  3
        -:  365:#endif
        -:  366:    ~__vector_base();
        -:  367:
        -:  368:    _LIBCPP_INLINE_VISIBILITY
function _ZNSt3__113__vector_baseIiNS_9allocatorIiEEE5clearEv called 0 returned 0% blocks executed 0%
function _ZNSt3__113__vector_baseINS_6vectorIiNS_9allocatorIiEEEENS2_IS4_EEE5clearEv called 0 returned 0% blocks executed 0%
function _ZNSt3__113__vector_baseINS_4pairINS_6vectorIiNS_9allocatorIiEEEES5_EENS3_IS6_EEE5clearEv called 0 returned 0% blocks executed 0%
    #####:  369:    void clear() _NOEXCEPT {__destruct_at_end(__begin_);}
    $$$$$:  369-block  0
    $$$$$:  369-block  1
    $$$$$:  369-block  2
    $$$$$:  369-block  3
    $$$$$:  369-block  4
    $$$$$:  369-block  5
        -:  370:    _LIBCPP_INLINE_VISIBILITY
function _ZNKSt3__113__vector_baseIiNS_9allocatorIiEEE8capacityEv called 0 returned 0% blocks executed 0%
function _ZNKSt3__113__vector_baseINS_6vectorIiNS_9allocatorIiEEEENS2_IS4_EEE8capacityEv called 0 returned 0% blocks executed 0%
function _ZNKSt3__113__vector_baseINS_4pairINS_6vectorIiNS_9allocatorIiEEEES5_EENS3_IS6_EEE8capacityEv called 0 returned 0% blocks executed 0%
    #####:  371:    size_type capacity() const _NOEXCEPT
    $$$$$:  371-block  0
    $$$$$:  371-block  1
    $$$$$:  371-block  2
    #####:  372:        {return static_cast<size_type>(__end_cap() - __begin_);}
    $$$$$:  372-block  0
    $$$$$:  372-block  1
    $$$$$:  372-block  2
        -:  373:
        -:  374:    _LIBCPP_INLINE_VISIBILITY
        -:  375:    void __destruct_at_end(pointer __new_last) _NOEXCEPT;
        -:  376:
        -:  377:    _LIBCPP_INLINE_VISIBILITY
        -:  378:    void __copy_assign_alloc(const __vector_base& __c)
        -:  379:        {__copy_assign_alloc(__c, integral_constant<bool,
        -:  380:                      __alloc_traits::propagate_on_container_copy_assignment::value>());}
        -:  381:
        -:  382:    _LIBCPP_INLINE_VISIBILITY
function _ZNSt3__113__vector_baseIiNS_9allocatorIiEEE19__move_assign_allocERS3_ called 0 returned 0% blocks executed 0%
    #####:  383:    void __move_assign_alloc(__vector_base& __c)
    $$$$$:  383-block  0
        -:  384:        _NOEXCEPT_(
        -:  385:            !__alloc_traits::propagate_on_container_move_assignment::value ||
        -:  386:            is_nothrow_move_assignable<allocator_type>::value)
    #####:  387:        {__move_assign_alloc(__c, integral_constant<bool,
    #####:  388:                      __alloc_traits::propagate_on_container_move_assignment::value>());}
    $$$$$:  388-block  0
        -:  389:private:
        -:  390:    _LIBCPP_INLINE_VISIBILITY
        -:  391:    void __copy_assign_alloc(const __vector_base& __c, true_type)
        -:  392:        {
        -:  393:            if (__alloc() != __c.__alloc())
        -:  394:            {
        -:  395:                clear();
        -:  396:                __alloc_traits::deallocate(__alloc(), __begin_, capacity());
        -:  397:                __begin_ = __end_ = __end_cap() = nullptr;
        -:  398:            }
        -:  399:            __alloc() = __c.__alloc();
        -:  400:        }
        -:  401:
        -:  402:    _LIBCPP_INLINE_VISIBILITY
        -:  403:    void __copy_assign_alloc(const __vector_base&, false_type)
        -:  404:        {}
        -:  405:
        -:  406:    _LIBCPP_INLINE_VISIBILITY
function _ZNSt3__113__vector_baseIiNS_9allocatorIiEEE19__move_assign_allocERS3_NS_17integral_constantIbLb1EEE called 0 returned 0% blocks executed 0%
    #####:  407:    void __move_assign_alloc(__vector_base& __c, true_type)
    $$$$$:  407-block  0
        -:  408:        _NOEXCEPT_(is_nothrow_move_assignable<allocator_type>::value)
        -:  409:        {
    #####:  410:            __alloc() = _VSTD::move(__c.__alloc());
    #####:  411:        }
    $$$$$:  411-block  0
        -:  412:
        -:  413:    _LIBCPP_INLINE_VISIBILITY
        -:  414:    void __move_assign_alloc(__vector_base&, false_type)
        -:  415:        _NOEXCEPT
        -:  416:        {}
        -:  417:};
        -:  418:
        -:  419:template <class _Tp, class _Allocator>
        -:  420:inline _LIBCPP_INLINE_VISIBILITY
        -:  421:void
function _ZNSt3__113__vector_baseIiNS_9allocatorIiEEE17__destruct_at_endEPi called 0 returned 0% blocks executed 0%
function _ZNSt3__113__vector_baseINS_6vectorIiNS_9allocatorIiEEEENS2_IS4_EEE17__destruct_at_endEPS4_ called 0 returned 0% blocks executed 0%
function _ZNSt3__113__vector_baseINS_4pairINS_6vectorIiNS_9allocatorIiEEEES5_EENS3_IS6_EEE17__destruct_at_endEPS6_ called 0 returned 0% blocks executed 0%
    #####:  422:__vector_base<_Tp, _Allocator>::__destruct_at_end(pointer __new_last) _NOEXCEPT
    $$$$$:  422-block  0
    $$$$$:  422-block  1
    $$$$$:  422-block  2
        -:  423:{
    #####:  424:    pointer __soon_to_be_end = __end_;
    #####:  425:    while (__new_last != __soon_to_be_end)
    $$$$$:  425-block  0
    $$$$$:  425-block  1
branch  0 never executed
branch  1 never executed
    $$$$$:  425-block  2
    $$$$$:  425-block  3
    $$$$$:  425-block  4
branch  2 never executed
branch  3 never executed
    $$$$$:  425-block  5
    $$$$$:  425-block  6
    $$$$$:  425-block  7
branch  4 never executed
branch  5 never executed
    $$$$$:  425-block  8
    #####:  426:        __alloc_traits::destroy(__alloc(), _VSTD::__to_address(--__soon_to_be_end));
    $$$$$:  426-block  0
branch  0 never executed
branch  1 never executed
    $$$$$:  426-block  1
    $$$$$:  426-block  2
branch  2 never executed
branch  3 never executed
    $$$$$:  426-block  3
    $$$$$:  426-block  4
branch  4 never executed
branch  5 never executed
    $$$$$:  426-block  5
    #####:  427:    __end_ = __new_last;
    #####:  428:}
    $$$$$:  428-block  0
    $$$$$:  428-block  1
    $$$$$:  428-block  2
        -:  429:
        -:  430:template <class _Tp, class _Allocator>
        -:  431:inline _LIBCPP_INLINE_VISIBILITY
function _ZNSt3__113__vector_baseIiNS_9allocatorIiEEEC2Ev called 0 returned 0% blocks executed 0%
function _ZNSt3__113__vector_baseINS_6vectorIiNS_9allocatorIiEEEENS2_IS4_EEEC2Ev called 0 returned 0% blocks executed 0%
function _ZNSt3__113__vector_baseINS_4pairINS_6vectorIiNS_9allocatorIiEEEES5_EENS3_IS6_EEEC2Ev called 0 returned 0% blocks executed 0%
    #####:  432:__vector_base<_Tp, _Allocator>::__vector_base()
    $$$$$:  432-block  0
    $$$$$:  432-block  1
    $$$$$:  432-block  2
        -:  433:        _NOEXCEPT_(is_nothrow_default_constructible<allocator_type>::value)
    #####:  434:    : __begin_(nullptr),
    #####:  435:      __end_(nullptr),
    #####:  436:      __end_cap_(nullptr, __default_init_tag())
    $$$$$:  436-block  0
branch  0 never executed
branch  1 never executed
    $$$$$:  436-block  1
branch  2 never executed
branch  3 never executed
    $$$$$:  436-block  2
branch  4 never executed
branch  5 never executed
    #####:  437:{
    #####:  438:}
    $$$$$:  438-block  0
    $$$$$:  438-block  1
    $$$$$:  438-block  2
        -:  439:
        -:  440:template <class _Tp, class _Allocator>
        -:  441:inline _LIBCPP_INLINE_VISIBILITY
        -:  442:__vector_base<_Tp, _Allocator>::__vector_base(const allocator_type& __a)
        -:  443:    : __begin_(nullptr),
        -:  444:      __end_(nullptr),
        -:  445:      __end_cap_(nullptr, __a)
        -:  446:{
        -:  447:}
        -:  448:
        -:  449:#ifndef _LIBCPP_CXX03_LANG
        -:  450:template <class _Tp, class _Allocator>
        -:  451:inline _LIBCPP_INLINE_VISIBILITY
function _ZNSt3__113__vector_baseIiNS_9allocatorIiEEEC2EOS2_ called 0 returned 0% blocks executed 0%
function _ZNSt3__113__vector_baseINS_6vectorIiNS_9allocatorIiEEEENS2_IS4_EEEC2EOS5_ called 0 returned 0% blocks executed 0%
    #####:  452:__vector_base<_Tp, _Allocator>::__vector_base(allocator_type&& __a) _NOEXCEPT
    $$$$$:  452-block  0
    $$$$$:  452-block  1
    #####:  453:    : __begin_(nullptr),
    #####:  454:      __end_(nullptr),
    #####:  455:      __end_cap_(nullptr, std::move(__a)) {}
    $$$$$:  455-block  0
branch  0 never executed
branch  1 never executed
    $$$$$:  455-block  1
    $$$$$:  455-block  2
branch  2 never executed
branch  3 never executed
    $$$$$:  455-block  3
        -:  456:#endif
        -:  457:
        -:  458:template <class _Tp, class _Allocator>
function _ZNSt3__113__vector_baseIiNS_9allocatorIiEEED2Ev called 0 returned 0% blocks executed 0%
function _ZNSt3__113__vector_baseINS_6vectorIiNS_9allocatorIiEEEENS2_IS4_EEED2Ev called 0 returned 0% blocks executed 0%
function _ZNSt3__113__vector_baseINS_4pairINS_6vectorIiNS_9allocatorIiEEEES5_EENS3_IS6_EEED2Ev called 0 returned 0% blocks executed 0%
    #####:  459:__vector_base<_Tp, _Allocator>::~__vector_base()
    $$$$$:  459-block  0
    $$$$$:  459-block  1
    $$$$$:  459-block  2
        -:  460:{
    #####:  461:    if (__begin_ != nullptr)
    $$$$$:  461-block  0
branch  0 never executed
branch  1 never executed
    $$$$$:  461-block  1
branch  2 never executed
branch  3 never executed
    $$$$$:  461-block  2
branch  4 never executed
branch  5 never executed
        -:  462:    {
    #####:  463:        clear();
    #####:  464:        __alloc_traits::deallocate(__alloc(), __begin_, capacity());
    #####:  465:    }
    $$$$$:  465-block  0
    $$$$$:  465-block  1
    $$$$$:  465-block  2
    #####:  466:}
    $$$$$:  466-block  0
    $$$$$:  466-block  1
    $$$$$:  466-block  2
        -:  467:
        -:  468:template <class _Tp, class _Allocator /* = allocator<_Tp> */>
        -:  469:class _LIBCPP_TEMPLATE_VIS vector
        -:  470:    : private __vector_base<_Tp, _Allocator>
        -:  471:{
        -:  472:private:
        -:  473:    typedef __vector_base<_Tp, _Allocator>           __base;
        -:  474:    typedef allocator<_Tp>                           __default_allocator_type;
        -:  475:public:
        -:  476:    typedef vector                                   __self;
        -:  477:    typedef _Tp                                      value_type;
        -:  478:    typedef _Allocator                               allocator_type;
        -:  479:    typedef typename __base::__alloc_traits          __alloc_traits;
        -:  480:    typedef typename __base::reference               reference;
        -:  481:    typedef typename __base::const_reference         const_reference;
        -:  482:    typedef typename __base::size_type               size_type;
        -:  483:    typedef typename __base::difference_type         difference_type;
        -:  484:    typedef typename __base::pointer                 pointer;
        -:  485:    typedef typename __base::const_pointer           const_pointer;
        -:  486:    typedef __wrap_iter<pointer>                     iterator;
        -:  487:    typedef __wrap_iter<const_pointer>               const_iterator;
        -:  488:    typedef _VSTD::reverse_iterator<iterator>         reverse_iterator;
        -:  489:    typedef _VSTD::reverse_iterator<const_iterator>   const_reverse_iterator;
        -:  490:
        -:  491:    static_assert((is_same<typename allocator_type::value_type, value_type>::value),
        -:  492:                  "Allocator::value_type must be same type as value_type");
        -:  493:
        -:  494:    _LIBCPP_INLINE_VISIBILITY
        -:  495:    vector() _NOEXCEPT_(is_nothrow_default_constructible<allocator_type>::value)
        -:  496:        {
        -:  497:#if _LIBCPP_DEBUG_LEVEL >= 2
        -:  498:            __get_db()->__insert_c(this);
        -:  499:#endif
        -:  500:        }
        -:  501:    _LIBCPP_INLINE_VISIBILITY explicit vector(const allocator_type& __a)
        -:  502:#if _LIBCPP_STD_VER <= 14
        -:  503:        _NOEXCEPT_(is_nothrow_copy_constructible<allocator_type>::value)
        -:  504:#else
        -:  505:        _NOEXCEPT
        -:  506:#endif
        -:  507:        : __base(__a)
        -:  508:    {
        -:  509:#if _LIBCPP_DEBUG_LEVEL >= 2
        -:  510:        __get_db()->__insert_c(this);
        -:  511:#endif
        -:  512:    }
        -:  513:    explicit vector(size_type __n);
        -:  514:#if _LIBCPP_STD_VER > 11
        -:  515:    explicit vector(size_type __n, const allocator_type& __a);
        -:  516:#endif
        -:  517:    vector(size_type __n, const value_type& __x);
        -:  518:    vector(size_type __n, const value_type& __x, const allocator_type& __a);
        -:  519:    template <class _InputIterator>
        -:  520:        vector(_InputIterator __first,
        -:  521:               typename enable_if<__is_cpp17_input_iterator  <_InputIterator>::value &&
        -:  522:                                 !__is_cpp17_forward_iterator<_InputIterator>::value &&
        -:  523:                                 is_constructible<
        -:  524:                                    value_type,
        -:  525:                                    typename iterator_traits<_InputIterator>::reference>::value,
        -:  526:                                 _InputIterator>::type __last);
        -:  527:    template <class _InputIterator>
        -:  528:        vector(_InputIterator __first, _InputIterator __last, const allocator_type& __a,
        -:  529:               typename enable_if<__is_cpp17_input_iterator  <_InputIterator>::value &&
        -:  530:                                 !__is_cpp17_forward_iterator<_InputIterator>::value &&
        -:  531:                                 is_constructible<
        -:  532:                                    value_type,
        -:  533:                                    typename iterator_traits<_InputIterator>::reference>::value>::type* = 0);
        -:  534:    template <class _ForwardIterator>
        -:  535:        vector(_ForwardIterator __first,
        -:  536:               typename enable_if<__is_cpp17_forward_iterator<_ForwardIterator>::value &&
        -:  537:                                 is_constructible<
        -:  538:                                    value_type,
        -:  539:                                    typename iterator_traits<_ForwardIterator>::reference>::value,
        -:  540:                                 _ForwardIterator>::type __last);
        -:  541:    template <class _ForwardIterator>
        -:  542:        vector(_ForwardIterator __first, _ForwardIterator __last, const allocator_type& __a,
        -:  543:               typename enable_if<__is_cpp17_forward_iterator<_ForwardIterator>::value &&
        -:  544:                                 is_constructible<
        -:  545:                                    value_type,
        -:  546:                                    typename iterator_traits<_ForwardIterator>::reference>::value>::type* = 0);
        -:  547:
        -:  548:    _LIBCPP_INLINE_VISIBILITY
function _ZNSt3__16vectorIiNS_9allocatorIiEEED1Ev called 0 returned 0% blocks executed 0%
function _ZNSt3__16vectorINS0_IiNS_9allocatorIiEEEENS1_IS3_EEED1Ev called 0 returned 0% blocks executed 0%
function _ZNSt3__16vectorINS_4pairINS0_IiNS_9allocatorIiEEEES4_EENS2_IS5_EEED1Ev called 0 returned 0% blocks executed 0%
function _ZNSt3__16vectorIiNS_9allocatorIiEEED2Ev called 0 returned 0% blocks executed 0%
function _ZNSt3__16vectorINS0_IiNS_9allocatorIiEEEENS1_IS3_EEED2Ev called 0 returned 0% blocks executed 0%
function _ZNSt3__16vectorINS_4pairINS0_IiNS_9allocatorIiEEEES4_EENS2_IS5_EEED2Ev called 0 returned 0% blocks executed 0%
    #####:  549:    ~vector()
    $$$$$:  549-block  0
    $$$$$:  549-block  1
    $$$$$:  549-block  2
    $$$$$:  549-block  3
    $$$$$:  549-block  4
    $$$$$:  549-block  5
    #####:  550:    {
    #####:  551:        __annotate_delete();
        -:  552:#if _LIBCPP_DEBUG_LEVEL >= 2
        -:  553:        __get_db()->__erase_c(this);
        -:  554:#endif
    #####:  555:    }
    $$$$$:  555-block  0
    $$$$$:  555-block  1
    $$$$$:  555-block  2
    $$$$$:  555-block  3
    $$$$$:  555-block  4
    $$$$$:  555-block  5
        -:  556:
        -:  557:    vector(const vector& __x);
        -:  558:    vector(const vector& __x, const allocator_type& __a);
        -:  559:    _LIBCPP_INLINE_VISIBILITY
        -:  560:    vector& operator=(const vector& __x);
        -:  561:
        -:  562:#ifndef _LIBCPP_CXX03_LANG
        -:  563:    _LIBCPP_INLINE_VISIBILITY
    #####:  564:    vector(initializer_list<value_type> __il);
        -:  565:
        -:  566:    _LIBCPP_INLINE_VISIBILITY
        -:  567:    vector(initializer_list<value_type> __il, const allocator_type& __a);
        -:  568:
        -:  569:    _LIBCPP_INLINE_VISIBILITY
        -:  570:    vector(vector&& __x)
        -:  571:#if _LIBCPP_STD_VER > 14
        -:  572:        _NOEXCEPT;
        -:  573:#else
        -:  574:        _NOEXCEPT_(is_nothrow_move_constructible<allocator_type>::value);
        -:  575:#endif
        -:  576:
        -:  577:    _LIBCPP_INLINE_VISIBILITY
        -:  578:    vector(vector&& __x, const allocator_type& __a);
        -:  579:    _LIBCPP_INLINE_VISIBILITY
        -:  580:    vector& operator=(vector&& __x)
        -:  581:        _NOEXCEPT_((__noexcept_move_assign_container<_Allocator, __alloc_traits>::value));
        -:  582:
        -:  583:    _LIBCPP_INLINE_VISIBILITY
        -:  584:    vector& operator=(initializer_list<value_type> __il)
        -:  585:        {assign(__il.begin(), __il.end()); return *this;}
        -:  586:
        -:  587:#endif  // !_LIBCPP_CXX03_LANG
        -:  588:
        -:  589:    template <class _InputIterator>
        -:  590:        typename enable_if
        -:  591:        <
        -:  592:             __is_cpp17_input_iterator  <_InputIterator>::value &&
        -:  593:            !__is_cpp17_forward_iterator<_InputIterator>::value &&
        -:  594:            is_constructible<
        -:  595:                 value_type,
        -:  596:                 typename iterator_traits<_InputIterator>::reference>::value,
        -:  597:            void
        -:  598:        >::type
        -:  599:        assign(_InputIterator __first, _InputIterator __last);
        -:  600:    template <class _ForwardIterator>
        -:  601:        typename enable_if
        -:  602:        <
        -:  603:            __is_cpp17_forward_iterator<_ForwardIterator>::value &&
        -:  604:            is_constructible<
        -:  605:                 value_type,
        -:  606:                 typename iterator_traits<_ForwardIterator>::reference>::value,
        -:  607:            void
        -:  608:        >::type
        -:  609:        assign(_ForwardIterator __first, _ForwardIterator __last);
        -:  610:
        -:  611:    void assign(size_type __n, const_reference __u);
        -:  612:
        -:  613:#ifndef _LIBCPP_CXX03_LANG
        -:  614:    _LIBCPP_INLINE_VISIBILITY
        -:  615:    void assign(initializer_list<value_type> __il)
        -:  616:        {assign(__il.begin(), __il.end());}
        -:  617:#endif
        -:  618:
        -:  619:    _LIBCPP_INLINE_VISIBILITY
        -:  620:    allocator_type get_allocator() const _NOEXCEPT
        -:  621:        {return this->__alloc();}
        -:  622:
        -:  623:    _LIBCPP_INLINE_VISIBILITY iterator               begin() _NOEXCEPT;
        -:  624:    _LIBCPP_INLINE_VISIBILITY const_iterator         begin()   const _NOEXCEPT;
        -:  625:    _LIBCPP_INLINE_VISIBILITY iterator               end() _NOEXCEPT;
        -:  626:    _LIBCPP_INLINE_VISIBILITY const_iterator         end()     const _NOEXCEPT;
        -:  627:
        -:  628:    _LIBCPP_INLINE_VISIBILITY
        -:  629:    reverse_iterator       rbegin() _NOEXCEPT
        -:  630:        {return       reverse_iterator(end());}
        -:  631:    _LIBCPP_INLINE_VISIBILITY
        -:  632:    const_reverse_iterator rbegin()  const _NOEXCEPT
        -:  633:        {return const_reverse_iterator(end());}
        -:  634:    _LIBCPP_INLINE_VISIBILITY
        -:  635:    reverse_iterator       rend() _NOEXCEPT
        -:  636:        {return       reverse_iterator(begin());}
        -:  637:    _LIBCPP_INLINE_VISIBILITY
        -:  638:    const_reverse_iterator rend()    const _NOEXCEPT
        -:  639:        {return const_reverse_iterator(begin());}
        -:  640:
        -:  641:    _LIBCPP_INLINE_VISIBILITY
        -:  642:    const_iterator         cbegin()  const _NOEXCEPT
        -:  643:        {return begin();}
        -:  644:    _LIBCPP_INLINE_VISIBILITY
        -:  645:    const_iterator         cend()    const _NOEXCEPT
        -:  646:        {return end();}
        -:  647:    _LIBCPP_INLINE_VISIBILITY
        -:  648:    const_reverse_iterator crbegin() const _NOEXCEPT
        -:  649:        {return rbegin();}
        -:  650:    _LIBCPP_INLINE_VISIBILITY
        -:  651:    const_reverse_iterator crend()   const _NOEXCEPT
        -:  652:        {return rend();}
        -:  653:
        -:  654:    _LIBCPP_INLINE_VISIBILITY
function _ZNKSt3__16vectorIiNS_9allocatorIiEEE4sizeEv called 0 returned 0% blocks executed 0%
function _ZNKSt3__16vectorINS0_IiNS_9allocatorIiEEEENS1_IS3_EEE4sizeEv called 0 returned 0% blocks executed 0%
function _ZNKSt3__16vectorINS_4pairINS0_IiNS_9allocatorIiEEEES4_EENS2_IS5_EEE4sizeEv called 0 returned 0% blocks executed 0%
    #####:  655:    size_type size() const _NOEXCEPT
    $$$$$:  655-block  0
    $$$$$:  655-block  1
    $$$$$:  655-block  2
    #####:  656:        {return static_cast<size_type>(this->__end_ - this->__begin_);}
    $$$$$:  656-block  0
    $$$$$:  656-block  1
    $$$$$:  656-block  2
        -:  657:    _LIBCPP_INLINE_VISIBILITY
function _ZNKSt3__16vectorIiNS_9allocatorIiEEE8capacityEv called 0 returned 0% blocks executed 0%
function _ZNKSt3__16vectorINS0_IiNS_9allocatorIiEEEENS1_IS3_EEE8capacityEv called 0 returned 0% blocks executed 0%
function _ZNKSt3__16vectorINS_4pairINS0_IiNS_9allocatorIiEEEES4_EENS2_IS5_EEE8capacityEv called 0 returned 0% blocks executed 0%
    #####:  658:    size_type capacity() const _NOEXCEPT
    $$$$$:  658-block  0
    $$$$$:  658-block  1
    $$$$$:  658-block  2
    #####:  659:        {return __base::capacity();}
    $$$$$:  659-block  0
    $$$$$:  659-block  1
    $$$$$:  659-block  2
        -:  660:    _LIBCPP_NODISCARD_AFTER_CXX17 _LIBCPP_INLINE_VISIBILITY
        -:  661:    bool empty() const _NOEXCEPT
        -:  662:        {return this->__begin_ == this->__end_;}
        -:  663:    size_type max_size() const _NOEXCEPT;
        -:  664:    void reserve(size_type __n);
        -:  665:    void shrink_to_fit() _NOEXCEPT;
        -:  666:
        -:  667:    _LIBCPP_INLINE_VISIBILITY reference       operator[](size_type __n) _NOEXCEPT;
        -:  668:    _LIBCPP_INLINE_VISIBILITY const_reference operator[](size_type __n) const _NOEXCEPT;
        -:  669:    reference       at(size_type __n);
        -:  670:    const_reference at(size_type __n) const;
        -:  671:
        -:  672:    _LIBCPP_INLINE_VISIBILITY reference       front() _NOEXCEPT
        -:  673:    {
        -:  674:        _LIBCPP_ASSERT(!empty(), "front() called for empty vector");
        -:  675:        return *this->__begin_;
        -:  676:    }
        -:  677:    _LIBCPP_INLINE_VISIBILITY const_reference front() const _NOEXCEPT
        -:  678:    {
        -:  679:        _LIBCPP_ASSERT(!empty(), "front() called for empty vector");
        -:  680:        return *this->__begin_;
        -:  681:    }
        -:  682:    _LIBCPP_INLINE_VISIBILITY reference       back() _NOEXCEPT
        -:  683:    {
        -:  684:        _LIBCPP_ASSERT(!empty(), "back() called for empty vector");
        -:  685:        return *(this->__end_ - 1);
        -:  686:    }
        -:  687:    _LIBCPP_INLINE_VISIBILITY const_reference back()  const _NOEXCEPT
        -:  688:    {
        -:  689:        _LIBCPP_ASSERT(!empty(), "back() called for empty vector");
        -:  690:        return *(this->__end_ - 1);
        -:  691:    }
        -:  692:
        -:  693:    _LIBCPP_INLINE_VISIBILITY
        -:  694:    value_type*       data() _NOEXCEPT
        -:  695:        {return _VSTD::__to_address(this->__begin_);}
        -:  696:    _LIBCPP_INLINE_VISIBILITY
function _ZNKSt3__16vectorIiNS_9allocatorIiEEE4dataEv called 0 returned 0% blocks executed 0%
function _ZNKSt3__16vectorINS0_IiNS_9allocatorIiEEEENS1_IS3_EEE4dataEv called 0 returned 0% blocks executed 0%
function _ZNKSt3__16vectorINS_4pairINS0_IiNS_9allocatorIiEEEES4_EENS2_IS5_EEE4dataEv called 0 returned 0% blocks executed 0%
    #####:  697:    const value_type* data() const _NOEXCEPT
    $$$$$:  697-block  0
    $$$$$:  697-block  1
    $$$$$:  697-block  2
    #####:  698:        {return _VSTD::__to_address(this->__begin_);}
    $$$$$:  698-block  0
    $$$$$:  698-block  1
    $$$$$:  698-block  2
        -:  699:
        -:  700:#ifdef _LIBCPP_CXX03_LANG
        -:  701:    _LIBCPP_INLINE_VISIBILITY
        -:  702:    void __emplace_back(const value_type& __x) { push_back(__x); }
        -:  703:#else
        -:  704:    template <class _Arg>
        -:  705:    _LIBCPP_INLINE_VISIBILITY
        -:  706:    void __emplace_back(_Arg&& __arg) {
        -:  707:      emplace_back(_VSTD::forward<_Arg>(__arg));
        -:  708:    }
        -:  709:#endif
        -:  710:
        -:  711:    _LIBCPP_INLINE_VISIBILITY void push_back(const_reference __x);
        -:  712:
        -:  713:#ifndef _LIBCPP_CXX03_LANG
        -:  714:    _LIBCPP_INLINE_VISIBILITY void push_back(value_type&& __x);
        -:  715:
        -:  716:    template <class... _Args>
        -:  717:        _LIBCPP_INLINE_VISIBILITY
        -:  718:#if _LIBCPP_STD_VER > 14
        -:  719:        reference emplace_back(_Args&&... __args);
        -:  720:#else
        -:  721:        void      emplace_back(_Args&&... __args);
        -:  722:#endif
        -:  723:#endif // !_LIBCPP_CXX03_LANG
        -:  724:
        -:  725:    _LIBCPP_INLINE_VISIBILITY
        -:  726:    void pop_back();
        -:  727:
        -:  728:    iterator insert(const_iterator __position, const_reference __x);
        -:  729:
        -:  730:#ifndef _LIBCPP_CXX03_LANG
        -:  731:    iterator insert(const_iterator __position, value_type&& __x);
        -:  732:    template <class... _Args>
        -:  733:        iterator emplace(const_iterator __position, _Args&&... __args);
        -:  734:#endif  // !_LIBCPP_CXX03_LANG
        -:  735:
        -:  736:    iterator insert(const_iterator __position, size_type __n, const_reference __x);
        -:  737:    template <class _InputIterator>
        -:  738:        typename enable_if
        -:  739:        <
        -:  740:             __is_cpp17_input_iterator  <_InputIterator>::value &&
        -:  741:            !__is_cpp17_forward_iterator<_InputIterator>::value &&
        -:  742:            is_constructible<
        -:  743:                 value_type,
        -:  744:                 typename iterator_traits<_InputIterator>::reference>::value,
        -:  745:            iterator
        -:  746:        >::type
        -:  747:        insert(const_iterator __position, _InputIterator __first, _InputIterator __last);
        -:  748:    template <class _ForwardIterator>
        -:  749:        typename enable_if
        -:  750:        <
        -:  751:            __is_cpp17_forward_iterator<_ForwardIterator>::value &&
        -:  752:            is_constructible<
        -:  753:                 value_type,
        -:  754:                 typename iterator_traits<_ForwardIterator>::reference>::value,
        -:  755:            iterator
        -:  756:        >::type
        -:  757:        insert(const_iterator __position, _ForwardIterator __first, _ForwardIterator __last);
        -:  758:
        -:  759:#ifndef _LIBCPP_CXX03_LANG
        -:  760:    _LIBCPP_INLINE_VISIBILITY
        -:  761:    iterator insert(const_iterator __position, initializer_list<value_type> __il)
        -:  762:        {return insert(__position, __il.begin(), __il.end());}
        -:  763:#endif
        -:  764:
        -:  765:    _LIBCPP_INLINE_VISIBILITY iterator erase(const_iterator __position);
        -:  766:    iterator erase(const_iterator __first, const_iterator __last);
        -:  767:
        -:  768:    _LIBCPP_INLINE_VISIBILITY
function _ZNSt3__16vectorIiNS_9allocatorIiEEE5clearEv called 0 returned 0% blocks executed 0%
    #####:  769:    void clear() _NOEXCEPT
    $$$$$:  769-block  0
        -:  770:    {
    #####:  771:        size_type __old_size = size();
    #####:  772:        __base::clear();
    #####:  773:        __annotate_shrink(__old_size);
    #####:  774:        __invalidate_all_iterators();
    $$$$$:  774-block  0
branch  0 never executed
branch  1 never executed
    $$$$$:  774-block  1
    #####:  775:    }
    $$$$$:  775-block  0
        -:  776:
        -:  777:    void resize(size_type __sz);
        -:  778:    void resize(size_type __sz, const_reference __x);
        -:  779:
        -:  780:    void swap(vector&)
        -:  781:#if _LIBCPP_STD_VER >= 14
        -:  782:        _NOEXCEPT;
        -:  783:#else
        -:  784:        _NOEXCEPT_(!__alloc_traits::propagate_on_container_swap::value ||
        -:  785:                    __is_nothrow_swappable<allocator_type>::value);
        -:  786:#endif
        -:  787:
        -:  788:    bool __invariants() const;
        -:  789:
        -:  790:#if _LIBCPP_DEBUG_LEVEL >= 2
        -:  791:
        -:  792:    bool __dereferenceable(const const_iterator* __i) const;
        -:  793:    bool __decrementable(const const_iterator* __i) const;
        -:  794:    bool __addable(const const_iterator* __i, ptrdiff_t __n) const;
        -:  795:    bool __subscriptable(const const_iterator* __i, ptrdiff_t __n) const;
        -:  796:
        -:  797:#endif  // _LIBCPP_DEBUG_LEVEL >= 2
        -:  798:
        -:  799:private:
        -:  800:    _LIBCPP_INLINE_VISIBILITY void __invalidate_all_iterators();
        -:  801:    _LIBCPP_INLINE_VISIBILITY void __invalidate_iterators_past(pointer __new_last);
        -:  802:    void __vallocate(size_type __n);
        -:  803:    void __vdeallocate() _NOEXCEPT;
        -:  804:    _LIBCPP_INLINE_VISIBILITY size_type __recommend(size_type __new_size) const;
        -:  805:    void __construct_at_end(size_type __n);
        -:  806:    _LIBCPP_INLINE_VISIBILITY
        -:  807:    void __construct_at_end(size_type __n, const_reference __x);
        -:  808:    template <class _ForwardIterator>
        -:  809:        typename enable_if
        -:  810:        <
        -:  811:            __is_cpp17_forward_iterator<_ForwardIterator>::value,
        -:  812:            void
        -:  813:        >::type
        -:  814:        __construct_at_end(_ForwardIterator __first, _ForwardIterator __last, size_type __n);
        -:  815:    void __append(size_type __n);
        -:  816:    void __append(size_type __n, const_reference __x);
        -:  817:    _LIBCPP_INLINE_VISIBILITY
        -:  818:    iterator       __make_iter(pointer __p) _NOEXCEPT;
        -:  819:    _LIBCPP_INLINE_VISIBILITY
        -:  820:    const_iterator __make_iter(const_pointer __p) const _NOEXCEPT;
        -:  821:    void __swap_out_circular_buffer(__split_buffer<value_type, allocator_type&>& __v);
        -:  822:    pointer __swap_out_circular_buffer(__split_buffer<value_type, allocator_type&>& __v, pointer __p);
        -:  823:    void __move_range(pointer __from_s, pointer __from_e, pointer __to);
        -:  824:    void __move_assign(vector& __c, true_type)
        -:  825:        _NOEXCEPT_(is_nothrow_move_assignable<allocator_type>::value);
        -:  826:    void __move_assign(vector& __c, false_type)
        -:  827:        _NOEXCEPT_(__alloc_traits::is_always_equal::value);
        -:  828:    _LIBCPP_INLINE_VISIBILITY
        -:  829:    void __destruct_at_end(pointer __new_last) _NOEXCEPT
        -:  830:    {
        -:  831:        __invalidate_iterators_past(__new_last);
        -:  832:        size_type __old_size = size();
        -:  833:        __base::__destruct_at_end(__new_last);
        -:  834:        __annotate_shrink(__old_size);
        -:  835:    }
        -:  836:
        -:  837:#ifndef _LIBCPP_CXX03_LANG
        -:  838:    template <class _Up>
        -:  839:    _LIBCPP_INLINE_VISIBILITY
        -:  840:    inline void __push_back_slow_path(_Up&& __x);
        -:  841:
        -:  842:    template <class... _Args>
        -:  843:    _LIBCPP_INLINE_VISIBILITY
        -:  844:    inline void __emplace_back_slow_path(_Args&&... __args);
        -:  845:#else
        -:  846:    template <class _Up>
        -:  847:    _LIBCPP_INLINE_VISIBILITY
        -:  848:    inline void __push_back_slow_path(_Up& __x);
        -:  849:#endif
        -:  850:
        -:  851:    // The following functions are no-ops outside of AddressSanitizer mode.
        -:  852:    // We call annotatations only for the default Allocator because other allocators
        -:  853:    // may not meet the AddressSanitizer alignment constraints.
        -:  854:    // See the documentation for __sanitizer_annotate_contiguous_container for more details.
        -:  855:#ifndef _LIBCPP_HAS_NO_ASAN
        -:  856:    void __annotate_contiguous_container(const void *__beg, const void *__end,
        -:  857:                                         const void *__old_mid,
        -:  858:                                         const void *__new_mid) const
        -:  859:    {
        -:  860:
        -:  861:      if (__beg && is_same<allocator_type, __default_allocator_type>::value)
        -:  862:        __sanitizer_annotate_contiguous_container(__beg, __end, __old_mid, __new_mid);
        -:  863:    }
        -:  864:#else
        -:  865:    _LIBCPP_INLINE_VISIBILITY
function _ZNKSt3__16vectorIiNS_9allocatorIiEEE31__annotate_contiguous_containerEPKvS5_S5_S5_ called 0 returned 0% blocks executed 0%
function _ZNKSt3__16vectorINS0_IiNS_9allocatorIiEEEENS1_IS3_EEE31__annotate_contiguous_containerEPKvS7_S7_S7_ called 0 returned 0% blocks executed 0%
function _ZNKSt3__16vectorINS_4pairINS0_IiNS_9allocatorIiEEEES4_EENS2_IS5_EEE31__annotate_contiguous_containerEPKvS9_S9_S9_ called 0 returned 0% blocks executed 0%
    #####:  866:    void __annotate_contiguous_container(const void*, const void*, const void*,
    $$$$$:  866-block  0
    $$$$$:  866-block  1
    $$$$$:  866-block  2
    #####:  867:                                         const void*) const _NOEXCEPT {}
    $$$$$:  867-block  0
    $$$$$:  867-block  1
    $$$$$:  867-block  2
        -:  868:#endif
        -:  869:    _LIBCPP_INLINE_VISIBILITY
function _ZNKSt3__16vectorIiNS_9allocatorIiEEE14__annotate_newEm called 0 returned 0% blocks executed 0%
function _ZNKSt3__16vectorINS0_IiNS_9allocatorIiEEEENS1_IS3_EEE14__annotate_newEm called 0 returned 0% blocks executed 0%
function _ZNKSt3__16vectorINS_4pairINS0_IiNS_9allocatorIiEEEES4_EENS2_IS5_EEE14__annotate_newEm called 0 returned 0% blocks executed 0%
    #####:  870:    void __annotate_new(size_type __current_size) const _NOEXCEPT {
    $$$$$:  870-block  0
    $$$$$:  870-block  1
    $$$$$:  870-block  2
    #####:  871:      __annotate_contiguous_container(data(), data() + capacity(),
    #####:  872:                                      data() + capacity(), data() + __current_size);
    #####:  873:    }
    $$$$$:  873-block  0
    $$$$$:  873-block  1
    $$$$$:  873-block  2
        -:  874:
        -:  875:    _LIBCPP_INLINE_VISIBILITY
function _ZNKSt3__16vectorIiNS_9allocatorIiEEE17__annotate_deleteEv called 0 returned 0% blocks executed 0%
function _ZNKSt3__16vectorINS0_IiNS_9allocatorIiEEEENS1_IS3_EEE17__annotate_deleteEv called 0 returned 0% blocks executed 0%
function _ZNKSt3__16vectorINS_4pairINS0_IiNS_9allocatorIiEEEES4_EENS2_IS5_EEE17__annotate_deleteEv called 0 returned 0% blocks executed 0%
    #####:  876:    void __annotate_delete() const _NOEXCEPT {
    $$$$$:  876-block  0
    $$$$$:  876-block  1
    $$$$$:  876-block  2
    #####:  877:      __annotate_contiguous_container(data(), data() + capacity(),
    #####:  878:                                      data() + size(), data() + capacity());
    #####:  879:    }
    $$$$$:  879-block  0
    $$$$$:  879-block  1
    $$$$$:  879-block  2
        -:  880:
        -:  881:    _LIBCPP_INLINE_VISIBILITY
        -:  882:    void __annotate_increase(size_type __n) const _NOEXCEPT
        -:  883:    {
        -:  884:      __annotate_contiguous_container(data(), data() + capacity(),
        -:  885:                                      data() + size(), data() + size() + __n);
        -:  886:    }
        -:  887:
        -:  888:    _LIBCPP_INLINE_VISIBILITY
function _ZNKSt3__16vectorIiNS_9allocatorIiEEE17__annotate_shrinkEm called 0 returned 0% blocks executed 0%
    #####:  889:    void __annotate_shrink(size_type __old_size) const _NOEXCEPT
    $$$$$:  889-block  0
        -:  890:    {
    #####:  891:      __annotate_contiguous_container(data(), data() + capacity(),
    #####:  892:                                      data() + __old_size, data() + size());
    #####:  893:    }
    $$$$$:  893-block  0
        -:  894:
        -:  895:  struct _ConstructTransaction {
function _ZNSt3__16vectorIiNS_9allocatorIiEEE21_ConstructTransactionC1ERS3_m called 0 returned 0% blocks executed 0%
function _ZNSt3__16vectorIiNS_9allocatorIiEEE21_ConstructTransactionC2ERS3_m called 0 returned 0% blocks executed 0%
function _ZNSt3__16vectorINS0_IiNS_9allocatorIiEEEENS1_IS3_EEE21_ConstructTransactionC1ERS5_m called 0 returned 0% blocks executed 0%
function _ZNSt3__16vectorINS0_IiNS_9allocatorIiEEEENS1_IS3_EEE21_ConstructTransactionC2ERS5_m called 0 returned 0% blocks executed 0%
function _ZNSt3__16vectorINS_4pairINS0_IiNS_9allocatorIiEEEES4_EENS2_IS5_EEE21_ConstructTransactionC1ERS7_m called 0 returned 0% blocks executed 0%
function _ZNSt3__16vectorINS_4pairINS0_IiNS_9allocatorIiEEEES4_EENS2_IS5_EEE21_ConstructTransactionC2ERS7_m called 0 returned 0% blocks executed 0%
    #####:  896:    explicit _ConstructTransaction(vector &__v, size_type __n)
    $$$$$:  896-block  0
    $$$$$:  896-block  1
    $$$$$:  896-block  2
    $$$$$:  896-block  3
    $$$$$:  896-block  4
    $$$$$:  896-block  5
    #####:  897:      : __v_(__v),  __pos_(__v.__end_), __new_end_(__v.__end_ + __n) {
        -:  898:#ifndef _LIBCPP_HAS_NO_ASAN
        -:  899:      __v_.__annotate_increase(__n);
        -:  900:#endif
    #####:  901:    }
    $$$$$:  901-block  0
    $$$$$:  901-block  1
    $$$$$:  901-block  2
    $$$$$:  901-block  3
    $$$$$:  901-block  4
    $$$$$:  901-block  5
function _ZNSt3__16vectorIiNS_9allocatorIiEEE21_ConstructTransactionD1Ev called 0 returned 0% blocks executed 0%
function _ZNSt3__16vectorIiNS_9allocatorIiEEE21_ConstructTransactionD2Ev called 0 returned 0% blocks executed 0%
function _ZNSt3__16vectorINS0_IiNS_9allocatorIiEEEENS1_IS3_EEE21_ConstructTransactionD1Ev called 0 returned 0% blocks executed 0%
function _ZNSt3__16vectorINS0_IiNS_9allocatorIiEEEENS1_IS3_EEE21_ConstructTransactionD2Ev called 0 returned 0% blocks executed 0%
function _ZNSt3__16vectorINS_4pairINS0_IiNS_9allocatorIiEEEES4_EENS2_IS5_EEE21_ConstructTransactionD1Ev called 0 returned 0% blocks executed 0%
function _ZNSt3__16vectorINS_4pairINS0_IiNS_9allocatorIiEEEES4_EENS2_IS5_EEE21_ConstructTransactionD2Ev called 0 returned 0% blocks executed 0%
    #####:  902:    ~_ConstructTransaction() {
    $$$$$:  902-block  0
    $$$$$:  902-block  1
    $$$$$:  902-block  2
    $$$$$:  902-block  3
    $$$$$:  902-block  4
    $$$$$:  902-block  5
    #####:  903:      __v_.__end_ = __pos_;
        -:  904:#ifndef _LIBCPP_HAS_NO_ASAN
        -:  905:      if (__pos_ != __new_end_) {
        -:  906:        __v_.__annotate_shrink(__new_end_ - __v_.__begin_);
        -:  907:      }
        -:  908:#endif
    #####:  909:    }
    $$$$$:  909-block  0
    $$$$$:  909-block  1
    $$$$$:  909-block  2
    $$$$$:  909-block  3
    $$$$$:  909-block  4
    $$$$$:  909-block  5
        -:  910:
        -:  911:    vector &__v_;
        -:  912:    pointer __pos_;
        -:  913:    const_pointer const __new_end_;
        -:  914:
        -:  915:  private:
        -:  916:    _ConstructTransaction(_ConstructTransaction const&) = delete;
        -:  917:    _ConstructTransaction& operator=(_ConstructTransaction const&) = delete;
        -:  918:  };
        -:  919:
        -:  920:  template <class ..._Args>
        -:  921:  _LIBCPP_INLINE_VISIBILITY
        -:  922:  void __construct_one_at_end(_Args&& ...__args) {
        -:  923:    _ConstructTransaction __tx(*this, 1);
        -:  924:    __alloc_traits::construct(this->__alloc(), _VSTD::__to_address(__tx.__pos_),
        -:  925:        _VSTD::forward<_Args>(__args)...);
        -:  926:    ++__tx.__pos_;
        -:  927:  }
        -:  928:};
        -:  929:
        -:  930:#ifndef _LIBCPP_HAS_NO_DEDUCTION_GUIDES
        -:  931:template<class _InputIterator,
        -:  932:         class _Alloc = typename std::allocator<typename iterator_traits<_InputIterator>::value_type>,
        -:  933:         class = typename enable_if<__is_allocator<_Alloc>::value, void>::type
        -:  934:         >
        -:  935:vector(_InputIterator, _InputIterator)
        -:  936:  -> vector<typename iterator_traits<_InputIterator>::value_type, _Alloc>;
        -:  937:
        -:  938:template<class _InputIterator,
        -:  939:         class _Alloc,
        -:  940:         class = typename enable_if<__is_allocator<_Alloc>::value, void>::type
        -:  941:         >
        -:  942:vector(_InputIterator, _InputIterator, _Alloc)
        -:  943:  -> vector<typename iterator_traits<_InputIterator>::value_type, _Alloc>;
        -:  944:#endif
        -:  945:
        -:  946:template <class _Tp, class _Allocator>
        -:  947:void
        -:  948:vector<_Tp, _Allocator>::__swap_out_circular_buffer(__split_buffer<value_type, allocator_type&>& __v)
        -:  949:{
        -:  950:
        -:  951:    __annotate_delete();
        -:  952:    __alloc_traits::__construct_backward_with_exception_guarantees(
        -:  953:        this->__alloc(), this->__begin_, this->__end_, __v.__begin_);
        -:  954:    _VSTD::swap(this->__begin_, __v.__begin_);
        -:  955:    _VSTD::swap(this->__end_, __v.__end_);
        -:  956:    _VSTD::swap(this->__end_cap(), __v.__end_cap());
        -:  957:    __v.__first_ = __v.__begin_;
        -:  958:    __annotate_new(size());
        -:  959:    __invalidate_all_iterators();
        -:  960:}
        -:  961:
        -:  962:template <class _Tp, class _Allocator>
        -:  963:typename vector<_Tp, _Allocator>::pointer
        -:  964:vector<_Tp, _Allocator>::__swap_out_circular_buffer(__split_buffer<value_type, allocator_type&>& __v, pointer __p)
        -:  965:{
        -:  966:    __annotate_delete();
        -:  967:    pointer __r = __v.__begin_;
        -:  968:    __alloc_traits::__construct_backward_with_exception_guarantees(
        -:  969:        this->__alloc(), this->__begin_, __p, __v.__begin_);
        -:  970:    __alloc_traits::__construct_forward_with_exception_guarantees(
        -:  971:        this->__alloc(), __p, this->__end_, __v.__end_);
        -:  972:    _VSTD::swap(this->__begin_, __v.__begin_);
        -:  973:    _VSTD::swap(this->__end_, __v.__end_);
        -:  974:    _VSTD::swap(this->__end_cap(), __v.__end_cap());
        -:  975:    __v.__first_ = __v.__begin_;
        -:  976:    __annotate_new(size());
        -:  977:    __invalidate_all_iterators();
        -:  978:    return __r;
        -:  979:}
        -:  980:
        -:  981://  Allocate space for __n objects
        -:  982://  throws length_error if __n > max_size()
        -:  983://  throws (probably bad_alloc) if memory run out
        -:  984://  Precondition:  __begin_ == __end_ == __end_cap() == 0
        -:  985://  Precondition:  __n > 0
        -:  986://  Postcondition:  capacity() == __n
        -:  987://  Postcondition:  size() == 0
        -:  988:template <class _Tp, class _Allocator>
        -:  989:void
function _ZNSt3__16vectorIiNS_9allocatorIiEEE11__vallocateEm called 0 returned 0% blocks executed 0%
function _ZNSt3__16vectorINS0_IiNS_9allocatorIiEEEENS1_IS3_EEE11__vallocateEm called 0 returned 0% blocks executed 0%
function _ZNSt3__16vectorINS_4pairINS0_IiNS_9allocatorIiEEEES4_EENS2_IS5_EEE11__vallocateEm called 0 returned 0% blocks executed 0%
    #####:  990:vector<_Tp, _Allocator>::__vallocate(size_type __n)
    $$$$$:  990-block  0
    $$$$$:  990-block  1
    $$$$$:  990-block  2
        -:  991:{
    #####:  992:    if (__n > max_size())
    $$$$$:  992-block  0
branch  0 never executed
branch  1 never executed
    $$$$$:  992-block  1
branch  2 never executed
branch  3 never executed
    $$$$$:  992-block  2
branch  4 never executed
branch  5 never executed
    #####:  993:        this->__throw_length_error();
    $$$$$:  993-block  0
    $$$$$:  993-block  1
    $$$$$:  993-block  2
    #####:  994:    this->__begin_ = this->__end_ = __alloc_traits::allocate(this->__alloc(), __n);
    #####:  995:    this->__end_cap() = this->__begin_ + __n;
    #####:  996:    __annotate_new(0);
    #####:  997:}
    $$$$$:  997-block  0
    $$$$$:  997-block  1
    $$$$$:  997-block  2
        -:  998:
        -:  999:template <class _Tp, class _Allocator>
        -: 1000:void
function _ZNSt3__16vectorIiNS_9allocatorIiEEE13__vdeallocateEv called 0 returned 0% blocks executed 0%
    #####: 1001:vector<_Tp, _Allocator>::__vdeallocate() _NOEXCEPT
    $$$$$: 1001-block  0
        -: 1002:{
    #####: 1003:    if (this->__begin_ != nullptr)
    $$$$$: 1003-block  0
branch  0 never executed
branch  1 never executed
        -: 1004:    {
    #####: 1005:        clear();
    #####: 1006:        __alloc_traits::deallocate(this->__alloc(), this->__begin_, capacity());
    #####: 1007:        this->__begin_ = this->__end_ = this->__end_cap() = nullptr;
    #####: 1008:    }
    $$$$$: 1008-block  0
    #####: 1009:}
    $$$$$: 1009-block  0
        -: 1010:
        -: 1011:template <class _Tp, class _Allocator>
        -: 1012:typename vector<_Tp, _Allocator>::size_type
function _ZNKSt3__16vectorIiNS_9allocatorIiEEE8max_sizeEv called 0 returned 0% blocks executed 0%
function _ZNKSt3__16vectorINS0_IiNS_9allocatorIiEEEENS1_IS3_EEE8max_sizeEv called 0 returned 0% blocks executed 0%
function _ZNKSt3__16vectorINS_4pairINS0_IiNS_9allocatorIiEEEES4_EENS2_IS5_EEE8max_sizeEv called 0 returned 0% blocks executed 0%
    #####: 1013:vector<_Tp, _Allocator>::max_size() const _NOEXCEPT
    $$$$$: 1013-block  0
    $$$$$: 1013-block  1
    $$$$$: 1013-block  2
        -: 1014:{
    #####: 1015:    return _VSTD::min<size_type>(__alloc_traits::max_size(this->__alloc()),
    $$$$$: 1015-block  0
branch  0 never executed
branch  1 never executed
    $$$$$: 1015-block  1
branch  2 never executed
branch  3 never executed
    $$$$$: 1015-block  2
    $$$$$: 1015-block  3
    $$$$$: 1015-block  4
branch  4 never executed
branch  5 never executed
    $$$$$: 1015-block  5
branch  6 never executed
branch  7 never executed
    $$$$$: 1015-block  6
    $$$$$: 1015-block  7
    $$$$$: 1015-block  8
branch  8 never executed
branch  9 never executed
    $$$$$: 1015-block  9
branch 10 never executed
branch 11 never executed
    $$$$$: 1015-block 10
    $$$$$: 1015-block 11
    #####: 1016:                                 numeric_limits<difference_type>::max());
        -: 1017:}
        -: 1018:
        -: 1019://  Precondition:  __new_size > capacity()
        -: 1020:template <class _Tp, class _Allocator>
        -: 1021:inline _LIBCPP_INLINE_VISIBILITY
        -: 1022:typename vector<_Tp, _Allocator>::size_type
        -: 1023:vector<_Tp, _Allocator>::__recommend(size_type __new_size) const
        -: 1024:{
        -: 1025:    const size_type __ms = max_size();
        -: 1026:    if (__new_size > __ms)
        -: 1027:        this->__throw_length_error();
        -: 1028:    const size_type __cap = capacity();
        -: 1029:    if (__cap >= __ms / 2)
        -: 1030:        return __ms;
        -: 1031:    return _VSTD::max<size_type>(2*__cap, __new_size);
        -: 1032:}
        -: 1033:
        -: 1034://  Default constructs __n objects starting at __end_
        -: 1035://  throws if construction throws
        -: 1036://  Precondition:  __n > 0
        -: 1037://  Precondition:  size() + __n <= capacity()
        -: 1038://  Postcondition:  size() == size() + __n
        -: 1039:template <class _Tp, class _Allocator>
        -: 1040:void
        -: 1041:vector<_Tp, _Allocator>::__construct_at_end(size_type __n)
        -: 1042:{
        -: 1043:    _ConstructTransaction __tx(*this, __n);
        -: 1044:    for (; __tx.__pos_ != __tx.__new_end_; ++__tx.__pos_) {
        -: 1045:      __alloc_traits::construct(this->__alloc(), _VSTD::__to_address(__tx.__pos_));
        -: 1046:    }
        -: 1047:}
        -: 1048:
        -: 1049://  Copy constructs __n objects starting at __end_ from __x
        -: 1050://  throws if construction throws
        -: 1051://  Precondition:  __n > 0
        -: 1052://  Precondition:  size() + __n <= capacity()
        -: 1053://  Postcondition:  size() == old size() + __n
        -: 1054://  Postcondition:  [i] == __x for all i in [size() - __n, __n)
        -: 1055:template <class _Tp, class _Allocator>
        -: 1056:inline
        -: 1057:void
        -: 1058:vector<_Tp, _Allocator>::__construct_at_end(size_type __n, const_reference __x)
        -: 1059:{
        -: 1060:    _ConstructTransaction __tx(*this, __n);
        -: 1061:    for (; __tx.__pos_ != __tx.__new_end_; ++__tx.__pos_) {
        -: 1062:        __alloc_traits::construct(this->__alloc(), _VSTD::__to_address(__tx.__pos_), __x);
        -: 1063:    }
        -: 1064:}
        -: 1065:
        -: 1066:template <class _Tp, class _Allocator>
        -: 1067:template <class _ForwardIterator>
        -: 1068:typename enable_if
        -: 1069:<
        -: 1070:    __is_cpp17_forward_iterator<_ForwardIterator>::value,
        -: 1071:    void
        -: 1072:>::type
function _ZNSt3__16vectorIiNS_9allocatorIiEEE18__construct_at_endIPKiEENS_9enable_ifIXsr27__is_cpp17_forward_iteratorIT_EE5valueEvE4typeES8_S8_m called 0 returned 0% blocks executed 0%
function _ZNSt3__16vectorINS0_IiNS_9allocatorIiEEEENS1_IS3_EEE18__construct_at_endIPKS3_EENS_9enable_ifIXsr27__is_cpp17_forward_iteratorIT_EE5valueEvE4typeESA_SA_m called 0 returned 0% blocks executed 0%
function _ZNSt3__16vectorIiNS_9allocatorIiEEE18__construct_at_endIPiEENS_9enable_ifIXsr27__is_cpp17_forward_iteratorIT_EE5valueEvE4typeES7_S7_m called 0 returned 0% blocks executed 0%
function _ZNSt3__16vectorINS_4pairINS0_IiNS_9allocatorIiEEEES4_EENS2_IS5_EEE18__construct_at_endIPKS5_EENS_9enable_ifIXsr27__is_cpp17_forward_iteratorIT_EE5valueEvE4typeESC_SC_m called 0 returned 0% blocks executed 0%
function _ZNSt3__16vectorINS0_IiNS_9allocatorIiEEEENS1_IS3_EEE18__construct_at_endIPS3_EENS_9enable_ifIXsr27__is_cpp17_forward_iteratorIT_EE5valueEvE4typeES9_S9_m called 0 returned 0% blocks executed 0%
    #####: 1073:vector<_Tp, _Allocator>::__construct_at_end(_ForwardIterator __first, _ForwardIterator __last, size_type __n)
    $$$$$: 1073-block  0
    $$$$$: 1073-block  1
    $$$$$: 1073-block  2
    $$$$$: 1073-block  3
    $$$$$: 1073-block  4
        -: 1074:{
    #####: 1075:    _ConstructTransaction __tx(*this, __n);
    #####: 1076:    __alloc_traits::__construct_range_forward(this->__alloc(), __first, __last, __tx.__pos_);
    $$$$$: 1076-block  0
branch  0 never executed
branch  1 never executed
    $$$$$: 1076-block  1
branch  2 never executed
branch  3 never executed
    $$$$$: 1076-block  2
branch  4 never executed
branch  5 never executed
    $$$$$: 1076-block  3
branch  6 never executed
branch  7 never executed
    $$$$$: 1076-block  4
branch  8 never executed
branch  9 never executed
    #####: 1077:}
    $$$$$: 1077-block  0
    $$$$$: 1077-block  1
    $$$$$: 1077-block  2
    $$$$$: 1077-block  3
    $$$$$: 1077-block  4
    $$$$$: 1077-block  5
    $$$$$: 1077-block  6
    $$$$$: 1077-block  7
    $$$$$: 1077-block  8
    $$$$$: 1077-block  9
    $$$$$: 1077-block 10
    $$$$$: 1077-block 11
    $$$$$: 1077-block 12
    $$$$$: 1077-block 13
    $$$$$: 1077-block 14
        -: 1078:
        -: 1079://  Default constructs __n objects starting at __end_
        -: 1080://  throws if construction throws
        -: 1081://  Postcondition:  size() == size() + __n
        -: 1082://  Exception safety: strong.
        -: 1083:template <class _Tp, class _Allocator>
        -: 1084:void
        -: 1085:vector<_Tp, _Allocator>::__append(size_type __n)
        -: 1086:{
        -: 1087:    if (static_cast<size_type>(this->__end_cap() - this->__end_) >= __n)
        -: 1088:        this->__construct_at_end(__n);
        -: 1089:    else
        -: 1090:    {
        -: 1091:        allocator_type& __a = this->__alloc();
        -: 1092:        __split_buffer<value_type, allocator_type&> __v(__recommend(size() + __n), size(), __a);
        -: 1093:        __v.__construct_at_end(__n);
        -: 1094:        __swap_out_circular_buffer(__v);
        -: 1095:    }
        -: 1096:}
        -: 1097:
        -: 1098://  Default constructs __n objects starting at __end_
        -: 1099://  throws if construction throws
        -: 1100://  Postcondition:  size() == size() + __n
        -: 1101://  Exception safety: strong.
        -: 1102:template <class _Tp, class _Allocator>
        -: 1103:void
        -: 1104:vector<_Tp, _Allocator>::__append(size_type __n, const_reference __x)
        -: 1105:{
        -: 1106:    if (static_cast<size_type>(this->__end_cap() - this->__end_) >= __n)
        -: 1107:        this->__construct_at_end(__n, __x);
        -: 1108:    else
        -: 1109:    {
        -: 1110:        allocator_type& __a = this->__alloc();
        -: 1111:        __split_buffer<value_type, allocator_type&> __v(__recommend(size() + __n), size(), __a);
        -: 1112:        __v.__construct_at_end(__n, __x);
        -: 1113:        __swap_out_circular_buffer(__v);
        -: 1114:    }
        -: 1115:}
        -: 1116:
        -: 1117:template <class _Tp, class _Allocator>
        -: 1118:vector<_Tp, _Allocator>::vector(size_type __n)
        -: 1119:{
        -: 1120:#if _LIBCPP_DEBUG_LEVEL >= 2
        -: 1121:    __get_db()->__insert_c(this);
        -: 1122:#endif
        -: 1123:    if (__n > 0)
        -: 1124:    {
        -: 1125:        __vallocate(__n);
        -: 1126:        __construct_at_end(__n);
        -: 1127:    }
        -: 1128:}
        -: 1129:
        -: 1130:#if _LIBCPP_STD_VER > 11
        -: 1131:template <class _Tp, class _Allocator>
        -: 1132:vector<_Tp, _Allocator>::vector(size_type __n, const allocator_type& __a)
        -: 1133:    : __base(__a)
        -: 1134:{
        -: 1135:#if _LIBCPP_DEBUG_LEVEL >= 2
        -: 1136:    __get_db()->__insert_c(this);
        -: 1137:#endif
        -: 1138:    if (__n > 0)
        -: 1139:    {
        -: 1140:        __vallocate(__n);
        -: 1141:        __construct_at_end(__n);
        -: 1142:    }
        -: 1143:}
        -: 1144:#endif
        -: 1145:
        -: 1146:template <class _Tp, class _Allocator>
        -: 1147:vector<_Tp, _Allocator>::vector(size_type __n, const value_type& __x)
        -: 1148:{
        -: 1149:#if _LIBCPP_DEBUG_LEVEL >= 2
        -: 1150:    __get_db()->__insert_c(this);
        -: 1151:#endif
        -: 1152:    if (__n > 0)
        -: 1153:    {
        -: 1154:        __vallocate(__n);
        -: 1155:        __construct_at_end(__n, __x);
        -: 1156:    }
        -: 1157:}
        -: 1158:
        -: 1159:template <class _Tp, class _Allocator>
        -: 1160:vector<_Tp, _Allocator>::vector(size_type __n, const value_type& __x, const allocator_type& __a)
        -: 1161:    : __base(__a)
        -: 1162:{
        -: 1163:#if _LIBCPP_DEBUG_LEVEL >= 2
        -: 1164:    __get_db()->__insert_c(this);
        -: 1165:#endif
        -: 1166:    if (__n > 0)
        -: 1167:    {
        -: 1168:        __vallocate(__n);
        -: 1169:        __construct_at_end(__n, __x);
        -: 1170:    }
        -: 1171:}
        -: 1172:
        -: 1173:template <class _Tp, class _Allocator>
        -: 1174:template <class _InputIterator>
        -: 1175:vector<_Tp, _Allocator>::vector(_InputIterator __first,
        -: 1176:       typename enable_if<__is_cpp17_input_iterator  <_InputIterator>::value &&
        -: 1177:                         !__is_cpp17_forward_iterator<_InputIterator>::value &&
        -: 1178:                         is_constructible<
[...]
        -: 2963:    }
        -: 2964:  __invalidate_all_iterators();
        -: 2965:}
        -: 2966:
        -: 2967:template <class _Allocator>
        -: 2968:template <class _InputIterator>
        -: 2969:typename enable_if
        -: 2970:<
        -: 2971:    __is_cpp17_input_iterator<_InputIterator>::value &&
        -: 2972:   !__is_cpp17_forward_iterator<_InputIterator>::value,
        -: 2973:   void
        -: 2974:>::type
        -: 2975:vector<bool, _Allocator>::assign(_InputIterator __first, _InputIterator __last)
        -: 2976:{
        -: 2977:    clear();
        -: 2978:    for (; __first != __last; ++__first)
        -: 2979:        push_back(*__first);
        -: 2980:}
        -: 2981:
        -: 2982:template <class _Allocator>
        -: 2983:template <class _ForwardIterator>
        -: 2984:typename enable_if
        -: 2985:<
        -: 2986:    __is_cpp17_forward_iterator<_ForwardIterator>::value,
        -: 2987:   void
        -: 2988:>::type
        -: 2989:vector<bool, _Allocator>::assign(_ForwardIterator __first, _ForwardIterator __last)
        -: 2990:{
        -: 2991:    clear();
        -: 2992:    difference_type __ns = _VSTD::distance(__first, __last);
        -: 2993:    _LIBCPP_ASSERT(__ns >= 0, "invalid range specified");
        -: 2994:    const size_t __n = static_cast<size_type>(__ns);
        -: 2995:    if (__n)
        -: 2996:    {
        -: 2997:        if (__n > capacity())
        -: 2998:        {
        -: 2999:            __vdeallocate();
        -: 3000:            __vallocate(__n);
        -: 3001:        }
        -: 3002:        __construct_at_end(__first, __last);
        -: 3003:    }
        -: 3004:}
        -: 3005:
        -: 3006:template <class _Allocator>
        -: 3007:void
        -: 3008:vector<bool, _Allocator>::reserve(size_type __n)
        -: 3009:{
        -: 3010:    if (__n > capacity())
        -: 3011:    {
        -: 3012:        vector __v(this->__alloc());
        -: 3013:        __v.__vallocate(__n);
        -: 3014:        __v.__construct_at_end(this->begin(), this->end());
        -: 3015:        swap(__v);
        -: 3016:        __invalidate_all_iterators();
        -: 3017:    }
        -: 3018:}
        -: 3019:
        -: 3020:template <class _Allocator>
        -: 3021:void
        -: 3022:vector<bool, _Allocator>::shrink_to_fit() _NOEXCEPT
        -: 3023:{
        -: 3024:    if (__external_cap_to_internal(size()) > __cap())
        -: 3025:    {
        -: 3026:#ifndef _LIBCPP_NO_EXCEPTIONS
        -: 3027:        try
        -: 3028:        {
        -: 3029:#endif  // _LIBCPP_NO_EXCEPTIONS
        -: 3030:            vector(*this, allocator_type(__alloc())).swap(*this);
        -: 3031:#ifndef _LIBCPP_NO_EXCEPTIONS
        -: 3032:        }
        -: 3033:        catch (...)
        -: 3034:        {
        -: 3035:        }
        -: 3036:#endif  // _LIBCPP_NO_EXCEPTIONS
        -: 3037:    }
        -: 3038:}
        -: 3039:
        -: 3040:template <class _Allocator>
        -: 3041:typename vector<bool, _Allocator>::reference
        -: 3042:vector<bool, _Allocator>::at(size_type __n)
        -: 3043:{
        -: 3044:    if (__n >= size())
        -: 3045:        this->__throw_out_of_range();
        -: 3046:    return (*this)[__n];
        -: 3047:}
        -: 3048:
        -: 3049:template <class _Allocator>
        -: 3050:typename vector<bool, _Allocator>::const_reference
        -: 3051:vector<bool, _Allocator>::at(size_type __n) const
        -: 3052:{
        -: 3053:    if (__n >= size())
        -: 3054:        this->__throw_out_of_range();
        -: 3055:    return (*this)[__n];
        -: 3056:}
        -: 3057:
        -: 3058:template <class _Allocator>
        -: 3059:void
        -: 3060:vector<bool, _Allocator>::push_back(const value_type& __x)
        -: 3061:{
        -: 3062:    if (this->__size_ == this->capacity())
        -: 3063:        reserve(__recommend(this->__size_ + 1));
        -: 3064:    ++this->__size_;
        -: 3065:    back() = __x;
        -: 3066:}
        -: 3067:
        -: 3068:template <class _Allocator>
        -: 3069:typename vector<bool, _Allocator>::iterator
        -: 3070:vector<bool, _Allocator>::insert(const_iterator __position, const value_type& __x)
        -: 3071:{
        -: 3072:    iterator __r;
        -: 3073:    if (size() < capacity())
        -: 3074:    {
        -: 3075:        const_iterator __old_end = end();
        -: 3076:        ++__size_;
        -: 3077:        _VSTD::copy_backward(__position, __old_end, end());
        -: 3078:        __r = __const_iterator_cast(__position);
        -: 3079:    }
        -: 3080:    else
        -: 3081:    {
        -: 3082:        vector __v(__alloc());
        -: 3083:        __v.reserve(__recommend(__size_ + 1));
        -: 3084:        __v.__size_ = __size_ + 1;
        -: 3085:        __r = _VSTD::copy(cbegin(), __position, __v.begin());
        -: 3086:        _VSTD::copy_backward(__position, cend(), __v.end());
        -: 3087:        swap(__v);
        -: 3088:    }
        -: 3089:    *__r = __x;
        -: 3090:    return __r;
        -: 3091:}
        -: 3092:
        -: 3093:template <class _Allocator>
        -: 3094:typename vector<bool, _Allocator>::iterator
        -: 3095:vector<bool, _Allocator>::insert(const_iterator __position, size_type __n, const value_type& __x)
        -: 3096:{
        -: 3097:    iterator __r;
        -: 3098:    size_type __c = capacity();
        -: 3099:    if (__n <= __c && size() <= __c - __n)
        -: 3100:    {
        -: 3101:        const_iterator __old_end = end();
        -: 3102:        __size_ += __n;
        -: 3103:        _VSTD::copy_backward(__position, __old_end, end());
        -: 3104:        __r = __const_iterator_cast(__position);
        -: 3105:    }
        -: 3106:    else
        -: 3107:    {
        -: 3108:        vector __v(__alloc());
        -: 3109:        __v.reserve(__recommend(__size_ + __n));
        -: 3110:        __v.__size_ = __size_ + __n;
        -: 3111:        __r = _VSTD::copy(cbegin(), __position, __v.begin());
        -: 3112:        _VSTD::copy_backward(__position, cend(), __v.end());
        -: 3113:        swap(__v);
        -: 3114:    }
        -: 3115:    _VSTD::fill_n(__r, __n, __x);
        -: 3116:    return __r;
        -: 3117:}
        -: 3118:
        -: 3119:template <class _Allocator>
        -: 3120:template <class _InputIterator>
        -: 3121:typename enable_if
        -: 3122:<
        -: 3123:     __is_cpp17_input_iterator  <_InputIterator>::value &&
        -: 3124:    !__is_cpp17_forward_iterator<_InputIterator>::value,
        -: 3125:    typename vector<bool, _Allocator>::iterator
        -: 3126:>::type
        -: 3127:vector<bool, _Allocator>::insert(const_iterator __position, _InputIterator __first, _InputIterator __last)
        -: 3128:{
        -: 3129:    difference_type __off = __position - begin();
        -: 3130:    iterator __p = __const_iterator_cast(__position);
        -: 3131:    iterator __old_end = end();
        -: 3132:    for (; size() != capacity() && __first != __last; ++__first)
        -: 3133:    {
        -: 3134:        ++this->__size_;
        -: 3135:        back() = *__first;
        -: 3136:    }
        -: 3137:    vector __v(__alloc());
        -: 3138:    if (__first != __last)
        -: 3139:    {
        -: 3140:#ifndef _LIBCPP_NO_EXCEPTIONS
        -: 3141:        try
        -: 3142:        {
        -: 3143:#endif  // _LIBCPP_NO_EXCEPTIONS
        -: 3144:            __v.assign(__first, __last);
        -: 3145:            difference_type __old_size = static_cast<difference_type>(__old_end - begin());
        -: 3146:            difference_type __old_p = __p - begin();
        -: 3147:            reserve(__recommend(size() + __v.size()));
        -: 3148:            __p = begin() + __old_p;
        -: 3149:            __old_end = begin() + __old_size;
        -: 3150:#ifndef _LIBCPP_NO_EXCEPTIONS
        -: 3151:        }
        -: 3152:        catch (...)
        -: 3153:        {
        -: 3154:            erase(__old_end, end());
        -: 3155:            throw;
        -: 3156:        }
        -: 3157:#endif  // _LIBCPP_NO_EXCEPTIONS
        -: 3158:    }
        -: 3159:    __p = _VSTD::rotate(__p, __old_end, end());
        -: 3160:    insert(__p, __v.begin(), __v.end());
        -: 3161:    return begin() + __off;
        -: 3162:}
        -: 3163:
        -: 3164:template <class _Allocator>
        -: 3165:template <class _ForwardIterator>
        -: 3166:typename enable_if
        -: 3167:<
        -: 3168:    __is_cpp17_forward_iterator<_ForwardIterator>::value,
        -: 3169:    typename vector<bool, _Allocator>::iterator
        -: 3170:>::type
        -: 3171:vector<bool, _Allocator>::insert(const_iterator __position, _ForwardIterator __first, _ForwardIterator __last)
        -: 3172:{
        -: 3173:    const difference_type __n_signed = _VSTD::distance(__first, __last);
        -: 3174:    _LIBCPP_ASSERT(__n_signed >= 0, "invalid range specified");
        -: 3175:    const size_type __n = static_cast<size_type>(__n_signed);
        -: 3176:    iterator __r;
        -: 3177:    size_type __c = capacity();
        -: 3178:    if (__n <= __c && size() <= __c - __n)
        -: 3179:    {
        -: 3180:        const_iterator __old_end = end();
        -: 3181:        __size_ += __n;
        -: 3182:        _VSTD::copy_backward(__position, __old_end, end());
        -: 3183:        __r = __const_iterator_cast(__position);
        -: 3184:    }
        -: 3185:    else
        -: 3186:    {
        -: 3187:        vector __v(__alloc());
        -: 3188:        __v.reserve(__recommend(__size_ + __n));
        -: 3189:        __v.__size_ = __size_ + __n;
        -: 3190:        __r = _VSTD::copy(cbegin(), __position, __v.begin());
        -: 3191:        _VSTD::copy_backward(__position, cend(), __v.end());
        -: 3192:        swap(__v);
        -: 3193:    }
        -: 3194:    _VSTD::copy(__first, __last, __r);
        -: 3195:    return __r;
        -: 3196:}
        -: 3197:
        -: 3198:template <class _Allocator>
        -: 3199:inline _LIBCPP_INLINE_VISIBILITY
        -: 3200:typename vector<bool, _Allocator>::iterator
        -: 3201:vector<bool, _Allocator>::erase(const_iterator __position)
        -: 3202:{
        -: 3203:    iterator __r = __const_iterator_cast(__position);
        -: 3204:    _VSTD::copy(__position + 1, this->cend(), __r);
        -: 3205:    --__size_;
        -: 3206:    return __r;
        -: 3207:}
        -: 3208:
        -: 3209:template <class _Allocator>
        -: 3210:typename vector<bool, _Allocator>::iterator
        -: 3211:vector<bool, _Allocator>::erase(const_iterator __first, const_iterator __last)
        -: 3212:{
        -: 3213:    iterator __r = __const_iterator_cast(__first);
        -: 3214:    difference_type __d = __last - __first;
        -: 3215:    _VSTD::copy(__last, this->cend(), __r);
        -: 3216:    __size_ -= __d;
        -: 3217:    return __r;
        -: 3218:}
        -: 3219:
        -: 3220:template <class _Allocator>
        -: 3221:void
        -: 3222:vector<bool, _Allocator>::swap(vector& __x)
        -: 3223:#if _LIBCPP_STD_VER >= 14
        -: 3224:    _NOEXCEPT
        -: 3225:#else
        -: 3226:    _NOEXCEPT_(!__alloc_traits::propagate_on_container_swap::value ||
        -: 3227:                __is_nothrow_swappable<allocator_type>::value)
        -: 3228:#endif
        -: 3229:{
        -: 3230:    _VSTD::swap(this->__begin_, __x.__begin_);
        -: 3231:    _VSTD::swap(this->__size_, __x.__size_);
        -: 3232:    _VSTD::swap(this->__cap(), __x.__cap());
        -: 3233:    __swap_allocator(this->__alloc(), __x.__alloc(),
        -: 3234:        integral_constant<bool, __alloc_traits::propagate_on_container_swap::value>());
        -: 3235:}
        -: 3236:
        -: 3237:template <class _Allocator>
        -: 3238:void
        -: 3239:vector<bool, _Allocator>::resize(size_type __sz, value_type __x)
        -: 3240:{
        -: 3241:    size_type __cs = size();
        -: 3242:    if (__cs < __sz)
        -: 3243:    {
        -: 3244:        iterator __r;
        -: 3245:        size_type __c = capacity();
        -: 3246:        size_type __n = __sz - __cs;
        -: 3247:        if (__n <= __c && __cs <= __c - __n)
        -: 3248:        {
        -: 3249:            __r = end();
        -: 3250:            __size_ += __n;
        -: 3251:        }
        -: 3252:        else
        -: 3253:        {
        -: 3254:            vector __v(__alloc());
        -: 3255:            __v.reserve(__recommend(__size_ + __n));
        -: 3256:            __v.__size_ = __size_ + __n;
        -: 3257:            __r = _VSTD::copy(cbegin(), cend(), __v.begin());
        -: 3258:            swap(__v);
        -: 3259:        }
        -: 3260:        _VSTD::fill_n(__r, __n, __x);
        -: 3261:    }
        -: 3262:    else
        -: 3263:        __size_ = __sz;
        -: 3264:}
        -: 3265:
        -: 3266:template <class _Allocator>
        -: 3267:void
        -: 3268:vector<bool, _Allocator>::flip() _NOEXCEPT
        -: 3269:{
        -: 3270:    // do middle whole words
        -: 3271:    size_type __n = __size_;
        -: 3272:    __storage_pointer __p = __begin_;
        -: 3273:    for (; __n >= __bits_per_word; ++__p, __n -= __bits_per_word)
        -: 3274:        *__p = ~*__p;
        -: 3275:    // do last partial word
        -: 3276:    if (__n > 0)
        -: 3277:    {
        -: 3278:        __storage_type __m = ~__storage_type(0) >> (__bits_per_word - __n);
        -: 3279:        __storage_type __b = *__p & __m;
        -: 3280:        *__p &= ~__m;
        -: 3281:        *__p |= ~__b & __m;
        -: 3282:    }
        -: 3283:}
        -: 3284:
        -: 3285:template <class _Allocator>
        -: 3286:bool
        -: 3287:vector<bool, _Allocator>::__invariants() const
        -: 3288:{
        -: 3289:    if (this->__begin_ == nullptr)
        -: 3290:    {
        -: 3291:        if (this->__size_ != 0 || this->__cap() != 0)
        -: 3292:            return false;
        -: 3293:    }
        -: 3294:    else
        -: 3295:    {
        -: 3296:        if (this->__cap() == 0)
        -: 3297:            return false;
        -: 3298:        if (this->__size_ > this->capacity())
        -: 3299:            return false;
        -: 3300:    }
        -: 3301:    return true;
        -: 3302:}
        -: 3303:
        -: 3304:template <class _Allocator>
        -: 3305:size_t
        -: 3306:vector<bool, _Allocator>::__hash_code() const _NOEXCEPT
        -: 3307:{
        -: 3308:    size_t __h = 0;
        -: 3309:    // do middle whole words
        -: 3310:    size_type __n = __size_;
        -: 3311:    __storage_pointer __p = __begin_;
        -: 3312:    for (; __n >= __bits_per_word; ++__p, __n -= __bits_per_word)
        -: 3313:        __h ^= *__p;
        -: 3314:    // do last partial word
        -: 3315:    if (__n > 0)
        -: 3316:    {
        -: 3317:        const __storage_type __m = ~__storage_type(0) >> (__bits_per_word - __n);
        -: 3318:        __h ^= *__p & __m;
        -: 3319:    }
        -: 3320:    return __h;
        -: 3321:}
        -: 3322:
        -: 3323:template <class _Allocator>
        -: 3324:struct _LIBCPP_TEMPLATE_VIS hash<vector<bool, _Allocator> >
        -: 3325:    : public unary_function<vector<bool, _Allocator>, size_t>
        -: 3326:{
        -: 3327:    _LIBCPP_INLINE_VISIBILITY
        -: 3328:    size_t operator()(const vector<bool, _Allocator>& __vec) const _NOEXCEPT
        -: 3329:        {return __vec.__hash_code();}
        -: 3330:};
        -: 3331:
        -: 3332:template <class _Tp, class _Allocator>
        -: 3333:inline _LIBCPP_INLINE_VISIBILITY
        -: 3334:bool
function _ZNSt3__1eqINS_4pairINS_6vectorIiNS_9allocatorIiEEEES5_EENS3_IS6_EEEEbRKNS2_IT_T0_EESC_ called 0 returned 0% blocks executed 0%
function _ZNSt3__1eqIiNS_9allocatorIiEEEEbRKNS_6vectorIT_T0_EES8_ called 0 returned 0% blocks executed 0%
    #####: 3335:operator==(const vector<_Tp, _Allocator>& __x, const vector<_Tp, _Allocator>& __y)
    $$$$$: 3335-block  0
    $$$$$: 3335-block  1
        -: 3336:{
    #####: 3337:    const typename vector<_Tp, _Allocator>::size_type __sz = __x.size();
    #####: 3338:    return __sz == __y.size() && _VSTD::equal(__x.begin(), __x.end(), __y.begin());
    $$$$$: 3338-block  0
branch  0 never executed
branch  1 never executed
    $$$$$: 3338-block  1
    $$$$$: 3338-block  2
    $$$$$: 3338-block  3
branch  2 never executed
branch  3 never executed
    $$$$$: 3338-block  4
    $$$$$: 3338-block  5
        -: 3339:}
        -: 3340:
        -: 3341:template <class _Tp, class _Allocator>
        -: 3342:inline _LIBCPP_INLINE_VISIBILITY
        -: 3343:bool
        -: 3344:operator!=(const vector<_Tp, _Allocator>& __x, const vector<_Tp, _Allocator>& __y)
        -: 3345:{
        -: 3346:    return !(__x == __y);
        -: 3347:}
        -: 3348:
        -: 3349:template <class _Tp, class _Allocator>
        -: 3350:inline _LIBCPP_INLINE_VISIBILITY
        -: 3351:bool
function _ZNSt3__1ltIiNS_9allocatorIiEEEEbRKNS_6vectorIT_T0_EES8_ called 0 returned 0% blocks executed 0%
    #####: 3352:operator< (const vector<_Tp, _Allocator>& __x, const vector<_Tp, _Allocator>& __y)
    $$$$$: 3352-block  0
        -: 3353:{
    #####: 3354:    return _VSTD::lexicographical_compare(__x.begin(), __x.end(), __y.begin(), __y.end());
    $$$$$: 3354-block  0
        -: 3355:}
        -: 3356:
        -: 3357:template <class _Tp, class _Allocator>
        -: 3358:inline _LIBCPP_INLINE_VISIBILITY
        -: 3359:bool
        -: 3360:operator> (const vector<_Tp, _Allocator>& __x, const vector<_Tp, _Allocator>& __y)
        -: 3361:{
        -: 3362:    return __y < __x;
        -: 3363:}
        -: 3364:
        -: 3365:template <class _Tp, class _Allocator>
        -: 3366:inline _LIBCPP_INLINE_VISIBILITY
        -: 3367:bool
        -: 3368:operator>=(const vector<_Tp, _Allocator>& __x, const vector<_Tp, _Allocator>& __y)
        -: 3369:{
        -: 3370:    return !(__x < __y);
        -: 3371:}
        -: 3372:
        -: 3373:template <class _Tp, class _Allocator>
        -: 3374:inline _LIBCPP_INLINE_VISIBILITY
        -: 3375:bool
        -: 3376:operator<=(const vector<_Tp, _Allocator>& __x, const vector<_Tp, _Allocator>& __y)
        -: 3377:{
        -: 3378:    return !(__y < __x);
        -: 3379:}
        -: 3380:
        -: 3381:template <class _Tp, class _Allocator>
        -: 3382:inline _LIBCPP_INLINE_VISIBILITY
        -: 3383:void
function _ZNSt3__1L4swapIiNS_9allocatorIiEEEEvRNS_6vectorIT_T0_EES7_ called 0 returned 0% blocks executed 0%
    #####: 3384:swap(vector<_Tp, _Allocator>& __x, vector<_Tp, _Allocator>& __y)
    $$$$$: 3384-block  0
        -: 3385:    _NOEXCEPT_(_NOEXCEPT_(__x.swap(__y)))
        -: 3386:{
    #####: 3387:    __x.swap(__y);
    #####: 3388:}
    $$$$$: 3388-block  0
        -: 3389:
        -: 3390:#if _LIBCPP_STD_VER > 17
        -: 3391:template <class _Tp, class _Allocator, class _Up>
        -: 3392:inline _LIBCPP_INLINE_VISIBILITY
        -: 3393:void erase(vector<_Tp, _Allocator>& __c, const _Up& __v)
        -: 3394:{ __c.erase(_VSTD::remove(__c.begin(), __c.end(), __v), __c.end()); }
        -: 3395:
        -: 3396:template <class _Tp, class _Allocator, class _Predicate>
        -: 3397:inline _LIBCPP_INLINE_VISIBILITY
        -: 3398:void erase_if(vector<_Tp, _Allocator>& __c, _Predicate __pred)
        -: 3399:{ __c.erase(_VSTD::remove_if(__c.begin(), __c.end(), __pred), __c.end()); }
        -: 3400:#endif
        -: 3401:
        -: 3402:_LIBCPP_END_NAMESPACE_STD
        -: 3403:
        -: 3404:_LIBCPP_POP_MACROS
        -: 3405:
        -: 3406:#endif  // _LIBCPP_VECTOR
