        -:    0:Source:/Users/delficomerso/template-alumnos 2/main.cpp
        -:    0:Graph:/Users/delficomerso/template-alumnos 2/cmake-build-debug/CMakeFiles/tpi.dir/main.gcno
        -:    0:Data:/Users/delficomerso/template-alumnos 2/cmake-build-debug/CMakeFiles/tpi.dir/main.gcda
        -:    0:Runs:1
        -:    0:Programs:1
        -:    1:#include <iostream>
        -:    2:#include "gtest/gtest.h"
        -:    3:
function main called 1 returned 100% blocks executed 100%
        1:    4:int main(int argc, char **argv) {
        1:    4-block  0
        1:    5:    std::cout << "Implementando TPI!!" << std::endl;
        1:    6:    testing::InitGoogleTest(&argc, argv);
        1:    7:    return RUN_ALL_TESTS();
        1:    7-block  0
        -:    8:}
