        -:    0:Source:/Users/delficomerso/template-alumnos 2/test/muestraHomogeneaTEST.cpp
        -:    0:Graph:/Users/delficomerso/template-alumnos 2/cmake-build-debug/CMakeFiles/tpi.dir/test/muestraHomogeneaTEST.gcno
        -:    0:Data:/Users/delficomerso/template-alumnos 2/cmake-build-debug/CMakeFiles/tpi.dir/test/muestraHomogeneaTEST.gcda
        -:    0:Runs:1
        -:    0:Programs:1
        -:    1:#include "../definiciones.h"
        -:    2:#include "../Funciones_TPI.h"
        -:    3:#include "../ejercicios.h"
        -:    4:#include "../auxiliares.h"
        -:    5:#include "gtest/gtest.h"
        -:    6:#include <iostream>
        -:    7:#include <string>
        -:    8:
        -:    9:using namespace std;
        -:   10:
function __cxx_global_var_init called 1 returned 100% blocks executed 53%
function _ZN40muestraHomogeneaTEST_unaSolucionDe4_Test8TestBodyEv called 0 returned 0% blocks executed 0%
function _ZN40muestraHomogeneaTEST_unaSolucionDe4_TestD1Ev called 0 returned 0% blocks executed 0%
function _ZN40muestraHomogeneaTEST_unaSolucionDe4_TestD0Ev called 0 returned 0% blocks executed 0%
function _ZN40muestraHomogeneaTEST_unaSolucionDe4_TestC1Ev called 0 returned 0% blocks executed 0%
function _ZN40muestraHomogeneaTEST_unaSolucionDe4_TestC2Ev called 0 returned 0% blocks executed 0%
function _ZN40muestraHomogeneaTEST_unaSolucionDe4_TestD2Ev called 0 returned 0% blocks executed 0%
        1:   11:TEST(muestraHomogeneaTEST, unaSolucionDe4) {
        1:   11-block  0
        1:   11-block  1
branch  0 taken 1
branch  1 taken 0
        1:   11-block  2
branch  2 taken 1
branch  3 taken 0
        1:   11-block  3
branch  4 taken 1
branch  5 taken 0
        1:   11-block  4
branch  6 taken 1
branch  7 taken 0
        1:   11-block  5
branch  8 taken 1
branch  9 taken 0
        1:   11-block  6
    $$$$$:   11-block  7
    $$$$$:   11-block  8
    $$$$$:   11-block  9
    $$$$$:   11-block 10
    $$$$$:   11-block 11
    $$$$$:   11-block 12
    $$$$$:   11-block 13
    $$$$$:   11-block 14
    $$$$$:   11-block 15
    $$$$$:   11-block 16
    $$$$$:   11-block 17
    $$$$$:   11-block 18
    $$$$$:   11-block 19
    $$$$$:   11-block 20
    #####:   12:    vector <hogar> esperado = {{2354, 2018, 1, 1, 2, 1, 1, 1, 1, 2, 1, 1},
    $$$$$:   12-block  0
branch  0 never executed
branch  1 never executed
    $$$$$:   12-block  1
branch  2 never executed
branch  3 never executed
    $$$$$:   12-block  2
    $$$$$:   12-block  3
branch  4 never executed
branch  5 never executed
    $$$$$:   12-block  4
branch  6 never executed
branch  7 never executed
    $$$$$:   12-block  5
branch  8 never executed
branch  9 never executed
    $$$$$:   12-block  6
    $$$$$:   12-block  7
    $$$$$:   12-block  8
branch 10 never executed
branch 11 never executed
    $$$$$:   12-block  9
    $$$$$:   12-block 10
    #####:   13:                          {1,    2018, 1, 1, 2, 1, 1, 1, 1, 2, 1, 1},
    $$$$$:   13-block  0
branch  0 never executed
branch  1 never executed
    #####:   14:                          {4377, 2018, 1, 1, 2, 1, 1, 1, 1, 2, 1, 1},
    $$$$$:   14-block  0
branch  0 never executed
branch  1 never executed
    #####:   15:                          {340,  2018, 1, 1, 1, 1, 1, 1, 1, 2, 1, 1}};
    $$$$$:   15-block  0
branch  0 never executed
branch  1 never executed
    #####:   16:    eph_h th = {
    $$$$$:   16-block  0
branch  0 never executed
branch  1 never executed
    $$$$$:   16-block  1
    $$$$$:   16-block  2
branch  2 never executed
branch  3 never executed
    $$$$$:   16-block  3
branch  4 never executed
branch  5 never executed
    $$$$$:   16-block  4
branch  6 never executed
branch  7 never executed
    $$$$$:   16-block  5
    $$$$$:   16-block  6
    $$$$$:   16-block  7
branch  8 never executed
branch  9 never executed
    $$$$$:   16-block  8
    #####:   17:            {960,  2018, 1, 1, 1, 1, 1, 1, 1, 2, 1, 1},
    $$$$$:   17-block  0
branch  0 never executed
branch  1 never executed
    #####:   18:            {340,  2018, 1, 1, 1, 1, 1, 1, 1, 2, 1, 1},
    $$$$$:   18-block  0
branch  0 never executed
branch  1 never executed
    #####:   19:            {1009, 2018, 1, 1, 2, 1, 1, 1, 1, 2, 1, 1},
    $$$$$:   19-block  0
branch  0 never executed
branch  1 never executed
    #####:   20:            {210,  2018, 1, 1, 2, 1, 1, 1, 1, 2, 1, 1},
    $$$$$:   20-block  0
branch  0 never executed
branch  1 never executed
    #####:   21:            {4377, 2018, 1, 1, 2, 1, 1, 1, 1, 2, 1, 1},
    $$$$$:   21-block  0
branch  0 never executed
branch  1 never executed
    #####:   22:            {200,  2018, 1, 1, 2, 1, 1, 1, 1, 2, 1, 1},
    $$$$$:   22-block  0
branch  0 never executed
branch  1 never executed
    #####:   23:            {334,  2018, 1, 1, 2, 1, 1, 1, 1, 2, 1, 1},
    $$$$$:   23-block  0
branch  0 never executed
branch  1 never executed
    #####:   24:            {543,  2018, 1, 1, 2, 1, 1, 1, 1, 2, 1, 1},
    $$$$$:   24-block  0
branch  0 never executed
branch  1 never executed
    #####:   25:            {2354, 2018, 1, 1, 2, 1, 1, 1, 1, 2, 1, 1},
    $$$$$:   25-block  0
branch  0 never executed
branch  1 never executed
    #####:   26:            {1,    2018, 1, 1, 2, 1, 1, 1, 1, 2, 1, 1},
    $$$$$:   26-block  0
branch  0 never executed
branch  1 never executed
        -:   27:    };
        -:   28:
    #####:   29:    eph_i ti = {{543,   2018, 1, 1, 1, 1, 36, 1,  3, 1, 1}, // 1
    $$$$$:   29-block  0
branch  0 never executed
branch  1 never executed
    $$$$$:   29-block  1
branch  2 never executed
branch  3 never executed
    $$$$$:   29-block  2
    $$$$$:   29-block  3
branch  4 never executed
branch  5 never executed
    $$$$$:   29-block  4
branch  6 never executed
branch  7 never executed
    $$$$$:   29-block  5
branch  8 never executed
branch  9 never executed
    $$$$$:   29-block  6
    $$$$$:   29-block  7
    $$$$$:   29-block  8
branch 10 never executed
branch 11 never executed
    $$$$$:   29-block  9
    #####:   30:                {334,   2018, 1, 1, 1, 1, 36, 1,  3, 90, 1},
    $$$$$:   30-block  0
branch  0 never executed
branch  1 never executed
    #####:   31:                {340,   2018, 1, 1, 1, 1, 36, 1,  3, 30, 1}, // 35
    $$$$$:   31-block  0
branch  0 never executed
branch  1 never executed
    #####:   32:                {340,   2018, 3, 1, 1, 1, 36, 1,  3, 5, 1},
    $$$$$:   32-block  0
branch  0 never executed
branch  1 never executed
    #####:   33:                {334,   2018, 2, 1, 1, 1, 31, 1,  3, 90, 1},
    $$$$$:   33-block  0
branch  0 never executed
branch  1 never executed
    #####:   34:                {1009,  2018, 1, 1, 1, 2, 36, 1,  3, 26, 1}, // 26
    $$$$$:   34-block  0
branch  0 never executed
branch  1 never executed
    #####:   35:                {210,   2018, 1, 1, 1, 1, 36, 1,  1, 25, 1}, // 27
    $$$$$:   35-block  0
branch  0 never executed
branch  1 never executed
    #####:   36:                {210,   2018, 2, 1, 1, 1, 36, 1,  3, 2, 1},
    $$$$$:   36-block  0
branch  0 never executed
branch  1 never executed
    #####:   37:                {1,     2018, 1, 1, 1, 2, 5,  1,  2, 25, 1},  // 25
    $$$$$:   37-block  0
branch  0 never executed
branch  1 never executed
    #####:   38:                {4377,  2018, 1, 1, 1, 1, 36, 1,  3, 15, 1}, // 30
    $$$$$:   38-block  0
branch  0 never executed
branch  1 never executed
    #####:   39:                {4377,  2018, 3, 1, 1, 1, 7,  1,  3, 15, 1},
    $$$$$:   39-block  0
branch  0 never executed
branch  1 never executed
    #####:   40:                {2354,  2018, 1, 1, 1, 2, 36, 1,  3, 20, 1}, // 20
    $$$$$:   40-block  0
branch  0 never executed
branch  1 never executed
    #####:   41:                {200,   2018, 2, 1, 1, 1, 36, 1,  3, 0, 1}, // 0
    $$$$$:   41-block  0
branch  0 never executed
branch  1 never executed
    #####:   42:                {960,   2018, 3, 1, 1, 2, 51, 1,  4, 0,  1}, // 0
    $$$$$:   42-block  0
branch  0 never executed
branch  1 never executed
    #####:   43:                {960,   2018, 2, 1, 1, 2, 51, 1,  4, 0,  1},
    $$$$$:   43-block  0
branch  0 never executed
branch  1 never executed
    #####:   44:                {960,   2018, 1, 1, 1, 2, 51, 1,  4, 0,  1}
    $$$$$:   44-block  0
branch  0 never executed
branch  1 never executed
        -:   45:    };
    #####:   46:    EXPECT_TRUE(esEncuestaValida(th, ti));
    $$$$$:   46-block  0
branch  0 never executed
branch  1 never executed
    $$$$$:   46-block  1
branch  2 never executed
branch  3 never executed
    $$$$$:   46-block  2
branch  4 never executed
branch  5 never executed
    $$$$$:   46-block  3
branch  6 never executed
branch  7 never executed
    $$$$$:   46-block  4
branch  8 never executed
branch  9 never executed
    $$$$$:   46-block  5
branch 10 never executed
branch 11 never executed
    $$$$$:   46-block  6
    $$$$$:   46-block  7
    $$$$$:   46-block  8
    $$$$$:   46-block  9
branch 12 never executed
branch 13 never executed
    $$$$$:   46-block 10
branch 14 never executed
branch 15 never executed
    $$$$$:   46-block 11
branch 16 never executed
branch 17 never executed
    $$$$$:   46-block 12
branch 18 never executed
branch 19 never executed
    $$$$$:   46-block 13
    $$$$$:   46-block 14
    $$$$$:   46-block 15
    $$$$$:   46-block 16
    $$$$$:   46-block 17
        -:   47:
    #####:   48:    vector <hogar> res = muestraHomogenea(th,ti);
    $$$$$:   48-block  0
branch  0 never executed
branch  1 never executed
        -:   49:
        -:   50:    // uso sort para independizar el orden
    #####:   51:    sort(esperado.begin(),esperado.end());
    $$$$$:   51-block  0
branch  0 never executed
branch  1 never executed
    #####:   52:    sort(res.begin(), res.end());
    $$$$$:   52-block  0
branch  0 never executed
branch  1 never executed
        -:   53:
    #####:   54:    EXPECT_EQ(res,esperado);
    $$$$$:   54-block  0
branch  0 never executed
branch  1 never executed
    $$$$$:   54-block  1
branch  2 never executed
branch  3 never executed
    $$$$$:   54-block  2
branch  4 never executed
branch  5 never executed
    $$$$$:   54-block  3
    $$$$$:   54-block  4
branch  6 never executed
branch  7 never executed
    $$$$$:   54-block  5
branch  8 never executed
branch  9 never executed
    $$$$$:   54-block  6
branch 10 never executed
branch 11 never executed
    $$$$$:   54-block  7
branch 12 never executed
branch 13 never executed
    $$$$$:   54-block  8
    $$$$$:   54-block  9
    $$$$$:   54-block 10
    $$$$$:   54-block 11
    #####:   55:}
    $$$$$:   55-block  0
    $$$$$:   55-block  1
    $$$$$:   55-block  2
    $$$$$:   55-block  3
    $$$$$:   55-block  4
    $$$$$:   55-block  5
    $$$$$:   55-block  6
    $$$$$:   55-block  7
    $$$$$:   55-block  8
    $$$$$:   55-block  9
    $$$$$:   55-block 10
    $$$$$:   55-block 11
    $$$$$:   55-block 12
        -:   56:
        -:   57:
function __cxx_global_var_init.37 called 1 returned 100% blocks executed 53%
function _ZN42muestraHomogeneaTEST_dosSolucionesDe3_Test8TestBodyEv called 1 returned 100% blocks executed 53%
function _ZN42muestraHomogeneaTEST_dosSolucionesDe3_TestD1Ev called 1 returned 100% blocks executed 100%
function _ZN42muestraHomogeneaTEST_dosSolucionesDe3_TestD0Ev called 1 returned 100% blocks executed 100%
function _ZN42muestraHomogeneaTEST_dosSolucionesDe3_TestC1Ev called 1 returned 100% blocks executed 100%
function _ZN42muestraHomogeneaTEST_dosSolucionesDe3_TestC2Ev called 1 returned 100% blocks executed 100%
function _ZN42muestraHomogeneaTEST_dosSolucionesDe3_TestD2Ev called 1 returned 100% blocks executed 100%
        7:   58:TEST(muestraHomogeneaTEST, dosSolucionesDe3) {
        1:   58-block  0
        1:   58-block  1
branch  0 taken 1
branch  1 taken 0
        1:   58-block  2
branch  2 taken 1
branch  3 taken 0
        1:   58-block  3
branch  4 taken 1
branch  5 taken 0
        1:   58-block  4
branch  6 taken 1
branch  7 taken 0
        1:   58-block  5
branch  8 taken 1
branch  9 taken 0
        1:   58-block  6
    $$$$$:   58-block  7
    $$$$$:   58-block  8
    $$$$$:   58-block  9
    $$$$$:   58-block 10
    $$$$$:   58-block 11
    $$$$$:   58-block 12
        1:   58-block 13
        1:   58-block 14
        1:   58-block 15
        1:   58-block 16
        1:   58-block 17
        1:   58-block 18
        1:   58-block 19
        1:   58-block 20
        3:   59:    vector <hogar> res1 = {{1,    2018, 1, 1, 2, 1, 1, 1, 1, 2,1,1},
        1:   59-block  0
branch  0 taken 1
branch  1 taken 0
        1:   59-block  1
branch  2 taken 1
branch  3 taken 0
        1:   59-block  2
        3:   59-block  3
branch  4 taken 2
branch  5 taken 1
    $$$$$:   59-block  4
branch  6 never executed
branch  7 never executed
    $$$$$:   59-block  5
branch  8 never executed
branch  9 never executed
    $$$$$:   59-block  6
    $$$$$:   59-block  7
    $$$$$:   59-block  8
branch 10 never executed
branch 11 never executed
    $$$$$:   59-block  9
    $$$$$:   59-block 10
        1:   60:                           {210,  2018, 1, 1, 2, 1, 1, 1, 1, 2,1,1},
        1:   60-block  0
branch  0 taken 1
branch  1 taken 0
        1:   61:                           {340,  2018, 1, 1, 1, 1, 1, 1, 1, 2,1,1}};
        1:   61-block  0
branch  0 taken 1
branch  1 taken 0
        -:   62:
        3:   63:    vector <hogar> res2 = {{1,    2018, 1, 1, 2, 1, 1, 1, 1, 2,1,1},
        1:   63-block  0
branch  0 taken 1
branch  1 taken 0
        1:   63-block  1
branch  2 taken 1
branch  3 taken 0
        1:   63-block  2
        3:   63-block  3
branch  4 taken 2
branch  5 taken 1
    $$$$$:   63-block  4
branch  6 never executed
branch  7 never executed
    $$$$$:   63-block  5
branch  8 never executed
branch  9 never executed
    $$$$$:   63-block  6
    $$$$$:   63-block  7
    $$$$$:   63-block  8
branch 10 never executed
branch 11 never executed
    $$$$$:   63-block  9
        1:   64:                           {210,  2018, 1, 1, 2, 1, 1, 1, 1, 2,1,1},
        1:   64-block  0
branch  0 taken 1
branch  1 taken 0
        1:   65:                           {4377, 2018, 1, 1, 2, 1, 1, 1, 1, 2,1,1}};
        1:   65-block  0
branch  0 taken 1
branch  1 taken 0
        -:   66:
       11:   67:    eph_h th = {
        1:   67-block  0
branch  0 taken 1
branch  1 taken 0
        1:   67-block  1
       11:   67-block  2
branch  2 taken 10
branch  3 taken 1
    $$$$$:   67-block  3
branch  4 never executed
branch  5 never executed
    $$$$$:   67-block  4
branch  6 never executed
branch  7 never executed
    $$$$$:   67-block  5
    $$$$$:   67-block  6
    $$$$$:   67-block  7
branch  8 never executed
branch  9 never executed
    $$$$$:   67-block  8
        1:   68:            {960,  2018, 1, 1, 1, 1, 1, 1, 1, 2,1,1},
        1:   68-block  0
branch  0 taken 1
branch  1 taken 0
        1:   69:            {340,  2018, 1, 1, 1, 1, 1, 1, 1, 2,1,1},
        1:   69-block  0
branch  0 taken 1
branch  1 taken 0
        1:   70:            {1009, 2018, 1, 1, 2, 1, 1, 1, 1, 2,1,1},
        1:   70-block  0
branch  0 taken 1
branch  1 taken 0
        1:   71:            {210,  2018, 1, 1, 2, 1, 1, 1, 1, 2,1,1},
        1:   71-block  0
branch  0 taken 1
branch  1 taken 0
        1:   72:            {4377, 2018, 1, 1, 2, 1, 1, 1, 1, 2,1,1},
        1:   72-block  0
branch  0 taken 1
branch  1 taken 0
        1:   73:            {200,  2018, 1, 1, 2, 1, 1, 1, 1, 2,1,1},
        1:   73-block  0
branch  0 taken 1
branch  1 taken 0
        1:   74:            {334,  2018, 1, 1, 2, 1, 1, 1, 1, 2,1,1},
        1:   74-block  0
branch  0 taken 1
branch  1 taken 0
        1:   75:            {543,  2018, 1, 1, 2, 1, 1, 1, 1, 2,1,1},
        1:   75-block  0
branch  0 taken 1
branch  1 taken 0
        1:   76:            {2354, 2018, 1, 1, 2, 1, 1, 1, 1, 2,1,1},
        1:   76-block  0
branch  0 taken 1
branch  1 taken 0
        1:   77:            {1,    2018, 1, 1, 2, 1, 1, 1, 1, 2,1,1},
        1:   77-block  0
branch  0 taken 1
branch  1 taken 0
        1:   78:            {800,  2018, 1, 1, 2, 1, 1, 1, 1, 2,1,1},
        1:   78-block  0
branch  0 taken 1
branch  1 taken 0
        -:   79:    };
        -:   80:
       17:   81:    eph_i ti = {{543,  2018, 1, 1, 1, 1, 36, 1,  3, 1,  1}, // 1
        1:   81-block  0
branch  0 taken 1
branch  1 taken 0
        1:   81-block  1
branch  2 taken 1
branch  3 taken 0
        1:   81-block  2
       17:   81-block  3
branch  4 taken 16
branch  5 taken 1
    $$$$$:   81-block  4
branch  6 never executed
branch  7 never executed
    $$$$$:   81-block  5
branch  8 never executed
branch  9 never executed
    $$$$$:   81-block  6
    $$$$$:   81-block  7
    $$$$$:   81-block  8
branch 10 never executed
branch 11 never executed
    $$$$$:   81-block  9
        1:   82:                {334,  2018, 1, 1, 1, 1, 36, 1,  3, 1,  1}, // 3
        1:   82-block  0
branch  0 taken 1
branch  1 taken 0
        1:   83:                {334,  2018, 2, 1, 1, 1, 36, 1,  3, 2,  1},
        1:   83-block  0
branch  0 taken 1
branch  1 taken 0
        1:   84:                {340,  2018, 1, 1, 1, 1, 36, 1,  3, 30,  1},  // 30
        1:   84-block  0
branch  0 taken 1
branch  1 taken 0
        1:   85:                {340,  2018, 3, 1, 1, 1, 36, 1,  3, 0,  1},
        1:   85-block  0
branch  0 taken 1
branch  1 taken 0
        1:   86:                {1009, 2018, 1, 1, 1, 1, 36, 1,  3, 26,  1}, // 26
        1:   86-block  0
branch  0 taken 1
branch  1 taken 0
        1:   87:                {210,  2018, 1, 1, 1, 1, 36, 1,  3, 25,  1}, // 27
        1:   87-block  0
branch  0 taken 1
branch  1 taken 0
        1:   88:                {210,  2018, 2, 1, 1, 1, 36, 1,  3, 2,  1},
        1:   88-block  0
branch  0 taken 1
branch  1 taken 0
        1:   89:                {1,    2018, 1, 1, 1, 1, 36, 1,  3, 24,  1}, // 24
        1:   89-block  0
branch  0 taken 1
branch  1 taken 0
        1:   90:                {4377, 2018, 1, 1, 1, 1, 36, 1,  3, 15,  1}, // 30
        1:   90-block  0
branch  0 taken 1
branch  1 taken 0
        1:   91:                {4377, 2018, 3, 1, 1, 1, 36, 1,  3, 15,  1},
        1:   91-block  0
branch  0 taken 1
branch  1 taken 0
        1:   92:                {2354, 2018, 1, 1, 1, 1, 36, 1,  3, 20,  1}, // 20
        1:   92-block  0
branch  0 taken 1
branch  1 taken 0
        1:   93:                {800,  2018, 2, 1, 1, 1, 36, 1,  3, 0,  1}, // 0
        1:   93-block  0
branch  0 taken 1
branch  1 taken 0
        1:   94:                {200,  2018, 2, 1, 1, 1, 36, 1,  3, 0,  1}, // 0
        1:   94-block  0
branch  0 taken 1
branch  1 taken 0
        1:   95:                {960,  2018, 3, 1, 1, 2, 51, 1,  4, 0,   1}, // 0
        1:   95-block  0
branch  0 taken 1
branch  1 taken 0
        1:   96:                {960,  2018, 2, 1, 1, 2, 51, 1,  4, 0,   1},
        1:   96-block  0
branch  0 taken 1
branch  1 taken 0
        1:   97:                {960,  2018, 1, 1, 1, 2, 51, 1,  4, 0,   1}};
        1:   97-block  0
branch  0 taken 1
branch  1 taken 0
        1:   98:    EXPECT_TRUE(esEncuestaValida(th, ti));
        1:   98-block  0
branch  0 taken 1
branch  1 taken 0
        1:   98-block  1
branch  2 taken 1
branch  3 taken 0
        1:   98-block  2
branch  4 taken 1
branch  5 taken 0
        1:   98-block  3
branch  6 taken 1
branch  7 taken 0
        1:   98-block  4
branch  8 taken 1
branch  9 taken 0
        1:   98-block  5
branch 10 taken 1
branch 11 taken 0
        1:   98-block  6
    $$$$$:   98-block  7
    $$$$$:   98-block  8
    $$$$$:   98-block  9
branch 12 never executed
branch 13 never executed
    $$$$$:   98-block 10
branch 14 never executed
branch 15 never executed
    $$$$$:   98-block 11
branch 16 never executed
branch 17 never executed
    $$$$$:   98-block 12
branch 18 never executed
branch 19 never executed
    $$$$$:   98-block 13
    $$$$$:   98-block 14
    $$$$$:   98-block 15
    $$$$$:   98-block 16
    $$$$$:   98-block 17
        -:   99:
        1:  100:    vector <hogar> propuesto = muestraHomogenea(th,ti);
        1:  100-block  0
branch  0 taken 0
branch  1 taken 1
        -:  101:
        -:  102:    // uso del sort para independizar el orden
        1:  103:    sort(propuesto.begin(), propuesto.end());
        1:  103-block  0
branch  0 taken 1
branch  1 taken 0
        1:  104:    sort(res1.begin(), res1.end());
        1:  104-block  0
branch  0 taken 1
branch  1 taken 0
        1:  105:    sort(res2.begin(), res2.end());
        1:  105-block  0
branch  0 taken 1
branch  1 taken 0
        -:  106:
        1:  107:    bool esperado = res1 == propuesto || res2 == propuesto;
        1:  107-block  0
branch  0 taken 1
branch  1 taken 0
        1:  107-block  1
branch  2 taken 1
branch  3 taken 0
        1:  107-block  2
branch  4 taken 1
branch  5 taken 0
        1:  107-block  3
        1:  108:    EXPECT_TRUE(esperado);
        1:  108-block  0
branch  0 taken 1
branch  1 taken 0
        1:  108-block  1
branch  2 taken 1
branch  3 taken 0
        1:  108-block  2
branch  4 taken 1
branch  5 taken 0
        1:  108-block  3
    $$$$$:  108-block  4
branch  6 never executed
branch  7 never executed
    $$$$$:  108-block  5
branch  8 never executed
branch  9 never executed
    $$$$$:  108-block  6
branch 10 never executed
branch 11 never executed
    $$$$$:  108-block  7
branch 12 never executed
branch 13 never executed
    $$$$$:  108-block  8
    $$$$$:  108-block  9
    $$$$$:  108-block 10
    $$$$$:  108-block 11
    $$$$$:  108-block 12
        1:  109:}
    $$$$$:  109-block  0
    $$$$$:  109-block  1
    $$$$$:  109-block  2
    $$$$$:  109-block  3
    $$$$$:  109-block  4
    $$$$$:  109-block  5
    $$$$$:  109-block  6
    $$$$$:  109-block  7
    $$$$$:  109-block  8
        1:  109-block  9
    $$$$$:  109-block 10
    $$$$$:  109-block 11
    $$$$$:  109-block 12
    $$$$$:  109-block 13
    $$$$$:  109-block 14
